27-Jun-2023 09:14:29.807 情報 [main] org.apache.catalina.startup.VersionLoggerListener.log Server version:        Apache Tomcat/8.5.11
27-Jun-2023 09:14:29.823 情報 [main] org.apache.catalina.startup.VersionLoggerListener.log Server built:          Jan 10 2017 21:02:52 UTC
27-Jun-2023 09:14:29.823 情報 [main] org.apache.catalina.startup.VersionLoggerListener.log Server number:         8.5.11.0
27-Jun-2023 09:14:29.823 情報 [main] org.apache.catalina.startup.VersionLoggerListener.log OS Name:               Windows 10
27-Jun-2023 09:14:29.828 情報 [main] org.apache.catalina.startup.VersionLoggerListener.log OS Version:            10.0
27-Jun-2023 09:14:29.828 情報 [main] org.apache.catalina.startup.VersionLoggerListener.log Architecture:          x86
27-Jun-2023 09:14:29.828 情報 [main] org.apache.catalina.startup.VersionLoggerListener.log Java Home:             C:\Program Files (x86)\Java\jdk1.8.0_121\jre
27-Jun-2023 09:14:29.828 情報 [main] org.apache.catalina.startup.VersionLoggerListener.log JVM Version:           1.8.0_121-b13
27-Jun-2023 09:14:29.828 情報 [main] org.apache.catalina.startup.VersionLoggerListener.log JVM Vendor:            Oracle Corporation
27-Jun-2023 09:14:29.828 情報 [main] org.apache.catalina.startup.VersionLoggerListener.log CATALINA_BASE:         C:\Users\220102\Downloads\download\download\work\tomcat
27-Jun-2023 09:14:29.828 情報 [main] org.apache.catalina.startup.VersionLoggerListener.log CATALINA_HOME:         C:\Users\220102\Downloads\download\download\work\tomcat
27-Jun-2023 09:14:29.828 情報 [main] org.apache.catalina.startup.VersionLoggerListener.log Command line argument: -Djava.util.logging.config.file=C:\Users\220102\Downloads\download\download\work\tomcat\conf\logging.properties
27-Jun-2023 09:14:29.828 情報 [main] org.apache.catalina.startup.VersionLoggerListener.log Command line argument: -Djava.util.logging.manager=org.apache.juli.ClassLoaderLogManager
27-Jun-2023 09:14:29.828 情報 [main] org.apache.catalina.startup.VersionLoggerListener.log Command line argument: -Djdk.tls.ephemeralDHKeySize=2048
27-Jun-2023 09:14:29.828 情報 [main] org.apache.catalina.startup.VersionLoggerListener.log Command line argument: -Djava.protocol.handler.pkgs=org.apache.catalina.webresources
27-Jun-2023 09:14:29.828 情報 [main] org.apache.catalina.startup.VersionLoggerListener.log Command line argument: -Dfile.encoding=UTF-8
27-Jun-2023 09:14:29.828 情報 [main] org.apache.catalina.startup.VersionLoggerListener.log Command line argument: -Dcatalina.base=C:\Users\220102\Downloads\download\download\work\tomcat
27-Jun-2023 09:14:29.828 情報 [main] org.apache.catalina.startup.VersionLoggerListener.log Command line argument: -Dcatalina.home=C:\Users\220102\Downloads\download\download\work\tomcat
27-Jun-2023 09:14:29.828 情報 [main] org.apache.catalina.startup.VersionLoggerListener.log Command line argument: -Djava.io.tmpdir=C:\Users\220102\Downloads\download\download\work\tomcat\temp
27-Jun-2023 09:14:29.828 情報 [main] org.apache.catalina.core.AprLifecycleListener.lifecycleEvent The APR based Apache Tomcat Native library which allows optimal performance in production environments was not found on the java.library.path: C:\Program Files (x86)\Java\jdk1.8.0_121\bin;C:\WINDOWS\Sun\Java\bin;C:\WINDOWS\system32;C:\WINDOWS;C:\Program Files (x86)\Java\jdk1.8.0_121\bin;C:\ProgramData\Oracle\Java\javapath;C:\Program Files\Common Files\Oracle\Java\javapath;C:\WINDOWS\system32;C:\WINDOWS;C:\WINDOWS\System32\Wbem;C:\WINDOWS\System32\WindowsPowerShell\v1.0\;C:\WINDOWS\System32\OpenSSH\;C:\Program Files\MySQL\MySQL Workbench 8.0;C:\Users\220102\AppData\Local\Programs\Python\Python311\Scripts\;C:\Users\220102\AppData\Local\Programs\Python\Python311\;C:\Users\220102\AppData\Local\Microsoft\WindowsApps;C:\Users\220102\AppData\Local\Programs\Microsoft VS Code\bin;C:\Users\220102\AppData\Local\Programs\Git\cmd;.
27-Jun-2023 09:14:30.025 情報 [main] org.apache.coyote.AbstractProtocol.init Initializing ProtocolHandler ["http-nio-8080"]
27-Jun-2023 09:14:30.268 情報 [main] org.apache.tomcat.util.net.NioSelectorPool.getSharedSelector Using a shared selector for servlet write/read
27-Jun-2023 09:14:30.268 情報 [main] org.apache.coyote.AbstractProtocol.init Initializing ProtocolHandler ["ajp-nio-8009"]
27-Jun-2023 09:14:30.268 情報 [main] org.apache.tomcat.util.net.NioSelectorPool.getSharedSelector Using a shared selector for servlet write/read
27-Jun-2023 09:14:30.273 情報 [main] org.apache.catalina.startup.Catalina.load Initialization processed in 671 ms
27-Jun-2023 09:14:30.288 情報 [main] org.apache.catalina.core.StandardService.startInternal サービス Catalina を起動します
27-Jun-2023 09:14:30.288 情報 [main] org.apache.catalina.core.StandardEngine.startInternal Starting Servlet Engine: Apache Tomcat/8.5.11
27-Jun-2023 09:14:30.298 情報 [localhost-startStop-1] org.apache.catalina.startup.HostConfig.deployDirectory Webアプリケーションディレクトリ C:\Users\220102\Downloads\download\download\work\tomcat\webapps\book を配備します
27-Jun-2023 09:14:30.763 情報 [localhost-startStop-1] org.apache.catalina.startup.HostConfig.deployDirectory Deployment of web application directory C:\Users\220102\Downloads\download\download\work\tomcat\webapps\book has finished in 465 ms
27-Jun-2023 09:14:30.763 情報 [localhost-startStop-1] org.apache.catalina.startup.HostConfig.deployDirectory Webアプリケーションディレクトリ C:\Users\220102\Downloads\download\download\work\tomcat\webapps\docs を配備します
27-Jun-2023 09:14:30.773 情報 [localhost-startStop-1] org.apache.catalina.startup.HostConfig.deployDirectory Deployment of web application directory C:\Users\220102\Downloads\download\download\work\tomcat\webapps\docs has finished in 10 ms
27-Jun-2023 09:14:30.773 情報 [localhost-startStop-1] org.apache.catalina.startup.HostConfig.deployDirectory Webアプリケーションディレクトリ C:\Users\220102\Downloads\download\download\work\tomcat\webapps\examples を配備します
27-Jun-2023 09:14:31.119 情報 [localhost-startStop-1] org.apache.catalina.startup.HostConfig.deployDirectory Deployment of web application directory C:\Users\220102\Downloads\download\download\work\tomcat\webapps\examples has finished in 346 ms
27-Jun-2023 09:14:31.119 情報 [localhost-startStop-1] org.apache.catalina.startup.HostConfig.deployDirectory Webアプリケーションディレクトリ C:\Users\220102\Downloads\download\download\work\tomcat\webapps\host-manager を配備します
27-Jun-2023 09:14:31.147 情報 [localhost-startStop-1] org.apache.catalina.startup.HostConfig.deployDirectory Deployment of web application directory C:\Users\220102\Downloads\download\download\work\tomcat\webapps\host-manager has finished in 28 ms
27-Jun-2023 09:14:31.147 情報 [localhost-startStop-1] org.apache.catalina.startup.HostConfig.deployDirectory Webアプリケーションディレクトリ C:\Users\220102\Downloads\download\download\work\tomcat\webapps\manager を配備します
27-Jun-2023 09:14:31.167 情報 [localhost-startStop-1] org.apache.catalina.startup.HostConfig.deployDirectory Deployment of web application directory C:\Users\220102\Downloads\download\download\work\tomcat\webapps\manager has finished in 20 ms
27-Jun-2023 09:14:31.167 情報 [localhost-startStop-1] org.apache.catalina.startup.HostConfig.deployDirectory Webアプリケーションディレクトリ C:\Users\220102\Downloads\download\download\work\tomcat\webapps\ROOT を配備します
27-Jun-2023 09:14:31.183 情報 [localhost-startStop-1] org.apache.catalina.startup.HostConfig.deployDirectory Deployment of web application directory C:\Users\220102\Downloads\download\download\work\tomcat\webapps\ROOT has finished in 16 ms
27-Jun-2023 09:14:31.187 情報 [main] org.apache.coyote.AbstractProtocol.start Starting ProtocolHandler [http-nio-8080]
27-Jun-2023 09:14:31.187 情報 [main] org.apache.coyote.AbstractProtocol.start Starting ProtocolHandler [ajp-nio-8009]
27-Jun-2023 09:14:31.193 情報 [main] org.apache.catalina.startup.Catalina.start Server startup in 921 ms
27-Jun-2023 13:23:53.642 情報 [main] org.apache.catalina.core.StandardServer.await A valid shutdown command was received via the shutdown port. Stopping the Server instance.
27-Jun-2023 13:23:53.642 情報 [main] org.apache.coyote.AbstractProtocol.pause Pausing ProtocolHandler ["http-nio-8080"]
27-Jun-2023 13:23:53.904 情報 [main] org.apache.coyote.AbstractProtocol.pause Pausing ProtocolHandler ["ajp-nio-8009"]
27-Jun-2023 13:23:54.142 情報 [main] org.apache.catalina.core.StandardService.stopInternal サービス Catalina を停止します
27-Jun-2023 13:23:54.162 情報 [main] org.apache.coyote.AbstractProtocol.stop Stopping ProtocolHandler ["http-nio-8080"]
27-Jun-2023 13:23:54.162 情報 [main] org.apache.coyote.AbstractProtocol.stop Stopping ProtocolHandler ["ajp-nio-8009"]
27-Jun-2023 13:23:54.162 情報 [main] org.apache.coyote.AbstractProtocol.destroy Destroying ProtocolHandler ["http-nio-8080"]
27-Jun-2023 13:23:54.162 情報 [main] org.apache.coyote.AbstractProtocol.destroy Destroying ProtocolHandler ["ajp-nio-8009"]
27-Jun-2023 13:43:49.879 情報 [main] org.apache.catalina.startup.VersionLoggerListener.log Server version:        Apache Tomcat/8.5.11
27-Jun-2023 13:43:49.881 情報 [main] org.apache.catalina.startup.VersionLoggerListener.log Server built:          Jan 10 2017 21:02:52 UTC
27-Jun-2023 13:43:49.881 情報 [main] org.apache.catalina.startup.VersionLoggerListener.log Server number:         8.5.11.0
27-Jun-2023 13:43:49.882 情報 [main] org.apache.catalina.startup.VersionLoggerListener.log OS Name:               Windows 10
27-Jun-2023 13:43:49.882 情報 [main] org.apache.catalina.startup.VersionLoggerListener.log OS Version:            10.0
27-Jun-2023 13:43:49.882 情報 [main] org.apache.catalina.startup.VersionLoggerListener.log Architecture:          x86
27-Jun-2023 13:43:49.882 情報 [main] org.apache.catalina.startup.VersionLoggerListener.log Java Home:             C:\Program Files (x86)\Java\jdk1.8.0_121\jre
27-Jun-2023 13:43:49.882 情報 [main] org.apache.catalina.startup.VersionLoggerListener.log JVM Version:           1.8.0_121-b13
27-Jun-2023 13:43:49.882 情報 [main] org.apache.catalina.startup.VersionLoggerListener.log JVM Vendor:            Oracle Corporation
27-Jun-2023 13:43:49.882 情報 [main] org.apache.catalina.startup.VersionLoggerListener.log CATALINA_BASE:         C:\Users\220102\Downloads\download\download\work\tomcat
27-Jun-2023 13:43:49.883 情報 [main] org.apache.catalina.startup.VersionLoggerListener.log CATALINA_HOME:         C:\Users\220102\Downloads\download\download\work\tomcat
27-Jun-2023 13:43:49.883 情報 [main] org.apache.catalina.startup.VersionLoggerListener.log Command line argument: -Djava.util.logging.config.file=C:\Users\220102\Downloads\download\download\work\tomcat\conf\logging.properties
27-Jun-2023 13:43:49.883 情報 [main] org.apache.catalina.startup.VersionLoggerListener.log Command line argument: -Djava.util.logging.manager=org.apache.juli.ClassLoaderLogManager
27-Jun-2023 13:43:49.883 情報 [main] org.apache.catalina.startup.VersionLoggerListener.log Command line argument: -Djdk.tls.ephemeralDHKeySize=2048
27-Jun-2023 13:43:49.883 情報 [main] org.apache.catalina.startup.VersionLoggerListener.log Command line argument: -Djava.protocol.handler.pkgs=org.apache.catalina.webresources
27-Jun-2023 13:43:49.884 情報 [main] org.apache.catalina.startup.VersionLoggerListener.log Command line argument: -Dfile.encoding=UTF-8
27-Jun-2023 13:43:49.884 情報 [main] org.apache.catalina.startup.VersionLoggerListener.log Command line argument: -Dcatalina.base=C:\Users\220102\Downloads\download\download\work\tomcat
27-Jun-2023 13:43:49.884 情報 [main] org.apache.catalina.startup.VersionLoggerListener.log Command line argument: -Dcatalina.home=C:\Users\220102\Downloads\download\download\work\tomcat
27-Jun-2023 13:43:49.884 情報 [main] org.apache.catalina.startup.VersionLoggerListener.log Command line argument: -Djava.io.tmpdir=C:\Users\220102\Downloads\download\download\work\tomcat\temp
27-Jun-2023 13:43:49.884 情報 [main] org.apache.catalina.core.AprLifecycleListener.lifecycleEvent The APR based Apache Tomcat Native library which allows optimal performance in production environments was not found on the java.library.path: C:\Program Files (x86)\Java\jdk1.8.0_121\bin;C:\WINDOWS\Sun\Java\bin;C:\WINDOWS\system32;C:\WINDOWS;C:\Program Files (x86)\Java\jdk1.8.0_121\bin;C:\ProgramData\Oracle\Java\javapath;C:\Program Files\Common Files\Oracle\Java\javapath;C:\WINDOWS\system32;C:\WINDOWS;C:\WINDOWS\System32\Wbem;C:\WINDOWS\System32\WindowsPowerShell\v1.0\;C:\WINDOWS\System32\OpenSSH\;C:\Program Files\MySQL\MySQL Workbench 8.0;C:\Users\220102\AppData\Local\Programs\Python\Python311\Scripts\;C:\Users\220102\AppData\Local\Programs\Python\Python311\;C:\Users\220102\AppData\Local\Microsoft\WindowsApps;C:\Users\220102\AppData\Local\Programs\Microsoft VS Code\bin;C:\Users\220102\AppData\Local\Programs\Git\cmd;.
27-Jun-2023 13:43:49.961 情報 [main] org.apache.coyote.AbstractProtocol.init Initializing ProtocolHandler ["http-nio-8080"]
27-Jun-2023 13:43:50.198 情報 [main] org.apache.tomcat.util.net.NioSelectorPool.getSharedSelector Using a shared selector for servlet write/read
27-Jun-2023 13:43:50.199 情報 [main] org.apache.coyote.AbstractProtocol.init Initializing ProtocolHandler ["ajp-nio-8009"]
27-Jun-2023 13:43:50.201 情報 [main] org.apache.tomcat.util.net.NioSelectorPool.getSharedSelector Using a shared selector for servlet write/read
27-Jun-2023 13:43:50.202 情報 [main] org.apache.catalina.startup.Catalina.load Initialization processed in 519 ms
27-Jun-2023 13:43:50.219 情報 [main] org.apache.catalina.core.StandardService.startInternal サービス Catalina を起動します
27-Jun-2023 13:43:50.219 情報 [main] org.apache.catalina.core.StandardEngine.startInternal Starting Servlet Engine: Apache Tomcat/8.5.11
27-Jun-2023 13:43:50.225 情報 [localhost-startStop-1] org.apache.catalina.startup.HostConfig.deployDirectory Webアプリケーションディレクトリ C:\Users\220102\Downloads\download\download\work\tomcat\webapps\book を配備します
27-Jun-2023 13:43:50.688 情報 [localhost-startStop-1] org.apache.catalina.startup.HostConfig.deployDirectory Deployment of web application directory C:\Users\220102\Downloads\download\download\work\tomcat\webapps\book has finished in 463 ms
27-Jun-2023 13:43:50.689 情報 [localhost-startStop-1] org.apache.catalina.startup.HostConfig.deployDirectory Webアプリケーションディレクトリ C:\Users\220102\Downloads\download\download\work\tomcat\webapps\docs を配備します
27-Jun-2023 13:43:50.705 情報 [localhost-startStop-1] org.apache.catalina.startup.HostConfig.deployDirectory Deployment of web application directory C:\Users\220102\Downloads\download\download\work\tomcat\webapps\docs has finished in 16 ms
27-Jun-2023 13:43:50.705 情報 [localhost-startStop-1] org.apache.catalina.startup.HostConfig.deployDirectory Webアプリケーションディレクトリ C:\Users\220102\Downloads\download\download\work\tomcat\webapps\examples を配備します
27-Jun-2023 13:43:51.018 情報 [localhost-startStop-1] org.apache.catalina.startup.HostConfig.deployDirectory Deployment of web application directory C:\Users\220102\Downloads\download\download\work\tomcat\webapps\examples has finished in 313 ms
27-Jun-2023 13:43:51.018 情報 [localhost-startStop-1] org.apache.catalina.startup.HostConfig.deployDirectory Webアプリケーションディレクトリ C:\Users\220102\Downloads\download\download\work\tomcat\webapps\host-manager を配備します
27-Jun-2023 13:43:51.046 情報 [localhost-startStop-1] org.apache.catalina.startup.HostConfig.deployDirectory Deployment of web application directory C:\Users\220102\Downloads\download\download\work\tomcat\webapps\host-manager has finished in 27 ms
27-Jun-2023 13:43:51.046 情報 [localhost-startStop-1] org.apache.catalina.startup.HostConfig.deployDirectory Webアプリケーションディレクトリ C:\Users\220102\Downloads\download\download\work\tomcat\webapps\manager を配備します
27-Jun-2023 13:43:51.066 情報 [localhost-startStop-1] org.apache.catalina.startup.HostConfig.deployDirectory Deployment of web application directory C:\Users\220102\Downloads\download\download\work\tomcat\webapps\manager has finished in 20 ms
27-Jun-2023 13:43:51.066 情報 [localhost-startStop-1] org.apache.catalina.startup.HostConfig.deployDirectory Webアプリケーションディレクトリ C:\Users\220102\Downloads\download\download\work\tomcat\webapps\ROOT を配備します
27-Jun-2023 13:43:51.079 情報 [localhost-startStop-1] org.apache.catalina.startup.HostConfig.deployDirectory Deployment of web application directory C:\Users\220102\Downloads\download\download\work\tomcat\webapps\ROOT has finished in 13 ms
27-Jun-2023 13:43:51.081 情報 [main] org.apache.coyote.AbstractProtocol.start Starting ProtocolHandler [http-nio-8080]
27-Jun-2023 13:43:51.087 情報 [main] org.apache.coyote.AbstractProtocol.start Starting ProtocolHandler [ajp-nio-8009]
27-Jun-2023 13:43:51.088 情報 [main] org.apache.catalina.startup.Catalina.start Server startup in 887 ms
27-Jun-2023 13:45:21.358 情報 [ContainerBackgroundProcessor[StandardEngine[Catalina]]] org.apache.catalina.core.StandardContext.reload このコンテキストの再ロードを開始しました
27-Jun-2023 13:45:21.488 情報 [ContainerBackgroundProcessor[StandardEngine[Catalina]]] org.apache.catalina.core.StandardContext.reload このコンテキストの再ロードが完了しました
27-Jun-2023 13:45:41.529 情報 [ContainerBackgroundProcessor[StandardEngine[Catalina]]] org.apache.catalina.core.StandardContext.reload このコンテキストの再ロードを開始しました
27-Jun-2023 13:45:41.653 情報 [ContainerBackgroundProcessor[StandardEngine[Catalina]]] org.apache.catalina.core.StandardContext.reload このコンテキストの再ロードが完了しました
27-Jun-2023 13:46:01.699 情報 [ContainerBackgroundProcessor[StandardEngine[Catalina]]] org.apache.catalina.core.StandardContext.reload このコンテキストの再ロードを開始しました
27-Jun-2023 13:46:01.797 情報 [ContainerBackgroundProcessor[StandardEngine[Catalina]]] org.apache.catalina.core.StandardContext.reload このコンテキストの再ロードが完了しました
27-Jun-2023 14:05:34.687 情報 [ContainerBackgroundProcessor[StandardEngine[Catalina]]] org.apache.catalina.core.StandardContext.reload このコンテキストの再ロードを開始しました
27-Jun-2023 14:05:34.796 情報 [ContainerBackgroundProcessor[StandardEngine[Catalina]]] org.apache.catalina.core.StandardContext.reload このコンテキストの再ロードが完了しました
27-Jun-2023 14:06:04.866 情報 [ContainerBackgroundProcessor[StandardEngine[Catalina]]] org.apache.catalina.core.StandardContext.reload このコンテキストの再ロードを開始しました
27-Jun-2023 14:06:04.963 情報 [ContainerBackgroundProcessor[StandardEngine[Catalina]]] org.apache.catalina.core.StandardContext.reload このコンテキストの再ロードが完了しました
27-Jun-2023 14:06:52.949 情報 [Thread-5] org.apache.coyote.AbstractProtocol.pause Pausing ProtocolHandler ["http-nio-8080"]
27-Jun-2023 14:06:53.187 情報 [Thread-5] org.apache.coyote.AbstractProtocol.pause Pausing ProtocolHandler ["ajp-nio-8009"]
27-Jun-2023 14:06:53.410 情報 [Thread-5] org.apache.catalina.core.StandardService.stopInternal サービス Catalina を停止します
27-Jun-2023 14:06:53.426 情報 [Thread-5] org.apache.coyote.AbstractProtocol.stop Stopping ProtocolHandler ["http-nio-8080"]
27-Jun-2023 14:06:53.435 情報 [Thread-5] org.apache.coyote.AbstractProtocol.stop Stopping ProtocolHandler ["ajp-nio-8009"]
27-Jun-2023 14:06:53.435 情報 [Thread-5] org.apache.coyote.AbstractProtocol.destroy Destroying ProtocolHandler ["http-nio-8080"]
27-Jun-2023 14:06:53.435 情報 [Thread-5] org.apache.coyote.AbstractProtocol.destroy Destroying ProtocolHandler ["ajp-nio-8009"]
27-Jun-2023 14:06:54.968 情報 [main] org.apache.catalina.startup.VersionLoggerListener.log Server version:        Apache Tomcat/8.5.11
27-Jun-2023 14:06:54.975 情報 [main] org.apache.catalina.startup.VersionLoggerListener.log Server built:          Jan 10 2017 21:02:52 UTC
27-Jun-2023 14:06:54.975 情報 [main] org.apache.catalina.startup.VersionLoggerListener.log Server number:         8.5.11.0
27-Jun-2023 14:06:54.975 情報 [main] org.apache.catalina.startup.VersionLoggerListener.log OS Name:               Windows 10
27-Jun-2023 14:06:54.975 情報 [main] org.apache.catalina.startup.VersionLoggerListener.log OS Version:            10.0
27-Jun-2023 14:06:54.975 情報 [main] org.apache.catalina.startup.VersionLoggerListener.log Architecture:          x86
27-Jun-2023 14:06:54.975 情報 [main] org.apache.catalina.startup.VersionLoggerListener.log Java Home:             C:\Program Files (x86)\Java\jdk1.8.0_121\jre
27-Jun-2023 14:06:54.975 情報 [main] org.apache.catalina.startup.VersionLoggerListener.log JVM Version:           1.8.0_121-b13
27-Jun-2023 14:06:54.975 情報 [main] org.apache.catalina.startup.VersionLoggerListener.log JVM Vendor:            Oracle Corporation
27-Jun-2023 14:06:54.975 情報 [main] org.apache.catalina.startup.VersionLoggerListener.log CATALINA_BASE:         C:\Users\220102\Downloads\download\download\work\tomcat
27-Jun-2023 14:06:54.975 情報 [main] org.apache.catalina.startup.VersionLoggerListener.log CATALINA_HOME:         C:\Users\220102\Downloads\download\download\work\tomcat
27-Jun-2023 14:06:54.975 情報 [main] org.apache.catalina.startup.VersionLoggerListener.log Command line argument: -Djava.util.logging.config.file=C:\Users\220102\Downloads\download\download\work\tomcat\conf\logging.properties
27-Jun-2023 14:06:54.975 情報 [main] org.apache.catalina.startup.VersionLoggerListener.log Command line argument: -Djava.util.logging.manager=org.apache.juli.ClassLoaderLogManager
27-Jun-2023 14:06:54.975 情報 [main] org.apache.catalina.startup.VersionLoggerListener.log Command line argument: -Djdk.tls.ephemeralDHKeySize=2048
27-Jun-2023 14:06:54.975 情報 [main] org.apache.catalina.startup.VersionLoggerListener.log Command line argument: -Djava.protocol.handler.pkgs=org.apache.catalina.webresources
27-Jun-2023 14:06:54.975 情報 [main] org.apache.catalina.startup.VersionLoggerListener.log Command line argument: -Dfile.encoding=UTF-8
27-Jun-2023 14:06:54.975 情報 [main] org.apache.catalina.startup.VersionLoggerListener.log Command line argument: -Dcatalina.base=C:\Users\220102\Downloads\download\download\work\tomcat
27-Jun-2023 14:06:54.975 情報 [main] org.apache.catalina.startup.VersionLoggerListener.log Command line argument: -Dcatalina.home=C:\Users\220102\Downloads\download\download\work\tomcat
27-Jun-2023 14:06:54.975 情報 [main] org.apache.catalina.startup.VersionLoggerListener.log Command line argument: -Djava.io.tmpdir=C:\Users\220102\Downloads\download\download\work\tomcat\temp
27-Jun-2023 14:06:54.975 情報 [main] org.apache.catalina.core.AprLifecycleListener.lifecycleEvent The APR based Apache Tomcat Native library which allows optimal performance in production environments was not found on the java.library.path: C:\Program Files (x86)\Java\jdk1.8.0_121\bin;C:\WINDOWS\Sun\Java\bin;C:\WINDOWS\system32;C:\WINDOWS;C:\Program Files (x86)\Java\jdk1.8.0_121\bin;C:\ProgramData\Oracle\Java\javapath;C:\Program Files\Common Files\Oracle\Java\javapath;C:\WINDOWS\system32;C:\WINDOWS;C:\WINDOWS\System32\Wbem;C:\WINDOWS\System32\WindowsPowerShell\v1.0\;C:\WINDOWS\System32\OpenSSH\;C:\Program Files\MySQL\MySQL Workbench 8.0;C:\Users\220102\AppData\Local\Programs\Python\Python311\Scripts\;C:\Users\220102\AppData\Local\Programs\Python\Python311\;C:\Users\220102\AppData\Local\Microsoft\WindowsApps;C:\Users\220102\AppData\Local\Programs\Microsoft VS Code\bin;C:\Users\220102\AppData\Local\Programs\Git\cmd;.
27-Jun-2023 14:06:55.040 情報 [main] org.apache.coyote.AbstractProtocol.init Initializing ProtocolHandler ["http-nio-8080"]
27-Jun-2023 14:06:55.274 情報 [main] org.apache.tomcat.util.net.NioSelectorPool.getSharedSelector Using a shared selector for servlet write/read
27-Jun-2023 14:06:55.274 情報 [main] org.apache.coyote.AbstractProtocol.init Initializing ProtocolHandler ["ajp-nio-8009"]
27-Jun-2023 14:06:55.274 情報 [main] org.apache.tomcat.util.net.NioSelectorPool.getSharedSelector Using a shared selector for servlet write/read
27-Jun-2023 14:06:55.274 情報 [main] org.apache.catalina.startup.Catalina.load Initialization processed in 477 ms
27-Jun-2023 14:06:55.295 情報 [main] org.apache.catalina.core.StandardService.startInternal サービス Catalina を起動します
27-Jun-2023 14:06:55.295 情報 [main] org.apache.catalina.core.StandardEngine.startInternal Starting Servlet Engine: Apache Tomcat/8.5.11
27-Jun-2023 14:06:55.301 情報 [localhost-startStop-1] org.apache.catalina.startup.HostConfig.deployDirectory Webアプリケーションディレクトリ C:\Users\220102\Downloads\download\download\work\tomcat\webapps\book を配備します
27-Jun-2023 14:06:55.465 重大 [localhost-startStop-1] org.apache.catalina.core.ContainerBase.addChildInternal ContainerBase.addChild: start: 
 org.apache.catalina.LifecycleException: Failed to start component [StandardEngine[Catalina].StandardHost[localhost].StandardContext[/book]]
	at org.apache.catalina.util.LifecycleBase.start(LifecycleBase.java:167)
	at org.apache.catalina.core.ContainerBase.addChildInternal(ContainerBase.java:752)
	at org.apache.catalina.core.ContainerBase.addChild(ContainerBase.java:728)
	at org.apache.catalina.core.StandardHost.addChild(StandardHost.java:734)
	at org.apache.catalina.startup.HostConfig.deployDirectory(HostConfig.java:1107)
	at org.apache.catalina.startup.HostConfig$DeployDirectory.run(HostConfig.java:1841)
	at java.util.concurrent.Executors$RunnableAdapter.call(Executors.java:511)
	at java.util.concurrent.FutureTask.run(FutureTask.java:266)
	at java.util.concurrent.ThreadPoolExecutor.runWorker(ThreadPoolExecutor.java:1142)
	at java.util.concurrent.ThreadPoolExecutor$Worker.run(ThreadPoolExecutor.java:617)
	at java.lang.Thread.run(Thread.java:745)
Caused by: java.lang.IllegalArgumentException: The servlets named [chapter9.Forward] and [chapter9.Include] are both mapped to the url-pattern [/chapter9/forward] which is not permitted
	at org.apache.tomcat.util.descriptor.web.WebXml.addServletMappingDecoded(WebXml.java:323)
	at org.apache.tomcat.util.descriptor.web.WebXml.addServletMapping(WebXml.java:316)
	at org.apache.catalina.startup.ContextConfig.processAnnotationWebServlet(ContextConfig.java:2389)
	at org.apache.catalina.startup.ContextConfig.processAnnotationsStream(ContextConfig.java:2066)
	at org.apache.catalina.startup.ContextConfig.processAnnotationsWebResource(ContextConfig.java:1952)
	at org.apache.catalina.startup.ContextConfig.processAnnotationsWebResource(ContextConfig.java:1946)
	at org.apache.catalina.startup.ContextConfig.webConfig(ContextConfig.java:1153)
	at org.apache.catalina.startup.ContextConfig.configureStart(ContextConfig.java:775)
	at org.apache.catalina.startup.ContextConfig.lifecycleEvent(ContextConfig.java:299)
	at org.apache.catalina.util.LifecycleBase.fireLifecycleEvent(LifecycleBase.java:94)
	at org.apache.catalina.core.StandardContext.startInternal(StandardContext.java:5087)
	at org.apache.catalina.util.LifecycleBase.start(LifecycleBase.java:150)
	... 10 more

27-Jun-2023 14:06:55.466 重大 [localhost-startStop-1] org.apache.catalina.startup.HostConfig.deployDirectory Webアプリケーションディレクトリ C:\Users\220102\Downloads\download\download\work\tomcat\webapps\book を配備中のエラーです
 java.lang.IllegalStateException: ContainerBase.addChild: start: org.apache.catalina.LifecycleException: Failed to start component [StandardEngine[Catalina].StandardHost[localhost].StandardContext[/book]]
	at org.apache.catalina.core.ContainerBase.addChildInternal(ContainerBase.java:756)
	at org.apache.catalina.core.ContainerBase.addChild(ContainerBase.java:728)
	at org.apache.catalina.core.StandardHost.addChild(StandardHost.java:734)
	at org.apache.catalina.startup.HostConfig.deployDirectory(HostConfig.java:1107)
	at org.apache.catalina.startup.HostConfig$DeployDirectory.run(HostConfig.java:1841)
	at java.util.concurrent.Executors$RunnableAdapter.call(Executors.java:511)
	at java.util.concurrent.FutureTask.run(FutureTask.java:266)
	at java.util.concurrent.ThreadPoolExecutor.runWorker(ThreadPoolExecutor.java:1142)
	at java.util.concurrent.ThreadPoolExecutor$Worker.run(ThreadPoolExecutor.java:617)
	at java.lang.Thread.run(Thread.java:745)

27-Jun-2023 14:06:55.468 情報 [localhost-startStop-1] org.apache.catalina.startup.HostConfig.deployDirectory Deployment of web application directory C:\Users\220102\Downloads\download\download\work\tomcat\webapps\book has finished in 166 ms
27-Jun-2023 14:06:55.468 情報 [localhost-startStop-1] org.apache.catalina.startup.HostConfig.deployDirectory Webアプリケーションディレクトリ C:\Users\220102\Downloads\download\download\work\tomcat\webapps\docs を配備します
27-Jun-2023 14:06:55.525 情報 [localhost-startStop-1] org.apache.catalina.startup.HostConfig.deployDirectory Deployment of web application directory C:\Users\220102\Downloads\download\download\work\tomcat\webapps\docs has finished in 57 ms
27-Jun-2023 14:06:55.525 情報 [localhost-startStop-1] org.apache.catalina.startup.HostConfig.deployDirectory Webアプリケーションディレクトリ C:\Users\220102\Downloads\download\download\work\tomcat\webapps\examples を配備します
27-Jun-2023 14:06:55.734 情報 [localhost-startStop-1] org.apache.catalina.startup.HostConfig.deployDirectory Deployment of web application directory C:\Users\220102\Downloads\download\download\work\tomcat\webapps\examples has finished in 209 ms
27-Jun-2023 14:06:55.734 情報 [localhost-startStop-1] org.apache.catalina.startup.HostConfig.deployDirectory Webアプリケーションディレクトリ C:\Users\220102\Downloads\download\download\work\tomcat\webapps\host-manager を配備します
27-Jun-2023 14:06:55.757 情報 [localhost-startStop-1] org.apache.catalina.startup.HostConfig.deployDirectory Deployment of web application directory C:\Users\220102\Downloads\download\download\work\tomcat\webapps\host-manager has finished in 23 ms
27-Jun-2023 14:06:55.757 情報 [localhost-startStop-1] org.apache.catalina.startup.HostConfig.deployDirectory Webアプリケーションディレクトリ C:\Users\220102\Downloads\download\download\work\tomcat\webapps\manager を配備します
27-Jun-2023 14:06:55.772 情報 [localhost-startStop-1] org.apache.catalina.startup.HostConfig.deployDirectory Deployment of web application directory C:\Users\220102\Downloads\download\download\work\tomcat\webapps\manager has finished in 15 ms
27-Jun-2023 14:06:55.773 情報 [localhost-startStop-1] org.apache.catalina.startup.HostConfig.deployDirectory Webアプリケーションディレクトリ C:\Users\220102\Downloads\download\download\work\tomcat\webapps\ROOT を配備します
27-Jun-2023 14:06:55.785 情報 [localhost-startStop-1] org.apache.catalina.startup.HostConfig.deployDirectory Deployment of web application directory C:\Users\220102\Downloads\download\download\work\tomcat\webapps\ROOT has finished in 12 ms
27-Jun-2023 14:06:55.787 情報 [main] org.apache.coyote.AbstractProtocol.start Starting ProtocolHandler [http-nio-8080]
27-Jun-2023 14:06:55.792 情報 [main] org.apache.coyote.AbstractProtocol.start Starting ProtocolHandler [ajp-nio-8009]
27-Jun-2023 14:06:55.794 情報 [main] org.apache.catalina.startup.Catalina.start Server startup in 512 ms
27-Jun-2023 14:09:15.214 情報 [Thread-5] org.apache.coyote.AbstractProtocol.pause Pausing ProtocolHandler ["http-nio-8080"]
27-Jun-2023 14:09:15.445 情報 [Thread-5] org.apache.coyote.AbstractProtocol.pause Pausing ProtocolHandler ["ajp-nio-8009"]
27-Jun-2023 14:09:15.676 情報 [Thread-5] org.apache.catalina.core.StandardService.stopInternal サービス Catalina を停止します
27-Jun-2023 14:09:15.692 情報 [Thread-5] org.apache.coyote.AbstractProtocol.stop Stopping ProtocolHandler ["http-nio-8080"]
27-Jun-2023 14:09:15.697 情報 [Thread-5] org.apache.coyote.AbstractProtocol.stop Stopping ProtocolHandler ["ajp-nio-8009"]
27-Jun-2023 14:09:15.698 情報 [Thread-5] org.apache.coyote.AbstractProtocol.destroy Destroying ProtocolHandler ["http-nio-8080"]
27-Jun-2023 14:09:15.698 情報 [Thread-5] org.apache.coyote.AbstractProtocol.destroy Destroying ProtocolHandler ["ajp-nio-8009"]
27-Jun-2023 14:09:18.458 情報 [main] org.apache.catalina.startup.VersionLoggerListener.log Server version:        Apache Tomcat/8.5.11
27-Jun-2023 14:09:18.460 情報 [main] org.apache.catalina.startup.VersionLoggerListener.log Server built:          Jan 10 2017 21:02:52 UTC
27-Jun-2023 14:09:18.461 情報 [main] org.apache.catalina.startup.VersionLoggerListener.log Server number:         8.5.11.0
27-Jun-2023 14:09:18.461 情報 [main] org.apache.catalina.startup.VersionLoggerListener.log OS Name:               Windows 10
27-Jun-2023 14:09:18.461 情報 [main] org.apache.catalina.startup.VersionLoggerListener.log OS Version:            10.0
27-Jun-2023 14:09:18.461 情報 [main] org.apache.catalina.startup.VersionLoggerListener.log Architecture:          x86
27-Jun-2023 14:09:18.461 情報 [main] org.apache.catalina.startup.VersionLoggerListener.log Java Home:             C:\Program Files (x86)\Java\jdk1.8.0_121\jre
27-Jun-2023 14:09:18.461 情報 [main] org.apache.catalina.startup.VersionLoggerListener.log JVM Version:           1.8.0_121-b13
27-Jun-2023 14:09:18.461 情報 [main] org.apache.catalina.startup.VersionLoggerListener.log JVM Vendor:            Oracle Corporation
27-Jun-2023 14:09:18.461 情報 [main] org.apache.catalina.startup.VersionLoggerListener.log CATALINA_BASE:         C:\Users\220102\Downloads\download\download\work\tomcat
27-Jun-2023 14:09:18.463 情報 [main] org.apache.catalina.startup.VersionLoggerListener.log CATALINA_HOME:         C:\Users\220102\Downloads\download\download\work\tomcat
27-Jun-2023 14:09:18.463 情報 [main] org.apache.catalina.startup.VersionLoggerListener.log Command line argument: -Djava.util.logging.config.file=C:\Users\220102\Downloads\download\download\work\tomcat\conf\logging.properties
27-Jun-2023 14:09:18.463 情報 [main] org.apache.catalina.startup.VersionLoggerListener.log Command line argument: -Djava.util.logging.manager=org.apache.juli.ClassLoaderLogManager
27-Jun-2023 14:09:18.463 情報 [main] org.apache.catalina.startup.VersionLoggerListener.log Command line argument: -Djdk.tls.ephemeralDHKeySize=2048
27-Jun-2023 14:09:18.463 情報 [main] org.apache.catalina.startup.VersionLoggerListener.log Command line argument: -Djava.protocol.handler.pkgs=org.apache.catalina.webresources
27-Jun-2023 14:09:18.464 情報 [main] org.apache.catalina.startup.VersionLoggerListener.log Command line argument: -Dfile.encoding=UTF-8
27-Jun-2023 14:09:18.464 情報 [main] org.apache.catalina.startup.VersionLoggerListener.log Command line argument: -Dcatalina.base=C:\Users\220102\Downloads\download\download\work\tomcat
27-Jun-2023 14:09:18.464 情報 [main] org.apache.catalina.startup.VersionLoggerListener.log Command line argument: -Dcatalina.home=C:\Users\220102\Downloads\download\download\work\tomcat
27-Jun-2023 14:09:18.464 情報 [main] org.apache.catalina.startup.VersionLoggerListener.log Command line argument: -Djava.io.tmpdir=C:\Users\220102\Downloads\download\download\work\tomcat\temp
27-Jun-2023 14:09:18.464 情報 [main] org.apache.catalina.core.AprLifecycleListener.lifecycleEvent The APR based Apache Tomcat Native library which allows optimal performance in production environments was not found on the java.library.path: C:\Program Files (x86)\Java\jdk1.8.0_121\bin;C:\WINDOWS\Sun\Java\bin;C:\WINDOWS\system32;C:\WINDOWS;C:\Program Files (x86)\Java\jdk1.8.0_121\bin;C:\ProgramData\Oracle\Java\javapath;C:\Program Files\Common Files\Oracle\Java\javapath;C:\WINDOWS\system32;C:\WINDOWS;C:\WINDOWS\System32\Wbem;C:\WINDOWS\System32\WindowsPowerShell\v1.0\;C:\WINDOWS\System32\OpenSSH\;C:\Program Files\MySQL\MySQL Workbench 8.0;C:\Users\220102\AppData\Local\Programs\Python\Python311\Scripts\;C:\Users\220102\AppData\Local\Programs\Python\Python311\;C:\Users\220102\AppData\Local\Microsoft\WindowsApps;C:\Users\220102\AppData\Local\Programs\Microsoft VS Code\bin;C:\Users\220102\AppData\Local\Programs\Git\cmd;.
27-Jun-2023 14:09:18.526 情報 [main] org.apache.coyote.AbstractProtocol.init Initializing ProtocolHandler ["http-nio-8080"]
27-Jun-2023 14:09:18.770 情報 [main] org.apache.tomcat.util.net.NioSelectorPool.getSharedSelector Using a shared selector for servlet write/read
27-Jun-2023 14:09:18.771 情報 [main] org.apache.coyote.AbstractProtocol.init Initializing ProtocolHandler ["ajp-nio-8009"]
27-Jun-2023 14:09:18.774 情報 [main] org.apache.tomcat.util.net.NioSelectorPool.getSharedSelector Using a shared selector for servlet write/read
27-Jun-2023 14:09:18.774 情報 [main] org.apache.catalina.startup.Catalina.load Initialization processed in 489 ms
27-Jun-2023 14:09:18.789 情報 [main] org.apache.catalina.core.StandardService.startInternal サービス Catalina を起動します
27-Jun-2023 14:09:18.790 情報 [main] org.apache.catalina.core.StandardEngine.startInternal Starting Servlet Engine: Apache Tomcat/8.5.11
27-Jun-2023 14:09:18.795 情報 [localhost-startStop-1] org.apache.catalina.startup.HostConfig.deployDirectory Webアプリケーションディレクトリ C:\Users\220102\Downloads\download\download\work\tomcat\webapps\book を配備します
27-Jun-2023 14:09:18.933 重大 [localhost-startStop-1] org.apache.catalina.core.ContainerBase.addChildInternal ContainerBase.addChild: start: 
 org.apache.catalina.LifecycleException: Failed to start component [StandardEngine[Catalina].StandardHost[localhost].StandardContext[/book]]
	at org.apache.catalina.util.LifecycleBase.start(LifecycleBase.java:167)
	at org.apache.catalina.core.ContainerBase.addChildInternal(ContainerBase.java:752)
	at org.apache.catalina.core.ContainerBase.addChild(ContainerBase.java:728)
	at org.apache.catalina.core.StandardHost.addChild(StandardHost.java:734)
	at org.apache.catalina.startup.HostConfig.deployDirectory(HostConfig.java:1107)
	at org.apache.catalina.startup.HostConfig$DeployDirectory.run(HostConfig.java:1841)
	at java.util.concurrent.Executors$RunnableAdapter.call(Executors.java:511)
	at java.util.concurrent.FutureTask.run(FutureTask.java:266)
	at java.util.concurrent.ThreadPoolExecutor.runWorker(ThreadPoolExecutor.java:1142)
	at java.util.concurrent.ThreadPoolExecutor$Worker.run(ThreadPoolExecutor.java:617)
	at java.lang.Thread.run(Thread.java:745)
Caused by: java.lang.IllegalArgumentException: The servlets named [chapter9.Forward] and [chapter9.Include] are both mapped to the url-pattern [/chapter9/forward] which is not permitted
	at org.apache.tomcat.util.descriptor.web.WebXml.addServletMappingDecoded(WebXml.java:323)
	at org.apache.tomcat.util.descriptor.web.WebXml.addServletMapping(WebXml.java:316)
	at org.apache.catalina.startup.ContextConfig.processAnnotationWebServlet(ContextConfig.java:2389)
	at org.apache.catalina.startup.ContextConfig.processAnnotationsStream(ContextConfig.java:2066)
	at org.apache.catalina.startup.ContextConfig.processAnnotationsWebResource(ContextConfig.java:1952)
	at org.apache.catalina.startup.ContextConfig.processAnnotationsWebResource(ContextConfig.java:1946)
	at org.apache.catalina.startup.ContextConfig.webConfig(ContextConfig.java:1153)
	at org.apache.catalina.startup.ContextConfig.configureStart(ContextConfig.java:775)
	at org.apache.catalina.startup.ContextConfig.lifecycleEvent(ContextConfig.java:299)
	at org.apache.catalina.util.LifecycleBase.fireLifecycleEvent(LifecycleBase.java:94)
	at org.apache.catalina.core.StandardContext.startInternal(StandardContext.java:5087)
	at org.apache.catalina.util.LifecycleBase.start(LifecycleBase.java:150)
	... 10 more

27-Jun-2023 14:09:18.934 重大 [localhost-startStop-1] org.apache.catalina.startup.HostConfig.deployDirectory Webアプリケーションディレクトリ C:\Users\220102\Downloads\download\download\work\tomcat\webapps\book を配備中のエラーです
 java.lang.IllegalStateException: ContainerBase.addChild: start: org.apache.catalina.LifecycleException: Failed to start component [StandardEngine[Catalina].StandardHost[localhost].StandardContext[/book]]
	at org.apache.catalina.core.ContainerBase.addChildInternal(ContainerBase.java:756)
	at org.apache.catalina.core.ContainerBase.addChild(ContainerBase.java:728)
	at org.apache.catalina.core.StandardHost.addChild(StandardHost.java:734)
	at org.apache.catalina.startup.HostConfig.deployDirectory(HostConfig.java:1107)
	at org.apache.catalina.startup.HostConfig$DeployDirectory.run(HostConfig.java:1841)
	at java.util.concurrent.Executors$RunnableAdapter.call(Executors.java:511)
	at java.util.concurrent.FutureTask.run(FutureTask.java:266)
	at java.util.concurrent.ThreadPoolExecutor.runWorker(ThreadPoolExecutor.java:1142)
	at java.util.concurrent.ThreadPoolExecutor$Worker.run(ThreadPoolExecutor.java:617)
	at java.lang.Thread.run(Thread.java:745)

27-Jun-2023 14:09:18.935 情報 [localhost-startStop-1] org.apache.catalina.startup.HostConfig.deployDirectory Deployment of web application directory C:\Users\220102\Downloads\download\download\work\tomcat\webapps\book has finished in 140 ms
27-Jun-2023 14:09:18.936 情報 [localhost-startStop-1] org.apache.catalina.startup.HostConfig.deployDirectory Webアプリケーションディレクトリ C:\Users\220102\Downloads\download\download\work\tomcat\webapps\docs を配備します
27-Jun-2023 14:09:19.003 情報 [localhost-startStop-1] org.apache.catalina.startup.HostConfig.deployDirectory Deployment of web application directory C:\Users\220102\Downloads\download\download\work\tomcat\webapps\docs has finished in 67 ms
27-Jun-2023 14:09:19.004 情報 [localhost-startStop-1] org.apache.catalina.startup.HostConfig.deployDirectory Webアプリケーションディレクトリ C:\Users\220102\Downloads\download\download\work\tomcat\webapps\examples を配備します
27-Jun-2023 14:09:19.193 情報 [localhost-startStop-1] org.apache.catalina.startup.HostConfig.deployDirectory Deployment of web application directory C:\Users\220102\Downloads\download\download\work\tomcat\webapps\examples has finished in 189 ms
27-Jun-2023 14:09:19.193 情報 [localhost-startStop-1] org.apache.catalina.startup.HostConfig.deployDirectory Webアプリケーションディレクトリ C:\Users\220102\Downloads\download\download\work\tomcat\webapps\host-manager を配備します
27-Jun-2023 14:09:19.210 情報 [localhost-startStop-1] org.apache.catalina.startup.HostConfig.deployDirectory Deployment of web application directory C:\Users\220102\Downloads\download\download\work\tomcat\webapps\host-manager has finished in 17 ms
27-Jun-2023 14:09:19.211 情報 [localhost-startStop-1] org.apache.catalina.startup.HostConfig.deployDirectory Webアプリケーションディレクトリ C:\Users\220102\Downloads\download\download\work\tomcat\webapps\manager を配備します
27-Jun-2023 14:09:19.225 情報 [localhost-startStop-1] org.apache.catalina.startup.HostConfig.deployDirectory Deployment of web application directory C:\Users\220102\Downloads\download\download\work\tomcat\webapps\manager has finished in 14 ms
27-Jun-2023 14:09:19.226 情報 [localhost-startStop-1] org.apache.catalina.startup.HostConfig.deployDirectory Webアプリケーションディレクトリ C:\Users\220102\Downloads\download\download\work\tomcat\webapps\ROOT を配備します
27-Jun-2023 14:09:19.238 情報 [localhost-startStop-1] org.apache.catalina.startup.HostConfig.deployDirectory Deployment of web application directory C:\Users\220102\Downloads\download\download\work\tomcat\webapps\ROOT has finished in 12 ms
27-Jun-2023 14:09:19.239 情報 [main] org.apache.coyote.AbstractProtocol.start Starting ProtocolHandler [http-nio-8080]
27-Jun-2023 14:09:19.244 情報 [main] org.apache.coyote.AbstractProtocol.start Starting ProtocolHandler [ajp-nio-8009]
27-Jun-2023 14:09:19.246 情報 [main] org.apache.catalina.startup.Catalina.start Server startup in 471 ms
27-Jun-2023 14:11:54.726 情報 [Thread-5] org.apache.coyote.AbstractProtocol.pause Pausing ProtocolHandler ["http-nio-8080"]
27-Jun-2023 14:11:54.964 情報 [Thread-5] org.apache.coyote.AbstractProtocol.pause Pausing ProtocolHandler ["ajp-nio-8009"]
27-Jun-2023 14:11:55.211 情報 [Thread-5] org.apache.catalina.core.StandardService.stopInternal サービス Catalina を停止します
27-Jun-2023 14:11:55.240 情報 [Thread-5] org.apache.coyote.AbstractProtocol.stop Stopping ProtocolHandler ["http-nio-8080"]
27-Jun-2023 14:11:55.243 情報 [Thread-5] org.apache.coyote.AbstractProtocol.stop Stopping ProtocolHandler ["ajp-nio-8009"]
27-Jun-2023 14:11:55.244 情報 [Thread-5] org.apache.coyote.AbstractProtocol.destroy Destroying ProtocolHandler ["http-nio-8080"]
27-Jun-2023 14:11:55.244 情報 [Thread-5] org.apache.coyote.AbstractProtocol.destroy Destroying ProtocolHandler ["ajp-nio-8009"]
27-Jun-2023 14:12:40.946 情報 [main] org.apache.catalina.startup.VersionLoggerListener.log Server version:        Apache Tomcat/8.5.11
27-Jun-2023 14:12:40.948 情報 [main] org.apache.catalina.startup.VersionLoggerListener.log Server built:          Jan 10 2017 21:02:52 UTC
27-Jun-2023 14:12:40.948 情報 [main] org.apache.catalina.startup.VersionLoggerListener.log Server number:         8.5.11.0
27-Jun-2023 14:12:40.948 情報 [main] org.apache.catalina.startup.VersionLoggerListener.log OS Name:               Windows 10
27-Jun-2023 14:12:40.949 情報 [main] org.apache.catalina.startup.VersionLoggerListener.log OS Version:            10.0
27-Jun-2023 14:12:40.949 情報 [main] org.apache.catalina.startup.VersionLoggerListener.log Architecture:          x86
27-Jun-2023 14:12:40.949 情報 [main] org.apache.catalina.startup.VersionLoggerListener.log Java Home:             C:\Program Files (x86)\Java\jdk1.8.0_121\jre
27-Jun-2023 14:12:40.949 情報 [main] org.apache.catalina.startup.VersionLoggerListener.log JVM Version:           1.8.0_121-b13
27-Jun-2023 14:12:40.949 情報 [main] org.apache.catalina.startup.VersionLoggerListener.log JVM Vendor:            Oracle Corporation
27-Jun-2023 14:12:40.949 情報 [main] org.apache.catalina.startup.VersionLoggerListener.log CATALINA_BASE:         C:\Users\220102\Downloads\download\download\work\tomcat
27-Jun-2023 14:12:40.949 情報 [main] org.apache.catalina.startup.VersionLoggerListener.log CATALINA_HOME:         C:\Users\220102\Downloads\download\download\work\tomcat
27-Jun-2023 14:12:40.949 情報 [main] org.apache.catalina.startup.VersionLoggerListener.log Command line argument: -Djava.util.logging.config.file=C:\Users\220102\Downloads\download\download\work\tomcat\conf\logging.properties
27-Jun-2023 14:12:40.950 情報 [main] org.apache.catalina.startup.VersionLoggerListener.log Command line argument: -Djava.util.logging.manager=org.apache.juli.ClassLoaderLogManager
27-Jun-2023 14:12:40.950 情報 [main] org.apache.catalina.startup.VersionLoggerListener.log Command line argument: -Djdk.tls.ephemeralDHKeySize=2048
27-Jun-2023 14:12:40.950 情報 [main] org.apache.catalina.startup.VersionLoggerListener.log Command line argument: -Djava.protocol.handler.pkgs=org.apache.catalina.webresources
27-Jun-2023 14:12:40.950 情報 [main] org.apache.catalina.startup.VersionLoggerListener.log Command line argument: -Dfile.encoding=UTF-8
27-Jun-2023 14:12:40.951 情報 [main] org.apache.catalina.startup.VersionLoggerListener.log Command line argument: -Dcatalina.base=C:\Users\220102\Downloads\download\download\work\tomcat
27-Jun-2023 14:12:40.951 情報 [main] org.apache.catalina.startup.VersionLoggerListener.log Command line argument: -Dcatalina.home=C:\Users\220102\Downloads\download\download\work\tomcat
27-Jun-2023 14:12:40.951 情報 [main] org.apache.catalina.startup.VersionLoggerListener.log Command line argument: -Djava.io.tmpdir=C:\Users\220102\Downloads\download\download\work\tomcat\temp
27-Jun-2023 14:12:40.951 情報 [main] org.apache.catalina.core.AprLifecycleListener.lifecycleEvent The APR based Apache Tomcat Native library which allows optimal performance in production environments was not found on the java.library.path: C:\Program Files (x86)\Java\jdk1.8.0_121\bin;C:\WINDOWS\Sun\Java\bin;C:\WINDOWS\system32;C:\WINDOWS;C:\Program Files (x86)\Java\jdk1.8.0_121\bin;C:\ProgramData\Oracle\Java\javapath;C:\Program Files\Common Files\Oracle\Java\javapath;C:\WINDOWS\system32;C:\WINDOWS;C:\WINDOWS\System32\Wbem;C:\WINDOWS\System32\WindowsPowerShell\v1.0\;C:\WINDOWS\System32\OpenSSH\;C:\Program Files\MySQL\MySQL Workbench 8.0;C:\Users\220102\AppData\Local\Programs\Python\Python311\Scripts\;C:\Users\220102\AppData\Local\Programs\Python\Python311\;C:\Users\220102\AppData\Local\Microsoft\WindowsApps;C:\Users\220102\AppData\Local\Programs\Microsoft VS Code\bin;C:\Users\220102\AppData\Local\Programs\Git\cmd;.
27-Jun-2023 14:12:41.013 情報 [main] org.apache.coyote.AbstractProtocol.init Initializing ProtocolHandler ["http-nio-8080"]
27-Jun-2023 14:12:41.247 情報 [main] org.apache.tomcat.util.net.NioSelectorPool.getSharedSelector Using a shared selector for servlet write/read
27-Jun-2023 14:12:41.248 情報 [main] org.apache.coyote.AbstractProtocol.init Initializing ProtocolHandler ["ajp-nio-8009"]
27-Jun-2023 14:12:41.252 情報 [main] org.apache.tomcat.util.net.NioSelectorPool.getSharedSelector Using a shared selector for servlet write/read
27-Jun-2023 14:12:41.252 情報 [main] org.apache.catalina.startup.Catalina.load Initialization processed in 481 ms
27-Jun-2023 14:12:41.267 情報 [main] org.apache.catalina.core.StandardService.startInternal サービス Catalina を起動します
27-Jun-2023 14:12:41.267 情報 [main] org.apache.catalina.core.StandardEngine.startInternal Starting Servlet Engine: Apache Tomcat/8.5.11
27-Jun-2023 14:12:41.273 情報 [localhost-startStop-1] org.apache.catalina.startup.HostConfig.deployDirectory Webアプリケーションディレクトリ C:\Users\220102\Downloads\download\download\work\tomcat\webapps\book を配備します
27-Jun-2023 14:12:41.412 重大 [localhost-startStop-1] org.apache.catalina.core.ContainerBase.addChildInternal ContainerBase.addChild: start: 
 org.apache.catalina.LifecycleException: Failed to start component [StandardEngine[Catalina].StandardHost[localhost].StandardContext[/book]]
	at org.apache.catalina.util.LifecycleBase.start(LifecycleBase.java:167)
	at org.apache.catalina.core.ContainerBase.addChildInternal(ContainerBase.java:752)
	at org.apache.catalina.core.ContainerBase.addChild(ContainerBase.java:728)
	at org.apache.catalina.core.StandardHost.addChild(StandardHost.java:734)
	at org.apache.catalina.startup.HostConfig.deployDirectory(HostConfig.java:1107)
	at org.apache.catalina.startup.HostConfig$DeployDirectory.run(HostConfig.java:1841)
	at java.util.concurrent.Executors$RunnableAdapter.call(Executors.java:511)
	at java.util.concurrent.FutureTask.run(FutureTask.java:266)
	at java.util.concurrent.ThreadPoolExecutor.runWorker(ThreadPoolExecutor.java:1142)
	at java.util.concurrent.ThreadPoolExecutor$Worker.run(ThreadPoolExecutor.java:617)
	at java.lang.Thread.run(Thread.java:745)
Caused by: java.lang.IllegalArgumentException: The servlets named [chapter9.Forward] and [chapter9.Include] are both mapped to the url-pattern [/chapter9/forward] which is not permitted
	at org.apache.tomcat.util.descriptor.web.WebXml.addServletMappingDecoded(WebXml.java:323)
	at org.apache.tomcat.util.descriptor.web.WebXml.addServletMapping(WebXml.java:316)
	at org.apache.catalina.startup.ContextConfig.processAnnotationWebServlet(ContextConfig.java:2389)
	at org.apache.catalina.startup.ContextConfig.processAnnotationsStream(ContextConfig.java:2066)
	at org.apache.catalina.startup.ContextConfig.processAnnotationsWebResource(ContextConfig.java:1952)
	at org.apache.catalina.startup.ContextConfig.processAnnotationsWebResource(ContextConfig.java:1946)
	at org.apache.catalina.startup.ContextConfig.webConfig(ContextConfig.java:1153)
	at org.apache.catalina.startup.ContextConfig.configureStart(ContextConfig.java:775)
	at org.apache.catalina.startup.ContextConfig.lifecycleEvent(ContextConfig.java:299)
	at org.apache.catalina.util.LifecycleBase.fireLifecycleEvent(LifecycleBase.java:94)
	at org.apache.catalina.core.StandardContext.startInternal(StandardContext.java:5087)
	at org.apache.catalina.util.LifecycleBase.start(LifecycleBase.java:150)
	... 10 more

27-Jun-2023 14:12:41.413 重大 [localhost-startStop-1] org.apache.catalina.startup.HostConfig.deployDirectory Webアプリケーションディレクトリ C:\Users\220102\Downloads\download\download\work\tomcat\webapps\book を配備中のエラーです
 java.lang.IllegalStateException: ContainerBase.addChild: start: org.apache.catalina.LifecycleException: Failed to start component [StandardEngine[Catalina].StandardHost[localhost].StandardContext[/book]]
	at org.apache.catalina.core.ContainerBase.addChildInternal(ContainerBase.java:756)
	at org.apache.catalina.core.ContainerBase.addChild(ContainerBase.java:728)
	at org.apache.catalina.core.StandardHost.addChild(StandardHost.java:734)
	at org.apache.catalina.startup.HostConfig.deployDirectory(HostConfig.java:1107)
	at org.apache.catalina.startup.HostConfig$DeployDirectory.run(HostConfig.java:1841)
	at java.util.concurrent.Executors$RunnableAdapter.call(Executors.java:511)
	at java.util.concurrent.FutureTask.run(FutureTask.java:266)
	at java.util.concurrent.ThreadPoolExecutor.runWorker(ThreadPoolExecutor.java:1142)
	at java.util.concurrent.ThreadPoolExecutor$Worker.run(ThreadPoolExecutor.java:617)
	at java.lang.Thread.run(Thread.java:745)

27-Jun-2023 14:12:41.415 情報 [localhost-startStop-1] org.apache.catalina.startup.HostConfig.deployDirectory Deployment of web application directory C:\Users\220102\Downloads\download\download\work\tomcat\webapps\book has finished in 141 ms
27-Jun-2023 14:12:41.415 情報 [localhost-startStop-1] org.apache.catalina.startup.HostConfig.deployDirectory Webアプリケーションディレクトリ C:\Users\220102\Downloads\download\download\work\tomcat\webapps\docs を配備します
27-Jun-2023 14:12:41.485 情報 [localhost-startStop-1] org.apache.catalina.startup.HostConfig.deployDirectory Deployment of web application directory C:\Users\220102\Downloads\download\download\work\tomcat\webapps\docs has finished in 70 ms
27-Jun-2023 14:12:41.485 情報 [localhost-startStop-1] org.apache.catalina.startup.HostConfig.deployDirectory Webアプリケーションディレクトリ C:\Users\220102\Downloads\download\download\work\tomcat\webapps\examples を配備します
27-Jun-2023 14:12:41.675 情報 [localhost-startStop-1] org.apache.catalina.startup.HostConfig.deployDirectory Deployment of web application directory C:\Users\220102\Downloads\download\download\work\tomcat\webapps\examples has finished in 190 ms
27-Jun-2023 14:12:41.675 情報 [localhost-startStop-1] org.apache.catalina.startup.HostConfig.deployDirectory Webアプリケーションディレクトリ C:\Users\220102\Downloads\download\download\work\tomcat\webapps\host-manager を配備します
27-Jun-2023 14:12:41.692 情報 [localhost-startStop-1] org.apache.catalina.startup.HostConfig.deployDirectory Deployment of web application directory C:\Users\220102\Downloads\download\download\work\tomcat\webapps\host-manager has finished in 17 ms
27-Jun-2023 14:12:41.693 情報 [localhost-startStop-1] org.apache.catalina.startup.HostConfig.deployDirectory Webアプリケーションディレクトリ C:\Users\220102\Downloads\download\download\work\tomcat\webapps\manager を配備します
27-Jun-2023 14:12:41.708 情報 [localhost-startStop-1] org.apache.catalina.startup.HostConfig.deployDirectory Deployment of web application directory C:\Users\220102\Downloads\download\download\work\tomcat\webapps\manager has finished in 15 ms
27-Jun-2023 14:12:41.709 情報 [localhost-startStop-1] org.apache.catalina.startup.HostConfig.deployDirectory Webアプリケーションディレクトリ C:\Users\220102\Downloads\download\download\work\tomcat\webapps\ROOT を配備します
27-Jun-2023 14:12:41.720 情報 [localhost-startStop-1] org.apache.catalina.startup.HostConfig.deployDirectory Deployment of web application directory C:\Users\220102\Downloads\download\download\work\tomcat\webapps\ROOT has finished in 11 ms
27-Jun-2023 14:12:41.722 情報 [main] org.apache.coyote.AbstractProtocol.start Starting ProtocolHandler [http-nio-8080]
27-Jun-2023 14:12:41.728 情報 [main] org.apache.coyote.AbstractProtocol.start Starting ProtocolHandler [ajp-nio-8009]
27-Jun-2023 14:12:41.729 情報 [main] org.apache.catalina.startup.Catalina.start Server startup in 477 ms
27-Jun-2023 14:28:37.724 情報 [Thread-5] org.apache.coyote.AbstractProtocol.pause Pausing ProtocolHandler ["http-nio-8080"]
27-Jun-2023 14:28:37.959 情報 [Thread-5] org.apache.coyote.AbstractProtocol.pause Pausing ProtocolHandler ["ajp-nio-8009"]
27-Jun-2023 14:28:38.191 情報 [Thread-5] org.apache.catalina.core.StandardService.stopInternal サービス Catalina を停止します
27-Jun-2023 14:28:38.211 情報 [Thread-5] org.apache.coyote.AbstractProtocol.stop Stopping ProtocolHandler ["http-nio-8080"]
27-Jun-2023 14:28:38.215 情報 [Thread-5] org.apache.coyote.AbstractProtocol.stop Stopping ProtocolHandler ["ajp-nio-8009"]
27-Jun-2023 14:28:38.216 情報 [Thread-5] org.apache.coyote.AbstractProtocol.destroy Destroying ProtocolHandler ["http-nio-8080"]
27-Jun-2023 14:28:38.216 情報 [Thread-5] org.apache.coyote.AbstractProtocol.destroy Destroying ProtocolHandler ["ajp-nio-8009"]
27-Jun-2023 14:28:39.597 情報 [main] org.apache.catalina.startup.VersionLoggerListener.log Server version:        Apache Tomcat/8.5.11
27-Jun-2023 14:28:39.599 情報 [main] org.apache.catalina.startup.VersionLoggerListener.log Server built:          Jan 10 2017 21:02:52 UTC
27-Jun-2023 14:28:39.600 情報 [main] org.apache.catalina.startup.VersionLoggerListener.log Server number:         8.5.11.0
27-Jun-2023 14:28:39.600 情報 [main] org.apache.catalina.startup.VersionLoggerListener.log OS Name:               Windows 10
27-Jun-2023 14:28:39.600 情報 [main] org.apache.catalina.startup.VersionLoggerListener.log OS Version:            10.0
27-Jun-2023 14:28:39.600 情報 [main] org.apache.catalina.startup.VersionLoggerListener.log Architecture:          x86
27-Jun-2023 14:28:39.600 情報 [main] org.apache.catalina.startup.VersionLoggerListener.log Java Home:             C:\Program Files (x86)\Java\jdk1.8.0_121\jre
27-Jun-2023 14:28:39.601 情報 [main] org.apache.catalina.startup.VersionLoggerListener.log JVM Version:           1.8.0_121-b13
27-Jun-2023 14:28:39.601 情報 [main] org.apache.catalina.startup.VersionLoggerListener.log JVM Vendor:            Oracle Corporation
27-Jun-2023 14:28:39.601 情報 [main] org.apache.catalina.startup.VersionLoggerListener.log CATALINA_BASE:         C:\Users\220102\Downloads\download\download\work\tomcat
27-Jun-2023 14:28:39.601 情報 [main] org.apache.catalina.startup.VersionLoggerListener.log CATALINA_HOME:         C:\Users\220102\Downloads\download\download\work\tomcat
27-Jun-2023 14:28:39.601 情報 [main] org.apache.catalina.startup.VersionLoggerListener.log Command line argument: -Djava.util.logging.config.file=C:\Users\220102\Downloads\download\download\work\tomcat\conf\logging.properties
27-Jun-2023 14:28:39.603 情報 [main] org.apache.catalina.startup.VersionLoggerListener.log Command line argument: -Djava.util.logging.manager=org.apache.juli.ClassLoaderLogManager
27-Jun-2023 14:28:39.603 情報 [main] org.apache.catalina.startup.VersionLoggerListener.log Command line argument: -Djdk.tls.ephemeralDHKeySize=2048
27-Jun-2023 14:28:39.603 情報 [main] org.apache.catalina.startup.VersionLoggerListener.log Command line argument: -Djava.protocol.handler.pkgs=org.apache.catalina.webresources
27-Jun-2023 14:28:39.603 情報 [main] org.apache.catalina.startup.VersionLoggerListener.log Command line argument: -Dfile.encoding=UTF-8
27-Jun-2023 14:28:39.603 情報 [main] org.apache.catalina.startup.VersionLoggerListener.log Command line argument: -Dcatalina.base=C:\Users\220102\Downloads\download\download\work\tomcat
27-Jun-2023 14:28:39.603 情報 [main] org.apache.catalina.startup.VersionLoggerListener.log Command line argument: -Dcatalina.home=C:\Users\220102\Downloads\download\download\work\tomcat
27-Jun-2023 14:28:39.603 情報 [main] org.apache.catalina.startup.VersionLoggerListener.log Command line argument: -Djava.io.tmpdir=C:\Users\220102\Downloads\download\download\work\tomcat\temp
27-Jun-2023 14:28:39.603 情報 [main] org.apache.catalina.core.AprLifecycleListener.lifecycleEvent The APR based Apache Tomcat Native library which allows optimal performance in production environments was not found on the java.library.path: C:\Program Files (x86)\Java\jdk1.8.0_121\bin;C:\WINDOWS\Sun\Java\bin;C:\WINDOWS\system32;C:\WINDOWS;C:\Program Files (x86)\Java\jdk1.8.0_121\bin;C:\ProgramData\Oracle\Java\javapath;C:\Program Files\Common Files\Oracle\Java\javapath;C:\WINDOWS\system32;C:\WINDOWS;C:\WINDOWS\System32\Wbem;C:\WINDOWS\System32\WindowsPowerShell\v1.0\;C:\WINDOWS\System32\OpenSSH\;C:\Program Files\MySQL\MySQL Workbench 8.0;C:\Users\220102\AppData\Local\Programs\Python\Python311\Scripts\;C:\Users\220102\AppData\Local\Programs\Python\Python311\;C:\Users\220102\AppData\Local\Microsoft\WindowsApps;C:\Users\220102\AppData\Local\Programs\Microsoft VS Code\bin;C:\Users\220102\AppData\Local\Programs\Git\cmd;.
27-Jun-2023 14:28:39.668 情報 [main] org.apache.coyote.AbstractProtocol.init Initializing ProtocolHandler ["http-nio-8080"]
27-Jun-2023 14:28:39.908 情報 [main] org.apache.tomcat.util.net.NioSelectorPool.getSharedSelector Using a shared selector for servlet write/read
27-Jun-2023 14:28:39.909 情報 [main] org.apache.coyote.AbstractProtocol.init Initializing ProtocolHandler ["ajp-nio-8009"]
27-Jun-2023 14:28:39.911 情報 [main] org.apache.tomcat.util.net.NioSelectorPool.getSharedSelector Using a shared selector for servlet write/read
27-Jun-2023 14:28:39.911 情報 [main] org.apache.catalina.startup.Catalina.load Initialization processed in 487 ms
27-Jun-2023 14:28:39.926 情報 [main] org.apache.catalina.core.StandardService.startInternal サービス Catalina を起動します
27-Jun-2023 14:28:39.926 情報 [main] org.apache.catalina.core.StandardEngine.startInternal Starting Servlet Engine: Apache Tomcat/8.5.11
27-Jun-2023 14:28:39.933 情報 [localhost-startStop-1] org.apache.catalina.startup.HostConfig.deployDirectory Webアプリケーションディレクトリ C:\Users\220102\Downloads\download\download\work\tomcat\webapps\book を配備します
27-Jun-2023 14:28:40.284 情報 [localhost-startStop-1] org.apache.catalina.startup.HostConfig.deployDirectory Deployment of web application directory C:\Users\220102\Downloads\download\download\work\tomcat\webapps\book has finished in 350 ms
27-Jun-2023 14:28:40.284 情報 [localhost-startStop-1] org.apache.catalina.startup.HostConfig.deployDirectory Webアプリケーションディレクトリ C:\Users\220102\Downloads\download\download\work\tomcat\webapps\docs を配備します
27-Jun-2023 14:28:40.299 情報 [localhost-startStop-1] org.apache.catalina.startup.HostConfig.deployDirectory Deployment of web application directory C:\Users\220102\Downloads\download\download\work\tomcat\webapps\docs has finished in 15 ms
27-Jun-2023 14:28:40.299 情報 [localhost-startStop-1] org.apache.catalina.startup.HostConfig.deployDirectory Webアプリケーションディレクトリ C:\Users\220102\Downloads\download\download\work\tomcat\webapps\examples を配備します
27-Jun-2023 14:28:40.477 情報 [localhost-startStop-1] org.apache.catalina.startup.HostConfig.deployDirectory Deployment of web application directory C:\Users\220102\Downloads\download\download\work\tomcat\webapps\examples has finished in 178 ms
27-Jun-2023 14:28:40.478 情報 [localhost-startStop-1] org.apache.catalina.startup.HostConfig.deployDirectory Webアプリケーションディレクトリ C:\Users\220102\Downloads\download\download\work\tomcat\webapps\host-manager を配備します
27-Jun-2023 14:28:40.495 情報 [localhost-startStop-1] org.apache.catalina.startup.HostConfig.deployDirectory Deployment of web application directory C:\Users\220102\Downloads\download\download\work\tomcat\webapps\host-manager has finished in 17 ms
27-Jun-2023 14:28:40.495 情報 [localhost-startStop-1] org.apache.catalina.startup.HostConfig.deployDirectory Webアプリケーションディレクトリ C:\Users\220102\Downloads\download\download\work\tomcat\webapps\manager を配備します
27-Jun-2023 14:28:40.509 情報 [localhost-startStop-1] org.apache.catalina.startup.HostConfig.deployDirectory Deployment of web application directory C:\Users\220102\Downloads\download\download\work\tomcat\webapps\manager has finished in 14 ms
27-Jun-2023 14:28:40.510 情報 [localhost-startStop-1] org.apache.catalina.startup.HostConfig.deployDirectory Webアプリケーションディレクトリ C:\Users\220102\Downloads\download\download\work\tomcat\webapps\ROOT を配備します
27-Jun-2023 14:28:40.522 情報 [localhost-startStop-1] org.apache.catalina.startup.HostConfig.deployDirectory Deployment of web application directory C:\Users\220102\Downloads\download\download\work\tomcat\webapps\ROOT has finished in 13 ms
27-Jun-2023 14:28:40.523 情報 [main] org.apache.coyote.AbstractProtocol.start Starting ProtocolHandler [http-nio-8080]
27-Jun-2023 14:28:40.529 情報 [main] org.apache.coyote.AbstractProtocol.start Starting ProtocolHandler [ajp-nio-8009]
27-Jun-2023 14:28:40.531 情報 [main] org.apache.catalina.startup.Catalina.start Server startup in 619 ms
27-Jun-2023 14:35:01.475 情報 [ContainerBackgroundProcessor[StandardEngine[Catalina]]] org.apache.catalina.core.StandardContext.reload このコンテキストの再ロードを開始しました
27-Jun-2023 14:35:01.587 情報 [ContainerBackgroundProcessor[StandardEngine[Catalina]]] org.apache.catalina.core.StandardContext.reload このコンテキストの再ロードが完了しました
27-Jun-2023 14:40:12.270 情報 [ContainerBackgroundProcessor[StandardEngine[Catalina]]] org.apache.catalina.core.StandardContext.reload このコンテキストの再ロードを開始しました
27-Jun-2023 14:40:12.400 情報 [ContainerBackgroundProcessor[StandardEngine[Catalina]]] org.apache.catalina.core.StandardContext.reload このコンテキストの再ロードが完了しました
27-Jun-2023 14:40:40.210 情報 [Thread-5] org.apache.coyote.AbstractProtocol.pause Pausing ProtocolHandler ["http-nio-8080"]
27-Jun-2023 14:40:40.446 情報 [Thread-5] org.apache.coyote.AbstractProtocol.pause Pausing ProtocolHandler ["ajp-nio-8009"]
27-Jun-2023 14:40:40.670 情報 [Thread-5] org.apache.catalina.core.StandardService.stopInternal サービス Catalina を停止します
27-Jun-2023 14:40:40.690 情報 [Thread-5] org.apache.coyote.AbstractProtocol.stop Stopping ProtocolHandler ["http-nio-8080"]
27-Jun-2023 14:40:40.690 情報 [Thread-5] org.apache.coyote.AbstractProtocol.stop Stopping ProtocolHandler ["ajp-nio-8009"]
27-Jun-2023 14:40:40.690 情報 [Thread-5] org.apache.coyote.AbstractProtocol.destroy Destroying ProtocolHandler ["http-nio-8080"]
27-Jun-2023 14:40:40.690 情報 [Thread-5] org.apache.coyote.AbstractProtocol.destroy Destroying ProtocolHandler ["ajp-nio-8009"]
27-Jun-2023 14:40:41.998 情報 [main] org.apache.catalina.startup.VersionLoggerListener.log Server version:        Apache Tomcat/8.5.11
27-Jun-2023 14:40:42.001 情報 [main] org.apache.catalina.startup.VersionLoggerListener.log Server built:          Jan 10 2017 21:02:52 UTC
27-Jun-2023 14:40:42.001 情報 [main] org.apache.catalina.startup.VersionLoggerListener.log Server number:         8.5.11.0
27-Jun-2023 14:40:42.001 情報 [main] org.apache.catalina.startup.VersionLoggerListener.log OS Name:               Windows 10
27-Jun-2023 14:40:42.001 情報 [main] org.apache.catalina.startup.VersionLoggerListener.log OS Version:            10.0
27-Jun-2023 14:40:42.002 情報 [main] org.apache.catalina.startup.VersionLoggerListener.log Architecture:          x86
27-Jun-2023 14:40:42.002 情報 [main] org.apache.catalina.startup.VersionLoggerListener.log Java Home:             C:\Program Files (x86)\Java\jdk1.8.0_121\jre
27-Jun-2023 14:40:42.002 情報 [main] org.apache.catalina.startup.VersionLoggerListener.log JVM Version:           1.8.0_121-b13
27-Jun-2023 14:40:42.002 情報 [main] org.apache.catalina.startup.VersionLoggerListener.log JVM Vendor:            Oracle Corporation
27-Jun-2023 14:40:42.002 情報 [main] org.apache.catalina.startup.VersionLoggerListener.log CATALINA_BASE:         C:\Users\220102\Downloads\download\download\work\tomcat
27-Jun-2023 14:40:42.003 情報 [main] org.apache.catalina.startup.VersionLoggerListener.log CATALINA_HOME:         C:\Users\220102\Downloads\download\download\work\tomcat
27-Jun-2023 14:40:42.003 情報 [main] org.apache.catalina.startup.VersionLoggerListener.log Command line argument: -Djava.util.logging.config.file=C:\Users\220102\Downloads\download\download\work\tomcat\conf\logging.properties
27-Jun-2023 14:40:42.003 情報 [main] org.apache.catalina.startup.VersionLoggerListener.log Command line argument: -Djava.util.logging.manager=org.apache.juli.ClassLoaderLogManager
27-Jun-2023 14:40:42.003 情報 [main] org.apache.catalina.startup.VersionLoggerListener.log Command line argument: -Djdk.tls.ephemeralDHKeySize=2048
27-Jun-2023 14:40:42.003 情報 [main] org.apache.catalina.startup.VersionLoggerListener.log Command line argument: -Djava.protocol.handler.pkgs=org.apache.catalina.webresources
27-Jun-2023 14:40:42.004 情報 [main] org.apache.catalina.startup.VersionLoggerListener.log Command line argument: -Dfile.encoding=UTF-8
27-Jun-2023 14:40:42.004 情報 [main] org.apache.catalina.startup.VersionLoggerListener.log Command line argument: -Dcatalina.base=C:\Users\220102\Downloads\download\download\work\tomcat
27-Jun-2023 14:40:42.004 情報 [main] org.apache.catalina.startup.VersionLoggerListener.log Command line argument: -Dcatalina.home=C:\Users\220102\Downloads\download\download\work\tomcat
27-Jun-2023 14:40:42.004 情報 [main] org.apache.catalina.startup.VersionLoggerListener.log Command line argument: -Djava.io.tmpdir=C:\Users\220102\Downloads\download\download\work\tomcat\temp
27-Jun-2023 14:40:42.004 情報 [main] org.apache.catalina.core.AprLifecycleListener.lifecycleEvent The APR based Apache Tomcat Native library which allows optimal performance in production environments was not found on the java.library.path: C:\Program Files (x86)\Java\jdk1.8.0_121\bin;C:\WINDOWS\Sun\Java\bin;C:\WINDOWS\system32;C:\WINDOWS;C:\Program Files (x86)\Java\jdk1.8.0_121\bin;C:\ProgramData\Oracle\Java\javapath;C:\Program Files\Common Files\Oracle\Java\javapath;C:\WINDOWS\system32;C:\WINDOWS;C:\WINDOWS\System32\Wbem;C:\WINDOWS\System32\WindowsPowerShell\v1.0\;C:\WINDOWS\System32\OpenSSH\;C:\Program Files\MySQL\MySQL Workbench 8.0;C:\Users\220102\AppData\Local\Programs\Python\Python311\Scripts\;C:\Users\220102\AppData\Local\Programs\Python\Python311\;C:\Users\220102\AppData\Local\Microsoft\WindowsApps;C:\Users\220102\AppData\Local\Programs\Microsoft VS Code\bin;C:\Users\220102\AppData\Local\Programs\Git\cmd;.
27-Jun-2023 14:40:42.071 情報 [main] org.apache.coyote.AbstractProtocol.init Initializing ProtocolHandler ["http-nio-8080"]
27-Jun-2023 14:40:42.312 情報 [main] org.apache.tomcat.util.net.NioSelectorPool.getSharedSelector Using a shared selector for servlet write/read
27-Jun-2023 14:40:42.313 情報 [main] org.apache.coyote.AbstractProtocol.init Initializing ProtocolHandler ["ajp-nio-8009"]
27-Jun-2023 14:40:42.315 情報 [main] org.apache.tomcat.util.net.NioSelectorPool.getSharedSelector Using a shared selector for servlet write/read
27-Jun-2023 14:40:42.315 情報 [main] org.apache.catalina.startup.Catalina.load Initialization processed in 493 ms
27-Jun-2023 14:40:42.330 情報 [main] org.apache.catalina.core.StandardService.startInternal サービス Catalina を起動します
27-Jun-2023 14:40:42.330 情報 [main] org.apache.catalina.core.StandardEngine.startInternal Starting Servlet Engine: Apache Tomcat/8.5.11
27-Jun-2023 14:40:42.336 情報 [localhost-startStop-1] org.apache.catalina.startup.HostConfig.deployDirectory Webアプリケーションディレクトリ C:\Users\220102\Downloads\download\download\work\tomcat\webapps\book を配備します
27-Jun-2023 14:40:42.699 情報 [localhost-startStop-1] org.apache.catalina.startup.HostConfig.deployDirectory Deployment of web application directory C:\Users\220102\Downloads\download\download\work\tomcat\webapps\book has finished in 363 ms
27-Jun-2023 14:40:42.699 情報 [localhost-startStop-1] org.apache.catalina.startup.HostConfig.deployDirectory Webアプリケーションディレクトリ C:\Users\220102\Downloads\download\download\work\tomcat\webapps\docs を配備します
27-Jun-2023 14:40:42.719 情報 [localhost-startStop-1] org.apache.catalina.startup.HostConfig.deployDirectory Deployment of web application directory C:\Users\220102\Downloads\download\download\work\tomcat\webapps\docs has finished in 20 ms
27-Jun-2023 14:40:42.719 情報 [localhost-startStop-1] org.apache.catalina.startup.HostConfig.deployDirectory Webアプリケーションディレクトリ C:\Users\220102\Downloads\download\download\work\tomcat\webapps\examples を配備します
27-Jun-2023 14:40:42.897 情報 [localhost-startStop-1] org.apache.catalina.startup.HostConfig.deployDirectory Deployment of web application directory C:\Users\220102\Downloads\download\download\work\tomcat\webapps\examples has finished in 178 ms
27-Jun-2023 14:40:42.899 情報 [localhost-startStop-1] org.apache.catalina.startup.HostConfig.deployDirectory Webアプリケーションディレクトリ C:\Users\220102\Downloads\download\download\work\tomcat\webapps\host-manager を配備します
27-Jun-2023 14:40:42.919 情報 [localhost-startStop-1] org.apache.catalina.startup.HostConfig.deployDirectory Deployment of web application directory C:\Users\220102\Downloads\download\download\work\tomcat\webapps\host-manager has finished in 20 ms
27-Jun-2023 14:40:42.919 情報 [localhost-startStop-1] org.apache.catalina.startup.HostConfig.deployDirectory Webアプリケーションディレクトリ C:\Users\220102\Downloads\download\download\work\tomcat\webapps\manager を配備します
27-Jun-2023 14:40:42.939 情報 [localhost-startStop-1] org.apache.catalina.startup.HostConfig.deployDirectory Deployment of web application directory C:\Users\220102\Downloads\download\download\work\tomcat\webapps\manager has finished in 20 ms
27-Jun-2023 14:40:42.939 情報 [localhost-startStop-1] org.apache.catalina.startup.HostConfig.deployDirectory Webアプリケーションディレクトリ C:\Users\220102\Downloads\download\download\work\tomcat\webapps\ROOT を配備します
27-Jun-2023 14:40:42.949 情報 [localhost-startStop-1] org.apache.catalina.startup.HostConfig.deployDirectory Deployment of web application directory C:\Users\220102\Downloads\download\download\work\tomcat\webapps\ROOT has finished in 10 ms
27-Jun-2023 14:40:42.949 情報 [main] org.apache.coyote.AbstractProtocol.start Starting ProtocolHandler [http-nio-8080]
27-Jun-2023 14:40:42.961 情報 [main] org.apache.coyote.AbstractProtocol.start Starting ProtocolHandler [ajp-nio-8009]
27-Jun-2023 14:40:42.964 情報 [main] org.apache.catalina.startup.Catalina.start Server startup in 650 ms
27-Jun-2023 14:46:00.119 情報 [Thread-5] org.apache.coyote.AbstractProtocol.pause Pausing ProtocolHandler ["http-nio-8080"]
27-Jun-2023 14:46:00.356 情報 [Thread-5] org.apache.coyote.AbstractProtocol.pause Pausing ProtocolHandler ["ajp-nio-8009"]
27-Jun-2023 14:46:00.578 情報 [Thread-5] org.apache.catalina.core.StandardService.stopInternal サービス Catalina を停止します
27-Jun-2023 14:46:00.598 情報 [Thread-5] org.apache.coyote.AbstractProtocol.stop Stopping ProtocolHandler ["http-nio-8080"]
27-Jun-2023 14:46:00.598 情報 [Thread-5] org.apache.coyote.AbstractProtocol.stop Stopping ProtocolHandler ["ajp-nio-8009"]
27-Jun-2023 14:46:00.598 情報 [Thread-5] org.apache.coyote.AbstractProtocol.destroy Destroying ProtocolHandler ["http-nio-8080"]
27-Jun-2023 14:46:00.598 情報 [Thread-5] org.apache.coyote.AbstractProtocol.destroy Destroying ProtocolHandler ["ajp-nio-8009"]
27-Jun-2023 14:46:02.008 情報 [main] org.apache.catalina.startup.VersionLoggerListener.log Server version:        Apache Tomcat/8.5.11
27-Jun-2023 14:46:02.008 情報 [main] org.apache.catalina.startup.VersionLoggerListener.log Server built:          Jan 10 2017 21:02:52 UTC
27-Jun-2023 14:46:02.008 情報 [main] org.apache.catalina.startup.VersionLoggerListener.log Server number:         8.5.11.0
27-Jun-2023 14:46:02.008 情報 [main] org.apache.catalina.startup.VersionLoggerListener.log OS Name:               Windows 10
27-Jun-2023 14:46:02.008 情報 [main] org.apache.catalina.startup.VersionLoggerListener.log OS Version:            10.0
27-Jun-2023 14:46:02.008 情報 [main] org.apache.catalina.startup.VersionLoggerListener.log Architecture:          x86
27-Jun-2023 14:46:02.008 情報 [main] org.apache.catalina.startup.VersionLoggerListener.log Java Home:             C:\Program Files (x86)\Java\jdk1.8.0_121\jre
27-Jun-2023 14:46:02.008 情報 [main] org.apache.catalina.startup.VersionLoggerListener.log JVM Version:           1.8.0_121-b13
27-Jun-2023 14:46:02.008 情報 [main] org.apache.catalina.startup.VersionLoggerListener.log JVM Vendor:            Oracle Corporation
27-Jun-2023 14:46:02.008 情報 [main] org.apache.catalina.startup.VersionLoggerListener.log CATALINA_BASE:         C:\Users\220102\Downloads\download\download\work\tomcat
27-Jun-2023 14:46:02.008 情報 [main] org.apache.catalina.startup.VersionLoggerListener.log CATALINA_HOME:         C:\Users\220102\Downloads\download\download\work\tomcat
27-Jun-2023 14:46:02.008 情報 [main] org.apache.catalina.startup.VersionLoggerListener.log Command line argument: -Djava.util.logging.config.file=C:\Users\220102\Downloads\download\download\work\tomcat\conf\logging.properties
27-Jun-2023 14:46:02.008 情報 [main] org.apache.catalina.startup.VersionLoggerListener.log Command line argument: -Djava.util.logging.manager=org.apache.juli.ClassLoaderLogManager
27-Jun-2023 14:46:02.008 情報 [main] org.apache.catalina.startup.VersionLoggerListener.log Command line argument: -Djdk.tls.ephemeralDHKeySize=2048
27-Jun-2023 14:46:02.008 情報 [main] org.apache.catalina.startup.VersionLoggerListener.log Command line argument: -Djava.protocol.handler.pkgs=org.apache.catalina.webresources
27-Jun-2023 14:46:02.008 情報 [main] org.apache.catalina.startup.VersionLoggerListener.log Command line argument: -Dfile.encoding=UTF-8
27-Jun-2023 14:46:02.008 情報 [main] org.apache.catalina.startup.VersionLoggerListener.log Command line argument: -Dcatalina.base=C:\Users\220102\Downloads\download\download\work\tomcat
27-Jun-2023 14:46:02.008 情報 [main] org.apache.catalina.startup.VersionLoggerListener.log Command line argument: -Dcatalina.home=C:\Users\220102\Downloads\download\download\work\tomcat
27-Jun-2023 14:46:02.008 情報 [main] org.apache.catalina.startup.VersionLoggerListener.log Command line argument: -Djava.io.tmpdir=C:\Users\220102\Downloads\download\download\work\tomcat\temp
27-Jun-2023 14:46:02.008 情報 [main] org.apache.catalina.core.AprLifecycleListener.lifecycleEvent The APR based Apache Tomcat Native library which allows optimal performance in production environments was not found on the java.library.path: C:\Program Files (x86)\Java\jdk1.8.0_121\bin;C:\WINDOWS\Sun\Java\bin;C:\WINDOWS\system32;C:\WINDOWS;C:\Program Files (x86)\Java\jdk1.8.0_121\bin;C:\ProgramData\Oracle\Java\javapath;C:\Program Files\Common Files\Oracle\Java\javapath;C:\WINDOWS\system32;C:\WINDOWS;C:\WINDOWS\System32\Wbem;C:\WINDOWS\System32\WindowsPowerShell\v1.0\;C:\WINDOWS\System32\OpenSSH\;C:\Program Files\MySQL\MySQL Workbench 8.0;C:\Users\220102\AppData\Local\Programs\Python\Python311\Scripts\;C:\Users\220102\AppData\Local\Programs\Python\Python311\;C:\Users\220102\AppData\Local\Microsoft\WindowsApps;C:\Users\220102\AppData\Local\Programs\Microsoft VS Code\bin;C:\Users\220102\AppData\Local\Programs\Git\cmd;.
27-Jun-2023 14:46:02.088 情報 [main] org.apache.coyote.AbstractProtocol.init Initializing ProtocolHandler ["http-nio-8080"]
27-Jun-2023 14:46:02.398 情報 [main] org.apache.tomcat.util.net.NioSelectorPool.getSharedSelector Using a shared selector for servlet write/read
27-Jun-2023 14:46:02.398 情報 [main] org.apache.coyote.AbstractProtocol.init Initializing ProtocolHandler ["ajp-nio-8009"]
27-Jun-2023 14:46:02.404 情報 [main] org.apache.tomcat.util.net.NioSelectorPool.getSharedSelector Using a shared selector for servlet write/read
27-Jun-2023 14:46:02.404 情報 [main] org.apache.catalina.startup.Catalina.load Initialization processed in 595 ms
27-Jun-2023 14:46:02.422 情報 [main] org.apache.catalina.core.StandardService.startInternal サービス Catalina を起動します
27-Jun-2023 14:46:02.422 情報 [main] org.apache.catalina.core.StandardEngine.startInternal Starting Servlet Engine: Apache Tomcat/8.5.11
27-Jun-2023 14:46:02.428 情報 [localhost-startStop-1] org.apache.catalina.startup.HostConfig.deployDirectory Webアプリケーションディレクトリ C:\Users\220102\Downloads\download\download\work\tomcat\webapps\book を配備します
27-Jun-2023 14:46:02.788 情報 [localhost-startStop-1] org.apache.catalina.startup.HostConfig.deployDirectory Deployment of web application directory C:\Users\220102\Downloads\download\download\work\tomcat\webapps\book has finished in 360 ms
27-Jun-2023 14:46:02.788 情報 [localhost-startStop-1] org.apache.catalina.startup.HostConfig.deployDirectory Webアプリケーションディレクトリ C:\Users\220102\Downloads\download\download\work\tomcat\webapps\docs を配備します
27-Jun-2023 14:46:02.804 情報 [localhost-startStop-1] org.apache.catalina.startup.HostConfig.deployDirectory Deployment of web application directory C:\Users\220102\Downloads\download\download\work\tomcat\webapps\docs has finished in 16 ms
27-Jun-2023 14:46:02.804 情報 [localhost-startStop-1] org.apache.catalina.startup.HostConfig.deployDirectory Webアプリケーションディレクトリ C:\Users\220102\Downloads\download\download\work\tomcat\webapps\examples を配備します
27-Jun-2023 14:46:03.135 情報 [localhost-startStop-1] org.apache.catalina.startup.HostConfig.deployDirectory Deployment of web application directory C:\Users\220102\Downloads\download\download\work\tomcat\webapps\examples has finished in 331 ms
27-Jun-2023 14:46:03.135 情報 [localhost-startStop-1] org.apache.catalina.startup.HostConfig.deployDirectory Webアプリケーションディレクトリ C:\Users\220102\Downloads\download\download\work\tomcat\webapps\host-manager を配備します
27-Jun-2023 14:46:03.167 情報 [localhost-startStop-1] org.apache.catalina.startup.HostConfig.deployDirectory Deployment of web application directory C:\Users\220102\Downloads\download\download\work\tomcat\webapps\host-manager has finished in 32 ms
27-Jun-2023 14:46:03.167 情報 [localhost-startStop-1] org.apache.catalina.startup.HostConfig.deployDirectory Webアプリケーションディレクトリ C:\Users\220102\Downloads\download\download\work\tomcat\webapps\manager を配備します
27-Jun-2023 14:46:03.191 情報 [localhost-startStop-1] org.apache.catalina.startup.HostConfig.deployDirectory Deployment of web application directory C:\Users\220102\Downloads\download\download\work\tomcat\webapps\manager has finished in 24 ms
27-Jun-2023 14:46:03.191 情報 [localhost-startStop-1] org.apache.catalina.startup.HostConfig.deployDirectory Webアプリケーションディレクトリ C:\Users\220102\Downloads\download\download\work\tomcat\webapps\ROOT を配備します
27-Jun-2023 14:46:03.205 情報 [localhost-startStop-1] org.apache.catalina.startup.HostConfig.deployDirectory Deployment of web application directory C:\Users\220102\Downloads\download\download\work\tomcat\webapps\ROOT has finished in 14 ms
27-Jun-2023 14:46:03.207 情報 [main] org.apache.coyote.AbstractProtocol.start Starting ProtocolHandler [http-nio-8080]
27-Jun-2023 14:46:03.212 情報 [main] org.apache.coyote.AbstractProtocol.start Starting ProtocolHandler [ajp-nio-8009]
27-Jun-2023 14:46:03.216 情報 [main] org.apache.catalina.startup.Catalina.start Server startup in 810 ms
27-Jun-2023 14:46:47.945 情報 [Thread-5] org.apache.coyote.AbstractProtocol.pause Pausing ProtocolHandler ["http-nio-8080"]
27-Jun-2023 14:46:48.179 情報 [Thread-5] org.apache.coyote.AbstractProtocol.pause Pausing ProtocolHandler ["ajp-nio-8009"]
27-Jun-2023 14:46:48.398 情報 [Thread-5] org.apache.catalina.core.StandardService.stopInternal サービス Catalina を停止します
27-Jun-2023 14:46:48.413 情報 [Thread-5] org.apache.coyote.AbstractProtocol.stop Stopping ProtocolHandler ["http-nio-8080"]
27-Jun-2023 14:46:48.413 情報 [Thread-5] org.apache.coyote.AbstractProtocol.stop Stopping ProtocolHandler ["ajp-nio-8009"]
27-Jun-2023 14:46:48.413 情報 [Thread-5] org.apache.coyote.AbstractProtocol.destroy Destroying ProtocolHandler ["http-nio-8080"]
27-Jun-2023 14:46:48.413 情報 [Thread-5] org.apache.coyote.AbstractProtocol.destroy Destroying ProtocolHandler ["ajp-nio-8009"]
