05-Jul-2023 09:18:04.398 重大 [main] org.apache.catalina.startup.Catalina.initDirs Cannot find specified temporary folder at C:\Users\220102\Downloads\download\download\work\tomcat\temp
05-Jul-2023 09:18:04.621 情報 [main] org.apache.catalina.startup.VersionLoggerListener.log Server version:        Apache Tomcat/8.5.11
05-Jul-2023 09:18:04.621 情報 [main] org.apache.catalina.startup.VersionLoggerListener.log Server built:          Jan 10 2017 21:02:52 UTC
05-Jul-2023 09:18:04.621 情報 [main] org.apache.catalina.startup.VersionLoggerListener.log Server number:         8.5.11.0
05-Jul-2023 09:18:04.621 情報 [main] org.apache.catalina.startup.VersionLoggerListener.log OS Name:               Windows 10
05-Jul-2023 09:18:04.621 情報 [main] org.apache.catalina.startup.VersionLoggerListener.log OS Version:            10.0
05-Jul-2023 09:18:04.621 情報 [main] org.apache.catalina.startup.VersionLoggerListener.log Architecture:          x86
05-Jul-2023 09:18:04.621 情報 [main] org.apache.catalina.startup.VersionLoggerListener.log Java Home:             C:\Program Files (x86)\Java\jdk1.8.0_121\jre
05-Jul-2023 09:18:04.621 情報 [main] org.apache.catalina.startup.VersionLoggerListener.log JVM Version:           1.8.0_121-b13
05-Jul-2023 09:18:04.626 情報 [main] org.apache.catalina.startup.VersionLoggerListener.log JVM Vendor:            Oracle Corporation
05-Jul-2023 09:18:04.626 情報 [main] org.apache.catalina.startup.VersionLoggerListener.log CATALINA_BASE:         C:\Users\220102\Downloads\download\download\work\tomcat
05-Jul-2023 09:18:04.626 情報 [main] org.apache.catalina.startup.VersionLoggerListener.log CATALINA_HOME:         C:\Users\220102\Downloads\download\download\work\tomcat
05-Jul-2023 09:18:04.626 情報 [main] org.apache.catalina.startup.VersionLoggerListener.log Command line argument: -Djava.util.logging.config.file=C:\Users\220102\Downloads\download\download\work\tomcat\conf\logging.properties
05-Jul-2023 09:18:04.626 情報 [main] org.apache.catalina.startup.VersionLoggerListener.log Command line argument: -Djava.util.logging.manager=org.apache.juli.ClassLoaderLogManager
05-Jul-2023 09:18:04.626 情報 [main] org.apache.catalina.startup.VersionLoggerListener.log Command line argument: -Djava.net.preferIPv4Stack=true
05-Jul-2023 09:18:04.626 情報 [main] org.apache.catalina.startup.VersionLoggerListener.log Command line argument: -Djdk.tls.ephemeralDHKeySize=2048
05-Jul-2023 09:18:04.626 情報 [main] org.apache.catalina.startup.VersionLoggerListener.log Command line argument: -Djava.protocol.handler.pkgs=org.apache.catalina.webresources
05-Jul-2023 09:18:04.626 情報 [main] org.apache.catalina.startup.VersionLoggerListener.log Command line argument: -Dfile.encoding=UTF-8
05-Jul-2023 09:18:04.626 情報 [main] org.apache.catalina.startup.VersionLoggerListener.log Command line argument: -Dcatalina.base=C:\Users\220102\Downloads\download\download\work\tomcat
05-Jul-2023 09:18:04.626 情報 [main] org.apache.catalina.startup.VersionLoggerListener.log Command line argument: -Dcatalina.home=C:\Users\220102\Downloads\download\download\work\tomcat
05-Jul-2023 09:18:04.626 情報 [main] org.apache.catalina.startup.VersionLoggerListener.log Command line argument: -Djava.io.tmpdir=C:\Users\220102\Downloads\download\download\work\tomcat\temp
05-Jul-2023 09:18:04.626 情報 [main] org.apache.catalina.core.AprLifecycleListener.lifecycleEvent The APR based Apache Tomcat Native library which allows optimal performance in production environments was not found on the java.library.path: C:\Program Files (x86)\Java\jdk1.8.0_121\bin;C:\WINDOWS\Sun\Java\bin;C:\WINDOWS\system32;C:\WINDOWS;C:\Program Files (x86)\Java\jdk1.8.0_121\bin;C:\Program Files\Common Files\Oracle\Java\javapath;C:\Program Files (x86)\Common Files\Oracle\Java\javapath;C:\WINDOWS\system32;C:\WINDOWS;C:\WINDOWS\System32\Wbem;C:\WINDOWS\System32\WindowsPowerShell\v1.0\;C:\WINDOWS\System32\OpenSSH\;C:\Program Files\MySQL\MySQL Workbench 8.0;C:\Users\220102\AppData\Local\Programs\Python\Python311\Scripts\;C:\Users\220102\AppData\Local\Programs\Python\Python311\;C:\Users\220102\AppData\Local\Microsoft\WindowsApps;C:\Users\220102\AppData\Local\Programs\Microsoft VS Code\bin;C:\Users\220102\AppData\Local\Programs\Git\cmd;.
05-Jul-2023 09:18:04.715 情報 [main] org.apache.coyote.AbstractProtocol.init Initializing ProtocolHandler ["http-nio-8080"]
05-Jul-2023 09:18:04.998 情報 [main] org.apache.tomcat.util.net.NioSelectorPool.getSharedSelector Using a shared selector for servlet write/read
05-Jul-2023 09:18:04.998 情報 [main] org.apache.coyote.AbstractProtocol.init Initializing ProtocolHandler ["ajp-nio-8009"]
05-Jul-2023 09:18:04.998 情報 [main] org.apache.tomcat.util.net.NioSelectorPool.getSharedSelector Using a shared selector for servlet write/read
05-Jul-2023 09:18:04.998 情報 [main] org.apache.catalina.startup.Catalina.load Initialization processed in 599 ms
05-Jul-2023 09:18:05.015 情報 [main] org.apache.catalina.core.StandardService.startInternal サービス Catalina を起動します
05-Jul-2023 09:18:05.015 情報 [main] org.apache.catalina.core.StandardEngine.startInternal Starting Servlet Engine: Apache Tomcat/8.5.11
05-Jul-2023 09:18:05.025 情報 [localhost-startStop-1] org.apache.catalina.startup.HostConfig.deployDirectory Webアプリケーションディレクトリ C:\Users\220102\Downloads\download\download\work\tomcat\webapps\book を配備します
05-Jul-2023 09:18:05.586 情報 [localhost-startStop-1] org.apache.catalina.startup.HostConfig.deployDirectory Deployment of web application directory C:\Users\220102\Downloads\download\download\work\tomcat\webapps\book has finished in 561 ms
05-Jul-2023 09:18:05.586 情報 [localhost-startStop-1] org.apache.catalina.startup.HostConfig.deployDirectory Webアプリケーションディレクトリ C:\Users\220102\Downloads\download\download\work\tomcat\webapps\docs を配備します
05-Jul-2023 09:18:05.601 情報 [localhost-startStop-1] org.apache.catalina.startup.HostConfig.deployDirectory Deployment of web application directory C:\Users\220102\Downloads\download\download\work\tomcat\webapps\docs has finished in 15 ms
05-Jul-2023 09:18:05.601 情報 [localhost-startStop-1] org.apache.catalina.startup.HostConfig.deployDirectory Webアプリケーションディレクトリ C:\Users\220102\Downloads\download\download\work\tomcat\webapps\examples を配備します
05-Jul-2023 09:18:05.965 情報 [localhost-startStop-1] org.apache.catalina.startup.HostConfig.deployDirectory Deployment of web application directory C:\Users\220102\Downloads\download\download\work\tomcat\webapps\examples has finished in 364 ms
05-Jul-2023 09:18:05.965 情報 [localhost-startStop-1] org.apache.catalina.startup.HostConfig.deployDirectory Webアプリケーションディレクトリ C:\Users\220102\Downloads\download\download\work\tomcat\webapps\host-manager を配備します
05-Jul-2023 09:18:05.985 情報 [localhost-startStop-1] org.apache.catalina.startup.HostConfig.deployDirectory Deployment of web application directory C:\Users\220102\Downloads\download\download\work\tomcat\webapps\host-manager has finished in 20 ms
05-Jul-2023 09:18:05.985 情報 [localhost-startStop-1] org.apache.catalina.startup.HostConfig.deployDirectory Webアプリケーションディレクトリ C:\Users\220102\Downloads\download\download\work\tomcat\webapps\manager を配備します
05-Jul-2023 09:18:06.005 情報 [localhost-startStop-1] org.apache.catalina.startup.HostConfig.deployDirectory Deployment of web application directory C:\Users\220102\Downloads\download\download\work\tomcat\webapps\manager has finished in 20 ms
05-Jul-2023 09:18:06.010 情報 [localhost-startStop-1] org.apache.catalina.startup.HostConfig.deployDirectory Webアプリケーションディレクトリ C:\Users\220102\Downloads\download\download\work\tomcat\webapps\ROOT を配備します
05-Jul-2023 09:18:06.017 情報 [localhost-startStop-1] org.apache.catalina.startup.HostConfig.deployDirectory Deployment of web application directory C:\Users\220102\Downloads\download\download\work\tomcat\webapps\ROOT has finished in 7 ms
05-Jul-2023 09:18:06.017 情報 [localhost-startStop-1] org.apache.catalina.startup.HostConfig.deployDirectory Webアプリケーションディレクトリ C:\Users\220102\Downloads\download\download\work\tomcat\webapps\temp を配備します
05-Jul-2023 09:18:06.035 情報 [localhost-startStop-1] org.apache.catalina.startup.HostConfig.deployDirectory Deployment of web application directory C:\Users\220102\Downloads\download\download\work\tomcat\webapps\temp has finished in 18 ms
05-Jul-2023 09:18:06.039 情報 [main] org.apache.coyote.AbstractProtocol.start Starting ProtocolHandler [http-nio-8080]
05-Jul-2023 09:18:06.039 情報 [main] org.apache.coyote.AbstractProtocol.start Starting ProtocolHandler [ajp-nio-8009]
05-Jul-2023 09:18:06.046 情報 [main] org.apache.catalina.startup.Catalina.start Server startup in 1042 ms
05-Jul-2023 09:36:50.096 情報 [ContainerBackgroundProcessor[StandardEngine[Catalina]]] org.apache.catalina.core.StandardContext.reload このコンテキストの再ロードを開始しました
05-Jul-2023 09:36:50.315 情報 [ContainerBackgroundProcessor[StandardEngine[Catalina]]] org.apache.catalina.core.StandardContext.reload このコンテキストの再ロードが完了しました
05-Jul-2023 09:37:40.710 情報 [Thread-5] org.apache.coyote.AbstractProtocol.pause Pausing ProtocolHandler ["http-nio-8080"]
05-Jul-2023 09:37:40.959 情報 [Thread-5] org.apache.coyote.AbstractProtocol.pause Pausing ProtocolHandler ["ajp-nio-8009"]
05-Jul-2023 09:37:41.182 情報 [Thread-5] org.apache.catalina.core.StandardService.stopInternal サービス Catalina を停止します
05-Jul-2023 09:37:41.210 情報 [Thread-5] org.apache.coyote.AbstractProtocol.stop Stopping ProtocolHandler ["http-nio-8080"]
05-Jul-2023 09:37:41.212 情報 [Thread-5] org.apache.coyote.AbstractProtocol.stop Stopping ProtocolHandler ["ajp-nio-8009"]
05-Jul-2023 09:37:41.213 情報 [Thread-5] org.apache.coyote.AbstractProtocol.destroy Destroying ProtocolHandler ["http-nio-8080"]
05-Jul-2023 09:37:41.217 情報 [Thread-5] org.apache.coyote.AbstractProtocol.destroy Destroying ProtocolHandler ["ajp-nio-8009"]
05-Jul-2023 09:37:42.631 重大 [main] org.apache.catalina.startup.Catalina.initDirs Cannot find specified temporary folder at C:\Users\220102\Downloads\download\download\work\tomcat\temp
05-Jul-2023 09:37:42.860 情報 [main] org.apache.catalina.startup.VersionLoggerListener.log Server version:        Apache Tomcat/8.5.11
05-Jul-2023 09:37:42.860 情報 [main] org.apache.catalina.startup.VersionLoggerListener.log Server built:          Jan 10 2017 21:02:52 UTC
05-Jul-2023 09:37:42.860 情報 [main] org.apache.catalina.startup.VersionLoggerListener.log Server number:         8.5.11.0
05-Jul-2023 09:37:42.861 情報 [main] org.apache.catalina.startup.VersionLoggerListener.log OS Name:               Windows 10
05-Jul-2023 09:37:42.861 情報 [main] org.apache.catalina.startup.VersionLoggerListener.log OS Version:            10.0
05-Jul-2023 09:37:42.861 情報 [main] org.apache.catalina.startup.VersionLoggerListener.log Architecture:          x86
05-Jul-2023 09:37:42.861 情報 [main] org.apache.catalina.startup.VersionLoggerListener.log Java Home:             C:\Program Files (x86)\Java\jdk1.8.0_121\jre
05-Jul-2023 09:37:42.862 情報 [main] org.apache.catalina.startup.VersionLoggerListener.log JVM Version:           1.8.0_121-b13
05-Jul-2023 09:37:42.862 情報 [main] org.apache.catalina.startup.VersionLoggerListener.log JVM Vendor:            Oracle Corporation
05-Jul-2023 09:37:42.862 情報 [main] org.apache.catalina.startup.VersionLoggerListener.log CATALINA_BASE:         C:\Users\220102\Downloads\download\download\work\tomcat
05-Jul-2023 09:37:42.862 情報 [main] org.apache.catalina.startup.VersionLoggerListener.log CATALINA_HOME:         C:\Users\220102\Downloads\download\download\work\tomcat
05-Jul-2023 09:37:42.863 情報 [main] org.apache.catalina.startup.VersionLoggerListener.log Command line argument: -Djava.util.logging.config.file=C:\Users\220102\Downloads\download\download\work\tomcat\conf\logging.properties
05-Jul-2023 09:37:42.863 情報 [main] org.apache.catalina.startup.VersionLoggerListener.log Command line argument: -Djava.util.logging.manager=org.apache.juli.ClassLoaderLogManager
05-Jul-2023 09:37:42.863 情報 [main] org.apache.catalina.startup.VersionLoggerListener.log Command line argument: -Djava.net.preferIPv4Stack=true
05-Jul-2023 09:37:42.863 情報 [main] org.apache.catalina.startup.VersionLoggerListener.log Command line argument: -Djdk.tls.ephemeralDHKeySize=2048
05-Jul-2023 09:37:42.863 情報 [main] org.apache.catalina.startup.VersionLoggerListener.log Command line argument: -Djava.protocol.handler.pkgs=org.apache.catalina.webresources
05-Jul-2023 09:37:42.863 情報 [main] org.apache.catalina.startup.VersionLoggerListener.log Command line argument: -Dfile.encoding=UTF-8
05-Jul-2023 09:37:42.864 情報 [main] org.apache.catalina.startup.VersionLoggerListener.log Command line argument: -Dcatalina.base=C:\Users\220102\Downloads\download\download\work\tomcat
05-Jul-2023 09:37:42.864 情報 [main] org.apache.catalina.startup.VersionLoggerListener.log Command line argument: -Dcatalina.home=C:\Users\220102\Downloads\download\download\work\tomcat
05-Jul-2023 09:37:42.864 情報 [main] org.apache.catalina.startup.VersionLoggerListener.log Command line argument: -Djava.io.tmpdir=C:\Users\220102\Downloads\download\download\work\tomcat\temp
05-Jul-2023 09:37:42.864 情報 [main] org.apache.catalina.core.AprLifecycleListener.lifecycleEvent The APR based Apache Tomcat Native library which allows optimal performance in production environments was not found on the java.library.path: C:\Program Files (x86)\Java\jdk1.8.0_121\bin;C:\WINDOWS\Sun\Java\bin;C:\WINDOWS\system32;C:\WINDOWS;C:\Program Files (x86)\Java\jdk1.8.0_121\bin;C:\Program Files\Common Files\Oracle\Java\javapath;C:\Program Files (x86)\Common Files\Oracle\Java\javapath;C:\WINDOWS\system32;C:\WINDOWS;C:\WINDOWS\System32\Wbem;C:\WINDOWS\System32\WindowsPowerShell\v1.0\;C:\WINDOWS\System32\OpenSSH\;C:\Program Files\MySQL\MySQL Workbench 8.0;C:\Users\220102\AppData\Local\Programs\Python\Python311\Scripts\;C:\Users\220102\AppData\Local\Programs\Python\Python311\;C:\Users\220102\AppData\Local\Microsoft\WindowsApps;C:\Users\220102\AppData\Local\Programs\Microsoft VS Code\bin;C:\Users\220102\AppData\Local\Programs\Git\cmd;.
05-Jul-2023 09:37:42.989 情報 [main] org.apache.coyote.AbstractProtocol.init Initializing ProtocolHandler ["http-nio-8080"]
05-Jul-2023 09:37:43.338 情報 [main] org.apache.tomcat.util.net.NioSelectorPool.getSharedSelector Using a shared selector for servlet write/read
05-Jul-2023 09:37:43.341 情報 [main] org.apache.coyote.AbstractProtocol.init Initializing ProtocolHandler ["ajp-nio-8009"]
05-Jul-2023 09:37:43.343 情報 [main] org.apache.tomcat.util.net.NioSelectorPool.getSharedSelector Using a shared selector for servlet write/read
05-Jul-2023 09:37:43.343 情報 [main] org.apache.catalina.startup.Catalina.load Initialization processed in 712 ms
05-Jul-2023 09:37:43.363 情報 [main] org.apache.catalina.core.StandardService.startInternal サービス Catalina を起動します
05-Jul-2023 09:37:43.363 情報 [main] org.apache.catalina.core.StandardEngine.startInternal Starting Servlet Engine: Apache Tomcat/8.5.11
05-Jul-2023 09:37:43.368 情報 [localhost-startStop-1] org.apache.catalina.startup.HostConfig.deployDirectory Webアプリケーションディレクトリ C:\Users\220102\Downloads\download\download\work\tomcat\webapps\book を配備します
05-Jul-2023 09:37:43.830 情報 [localhost-startStop-1] org.apache.catalina.startup.HostConfig.deployDirectory Deployment of web application directory C:\Users\220102\Downloads\download\download\work\tomcat\webapps\book has finished in 460 ms
05-Jul-2023 09:37:43.830 情報 [localhost-startStop-1] org.apache.catalina.startup.HostConfig.deployDirectory Webアプリケーションディレクトリ C:\Users\220102\Downloads\download\download\work\tomcat\webapps\docs を配備します
05-Jul-2023 09:37:43.848 情報 [localhost-startStop-1] org.apache.catalina.startup.HostConfig.deployDirectory Deployment of web application directory C:\Users\220102\Downloads\download\download\work\tomcat\webapps\docs has finished in 18 ms
05-Jul-2023 09:37:43.848 情報 [localhost-startStop-1] org.apache.catalina.startup.HostConfig.deployDirectory Webアプリケーションディレクトリ C:\Users\220102\Downloads\download\download\work\tomcat\webapps\examples を配備します
05-Jul-2023 09:37:44.208 情報 [localhost-startStop-1] org.apache.catalina.startup.HostConfig.deployDirectory Deployment of web application directory C:\Users\220102\Downloads\download\download\work\tomcat\webapps\examples has finished in 360 ms
05-Jul-2023 09:37:44.208 情報 [localhost-startStop-1] org.apache.catalina.startup.HostConfig.deployDirectory Webアプリケーションディレクトリ C:\Users\220102\Downloads\download\download\work\tomcat\webapps\host-manager を配備します
05-Jul-2023 09:37:44.236 情報 [localhost-startStop-1] org.apache.catalina.startup.HostConfig.deployDirectory Deployment of web application directory C:\Users\220102\Downloads\download\download\work\tomcat\webapps\host-manager has finished in 28 ms
05-Jul-2023 09:37:44.236 情報 [localhost-startStop-1] org.apache.catalina.startup.HostConfig.deployDirectory Webアプリケーションディレクトリ C:\Users\220102\Downloads\download\download\work\tomcat\webapps\manager を配備します
05-Jul-2023 09:37:44.258 情報 [localhost-startStop-1] org.apache.catalina.startup.HostConfig.deployDirectory Deployment of web application directory C:\Users\220102\Downloads\download\download\work\tomcat\webapps\manager has finished in 21 ms
05-Jul-2023 09:37:44.258 情報 [localhost-startStop-1] org.apache.catalina.startup.HostConfig.deployDirectory Webアプリケーションディレクトリ C:\Users\220102\Downloads\download\download\work\tomcat\webapps\ROOT を配備します
05-Jul-2023 09:37:44.270 情報 [localhost-startStop-1] org.apache.catalina.startup.HostConfig.deployDirectory Deployment of web application directory C:\Users\220102\Downloads\download\download\work\tomcat\webapps\ROOT has finished in 12 ms
05-Jul-2023 09:37:44.270 情報 [localhost-startStop-1] org.apache.catalina.startup.HostConfig.deployDirectory Webアプリケーションディレクトリ C:\Users\220102\Downloads\download\download\work\tomcat\webapps\temp を配備します
05-Jul-2023 09:37:44.283 情報 [localhost-startStop-1] org.apache.catalina.startup.HostConfig.deployDirectory Deployment of web application directory C:\Users\220102\Downloads\download\download\work\tomcat\webapps\temp has finished in 13 ms
05-Jul-2023 09:37:44.283 情報 [main] org.apache.coyote.AbstractProtocol.start Starting ProtocolHandler [http-nio-8080]
05-Jul-2023 09:37:44.290 情報 [main] org.apache.coyote.AbstractProtocol.start Starting ProtocolHandler [ajp-nio-8009]
05-Jul-2023 09:37:44.290 情報 [main] org.apache.catalina.startup.Catalina.start Server startup in 951 ms
05-Jul-2023 10:02:36.424 情報 [Thread-5] org.apache.coyote.AbstractProtocol.pause Pausing ProtocolHandler ["http-nio-8080"]
05-Jul-2023 10:02:36.659 情報 [Thread-5] org.apache.coyote.AbstractProtocol.pause Pausing ProtocolHandler ["ajp-nio-8009"]
05-Jul-2023 10:02:36.887 情報 [Thread-5] org.apache.catalina.core.StandardService.stopInternal サービス Catalina を停止します
05-Jul-2023 10:02:36.901 情報 [Thread-5] org.apache.coyote.AbstractProtocol.stop Stopping ProtocolHandler ["http-nio-8080"]
05-Jul-2023 10:02:36.905 情報 [Thread-5] org.apache.coyote.AbstractProtocol.stop Stopping ProtocolHandler ["ajp-nio-8009"]
05-Jul-2023 10:02:36.906 情報 [Thread-5] org.apache.coyote.AbstractProtocol.destroy Destroying ProtocolHandler ["http-nio-8080"]
05-Jul-2023 10:02:36.906 情報 [Thread-5] org.apache.coyote.AbstractProtocol.destroy Destroying ProtocolHandler ["ajp-nio-8009"]
05-Jul-2023 10:02:38.140 重大 [main] org.apache.catalina.startup.Catalina.initDirs Cannot find specified temporary folder at C:\Users\220102\Downloads\download\download\work\tomcat\temp
05-Jul-2023 10:02:38.316 情報 [main] org.apache.catalina.startup.VersionLoggerListener.log Server version:        Apache Tomcat/8.5.11
05-Jul-2023 10:02:38.316 情報 [main] org.apache.catalina.startup.VersionLoggerListener.log Server built:          Jan 10 2017 21:02:52 UTC
05-Jul-2023 10:02:38.317 情報 [main] org.apache.catalina.startup.VersionLoggerListener.log Server number:         8.5.11.0
05-Jul-2023 10:02:38.317 情報 [main] org.apache.catalina.startup.VersionLoggerListener.log OS Name:               Windows 10
05-Jul-2023 10:02:38.317 情報 [main] org.apache.catalina.startup.VersionLoggerListener.log OS Version:            10.0
05-Jul-2023 10:02:38.317 情報 [main] org.apache.catalina.startup.VersionLoggerListener.log Architecture:          x86
05-Jul-2023 10:02:38.317 情報 [main] org.apache.catalina.startup.VersionLoggerListener.log Java Home:             C:\Program Files (x86)\Java\jdk1.8.0_121\jre
05-Jul-2023 10:02:38.318 情報 [main] org.apache.catalina.startup.VersionLoggerListener.log JVM Version:           1.8.0_121-b13
05-Jul-2023 10:02:38.318 情報 [main] org.apache.catalina.startup.VersionLoggerListener.log JVM Vendor:            Oracle Corporation
05-Jul-2023 10:02:38.318 情報 [main] org.apache.catalina.startup.VersionLoggerListener.log CATALINA_BASE:         C:\Users\220102\Downloads\download\download\work\tomcat
05-Jul-2023 10:02:38.318 情報 [main] org.apache.catalina.startup.VersionLoggerListener.log CATALINA_HOME:         C:\Users\220102\Downloads\download\download\work\tomcat
05-Jul-2023 10:02:38.319 情報 [main] org.apache.catalina.startup.VersionLoggerListener.log Command line argument: -Djava.util.logging.config.file=C:\Users\220102\Downloads\download\download\work\tomcat\conf\logging.properties
05-Jul-2023 10:02:38.319 情報 [main] org.apache.catalina.startup.VersionLoggerListener.log Command line argument: -Djava.util.logging.manager=org.apache.juli.ClassLoaderLogManager
05-Jul-2023 10:02:38.319 情報 [main] org.apache.catalina.startup.VersionLoggerListener.log Command line argument: -Djava.net.preferIPv4Stack=true
05-Jul-2023 10:02:38.319 情報 [main] org.apache.catalina.startup.VersionLoggerListener.log Command line argument: -Djdk.tls.ephemeralDHKeySize=2048
05-Jul-2023 10:02:38.319 情報 [main] org.apache.catalina.startup.VersionLoggerListener.log Command line argument: -Djava.protocol.handler.pkgs=org.apache.catalina.webresources
05-Jul-2023 10:02:38.319 情報 [main] org.apache.catalina.startup.VersionLoggerListener.log Command line argument: -Dfile.encoding=UTF-8
05-Jul-2023 10:02:38.320 情報 [main] org.apache.catalina.startup.VersionLoggerListener.log Command line argument: -Dcatalina.base=C:\Users\220102\Downloads\download\download\work\tomcat
05-Jul-2023 10:02:38.320 情報 [main] org.apache.catalina.startup.VersionLoggerListener.log Command line argument: -Dcatalina.home=C:\Users\220102\Downloads\download\download\work\tomcat
05-Jul-2023 10:02:38.320 情報 [main] org.apache.catalina.startup.VersionLoggerListener.log Command line argument: -Djava.io.tmpdir=C:\Users\220102\Downloads\download\download\work\tomcat\temp
05-Jul-2023 10:02:38.320 情報 [main] org.apache.catalina.core.AprLifecycleListener.lifecycleEvent The APR based Apache Tomcat Native library which allows optimal performance in production environments was not found on the java.library.path: C:\Program Files (x86)\Java\jdk1.8.0_121\bin;C:\WINDOWS\Sun\Java\bin;C:\WINDOWS\system32;C:\WINDOWS;C:\Program Files (x86)\Java\jdk1.8.0_121\bin;C:\Program Files\Common Files\Oracle\Java\javapath;C:\Program Files (x86)\Common Files\Oracle\Java\javapath;C:\WINDOWS\system32;C:\WINDOWS;C:\WINDOWS\System32\Wbem;C:\WINDOWS\System32\WindowsPowerShell\v1.0\;C:\WINDOWS\System32\OpenSSH\;C:\Program Files\MySQL\MySQL Workbench 8.0;C:\Users\220102\AppData\Local\Programs\Python\Python311\Scripts\;C:\Users\220102\AppData\Local\Programs\Python\Python311\;C:\Users\220102\AppData\Local\Microsoft\WindowsApps;C:\Users\220102\AppData\Local\Programs\Microsoft VS Code\bin;C:\Users\220102\AppData\Local\Programs\Git\cmd;.
05-Jul-2023 10:02:38.385 情報 [main] org.apache.coyote.AbstractProtocol.init Initializing ProtocolHandler ["http-nio-8080"]
05-Jul-2023 10:02:38.612 情報 [main] org.apache.tomcat.util.net.NioSelectorPool.getSharedSelector Using a shared selector for servlet write/read
05-Jul-2023 10:02:38.613 情報 [main] org.apache.coyote.AbstractProtocol.init Initializing ProtocolHandler ["ajp-nio-8009"]
05-Jul-2023 10:02:38.615 情報 [main] org.apache.tomcat.util.net.NioSelectorPool.getSharedSelector Using a shared selector for servlet write/read
05-Jul-2023 10:02:38.616 情報 [main] org.apache.catalina.startup.Catalina.load Initialization processed in 476 ms
05-Jul-2023 10:02:38.633 情報 [main] org.apache.catalina.core.StandardService.startInternal サービス Catalina を起動します
05-Jul-2023 10:02:38.634 情報 [main] org.apache.catalina.core.StandardEngine.startInternal Starting Servlet Engine: Apache Tomcat/8.5.11
05-Jul-2023 10:02:38.640 情報 [localhost-startStop-1] org.apache.catalina.startup.HostConfig.deployDirectory Webアプリケーションディレクトリ C:\Users\220102\Downloads\download\download\work\tomcat\webapps\book を配備します
05-Jul-2023 10:02:39.111 情報 [localhost-startStop-1] org.apache.catalina.startup.HostConfig.deployDirectory Deployment of web application directory C:\Users\220102\Downloads\download\download\work\tomcat\webapps\book has finished in 471 ms
05-Jul-2023 10:02:39.112 情報 [localhost-startStop-1] org.apache.catalina.startup.HostConfig.deployDirectory Webアプリケーションディレクトリ C:\Users\220102\Downloads\download\download\work\tomcat\webapps\docs を配備します
05-Jul-2023 10:02:39.126 情報 [localhost-startStop-1] org.apache.catalina.startup.HostConfig.deployDirectory Deployment of web application directory C:\Users\220102\Downloads\download\download\work\tomcat\webapps\docs has finished in 14 ms
05-Jul-2023 10:02:39.127 情報 [localhost-startStop-1] org.apache.catalina.startup.HostConfig.deployDirectory Webアプリケーションディレクトリ C:\Users\220102\Downloads\download\download\work\tomcat\webapps\examples を配備します
05-Jul-2023 10:02:39.398 情報 [localhost-startStop-1] org.apache.catalina.startup.HostConfig.deployDirectory Deployment of web application directory C:\Users\220102\Downloads\download\download\work\tomcat\webapps\examples has finished in 271 ms
05-Jul-2023 10:02:39.399 情報 [localhost-startStop-1] org.apache.catalina.startup.HostConfig.deployDirectory Webアプリケーションディレクトリ C:\Users\220102\Downloads\download\download\work\tomcat\webapps\host-manager を配備します
05-Jul-2023 10:02:39.421 情報 [localhost-startStop-1] org.apache.catalina.startup.HostConfig.deployDirectory Deployment of web application directory C:\Users\220102\Downloads\download\download\work\tomcat\webapps\host-manager has finished in 22 ms
05-Jul-2023 10:02:39.421 情報 [localhost-startStop-1] org.apache.catalina.startup.HostConfig.deployDirectory Webアプリケーションディレクトリ C:\Users\220102\Downloads\download\download\work\tomcat\webapps\manager を配備します
05-Jul-2023 10:02:39.443 情報 [localhost-startStop-1] org.apache.catalina.startup.HostConfig.deployDirectory Deployment of web application directory C:\Users\220102\Downloads\download\download\work\tomcat\webapps\manager has finished in 22 ms
05-Jul-2023 10:02:39.443 情報 [localhost-startStop-1] org.apache.catalina.startup.HostConfig.deployDirectory Webアプリケーションディレクトリ C:\Users\220102\Downloads\download\download\work\tomcat\webapps\ROOT を配備します
05-Jul-2023 10:02:39.460 情報 [localhost-startStop-1] org.apache.catalina.startup.HostConfig.deployDirectory Deployment of web application directory C:\Users\220102\Downloads\download\download\work\tomcat\webapps\ROOT has finished in 17 ms
05-Jul-2023 10:02:39.461 情報 [localhost-startStop-1] org.apache.catalina.startup.HostConfig.deployDirectory Webアプリケーションディレクトリ C:\Users\220102\Downloads\download\download\work\tomcat\webapps\temp を配備します
05-Jul-2023 10:02:39.471 情報 [localhost-startStop-1] org.apache.catalina.startup.HostConfig.deployDirectory Deployment of web application directory C:\Users\220102\Downloads\download\download\work\tomcat\webapps\temp has finished in 11 ms
05-Jul-2023 10:02:39.474 情報 [main] org.apache.coyote.AbstractProtocol.start Starting ProtocolHandler [http-nio-8080]
05-Jul-2023 10:02:39.479 情報 [main] org.apache.coyote.AbstractProtocol.start Starting ProtocolHandler [ajp-nio-8009]
05-Jul-2023 10:02:39.482 情報 [main] org.apache.catalina.startup.Catalina.start Server startup in 865 ms
05-Jul-2023 10:18:17.276 情報 [Thread-5] org.apache.coyote.AbstractProtocol.pause Pausing ProtocolHandler ["http-nio-8080"]
05-Jul-2023 10:18:17.506 情報 [Thread-5] org.apache.coyote.AbstractProtocol.pause Pausing ProtocolHandler ["ajp-nio-8009"]
05-Jul-2023 10:18:17.727 情報 [Thread-5] org.apache.catalina.core.StandardService.stopInternal サービス Catalina を停止します
05-Jul-2023 10:18:17.747 情報 [Thread-5] org.apache.coyote.AbstractProtocol.stop Stopping ProtocolHandler ["http-nio-8080"]
05-Jul-2023 10:18:17.750 情報 [Thread-5] org.apache.coyote.AbstractProtocol.stop Stopping ProtocolHandler ["ajp-nio-8009"]
05-Jul-2023 10:18:17.751 情報 [Thread-5] org.apache.coyote.AbstractProtocol.destroy Destroying ProtocolHandler ["http-nio-8080"]
05-Jul-2023 10:18:17.751 情報 [Thread-5] org.apache.coyote.AbstractProtocol.destroy Destroying ProtocolHandler ["ajp-nio-8009"]
05-Jul-2023 10:18:18.554 重大 [main] org.apache.catalina.startup.Catalina.initDirs Cannot find specified temporary folder at C:\Users\220102\Downloads\download\download\work\tomcat\temp
05-Jul-2023 10:18:18.724 情報 [main] org.apache.catalina.startup.VersionLoggerListener.log Server version:        Apache Tomcat/8.5.11
05-Jul-2023 10:18:18.724 情報 [main] org.apache.catalina.startup.VersionLoggerListener.log Server built:          Jan 10 2017 21:02:52 UTC
05-Jul-2023 10:18:18.724 情報 [main] org.apache.catalina.startup.VersionLoggerListener.log Server number:         8.5.11.0
05-Jul-2023 10:18:18.724 情報 [main] org.apache.catalina.startup.VersionLoggerListener.log OS Name:               Windows 10
05-Jul-2023 10:18:18.725 情報 [main] org.apache.catalina.startup.VersionLoggerListener.log OS Version:            10.0
05-Jul-2023 10:18:18.725 情報 [main] org.apache.catalina.startup.VersionLoggerListener.log Architecture:          x86
05-Jul-2023 10:18:18.725 情報 [main] org.apache.catalina.startup.VersionLoggerListener.log Java Home:             C:\Program Files (x86)\Java\jdk1.8.0_121\jre
05-Jul-2023 10:18:18.725 情報 [main] org.apache.catalina.startup.VersionLoggerListener.log JVM Version:           1.8.0_121-b13
05-Jul-2023 10:18:18.726 情報 [main] org.apache.catalina.startup.VersionLoggerListener.log JVM Vendor:            Oracle Corporation
05-Jul-2023 10:18:18.726 情報 [main] org.apache.catalina.startup.VersionLoggerListener.log CATALINA_BASE:         C:\Users\220102\Downloads\download\download\work\tomcat
05-Jul-2023 10:18:18.726 情報 [main] org.apache.catalina.startup.VersionLoggerListener.log CATALINA_HOME:         C:\Users\220102\Downloads\download\download\work\tomcat
05-Jul-2023 10:18:18.726 情報 [main] org.apache.catalina.startup.VersionLoggerListener.log Command line argument: -Djava.util.logging.config.file=C:\Users\220102\Downloads\download\download\work\tomcat\conf\logging.properties
05-Jul-2023 10:18:18.727 情報 [main] org.apache.catalina.startup.VersionLoggerListener.log Command line argument: -Djava.util.logging.manager=org.apache.juli.ClassLoaderLogManager
05-Jul-2023 10:18:18.727 情報 [main] org.apache.catalina.startup.VersionLoggerListener.log Command line argument: -Djava.net.preferIPv4Stack=true
05-Jul-2023 10:18:18.727 情報 [main] org.apache.catalina.startup.VersionLoggerListener.log Command line argument: -Djdk.tls.ephemeralDHKeySize=2048
05-Jul-2023 10:18:18.727 情報 [main] org.apache.catalina.startup.VersionLoggerListener.log Command line argument: -Djava.protocol.handler.pkgs=org.apache.catalina.webresources
05-Jul-2023 10:18:18.727 情報 [main] org.apache.catalina.startup.VersionLoggerListener.log Command line argument: -Dfile.encoding=UTF-8
05-Jul-2023 10:18:18.727 情報 [main] org.apache.catalina.startup.VersionLoggerListener.log Command line argument: -Dcatalina.base=C:\Users\220102\Downloads\download\download\work\tomcat
05-Jul-2023 10:18:18.728 情報 [main] org.apache.catalina.startup.VersionLoggerListener.log Command line argument: -Dcatalina.home=C:\Users\220102\Downloads\download\download\work\tomcat
05-Jul-2023 10:18:18.728 情報 [main] org.apache.catalina.startup.VersionLoggerListener.log Command line argument: -Djava.io.tmpdir=C:\Users\220102\Downloads\download\download\work\tomcat\temp
05-Jul-2023 10:18:18.728 情報 [main] org.apache.catalina.core.AprLifecycleListener.lifecycleEvent The APR based Apache Tomcat Native library which allows optimal performance in production environments was not found on the java.library.path: C:\Program Files (x86)\Java\jdk1.8.0_121\bin;C:\WINDOWS\Sun\Java\bin;C:\WINDOWS\system32;C:\WINDOWS;C:\Program Files (x86)\Java\jdk1.8.0_121\bin;C:\Program Files\Common Files\Oracle\Java\javapath;C:\Program Files (x86)\Common Files\Oracle\Java\javapath;C:\WINDOWS\system32;C:\WINDOWS;C:\WINDOWS\System32\Wbem;C:\WINDOWS\System32\WindowsPowerShell\v1.0\;C:\WINDOWS\System32\OpenSSH\;C:\Program Files\MySQL\MySQL Workbench 8.0;C:\Users\220102\AppData\Local\Programs\Python\Python311\Scripts\;C:\Users\220102\AppData\Local\Programs\Python\Python311\;C:\Users\220102\AppData\Local\Microsoft\WindowsApps;C:\Users\220102\AppData\Local\Programs\Microsoft VS Code\bin;C:\Users\220102\AppData\Local\Programs\Git\cmd;.
05-Jul-2023 10:18:18.793 情報 [main] org.apache.coyote.AbstractProtocol.init Initializing ProtocolHandler ["http-nio-8080"]
05-Jul-2023 10:18:19.014 情報 [main] org.apache.tomcat.util.net.NioSelectorPool.getSharedSelector Using a shared selector for servlet write/read
05-Jul-2023 10:18:19.015 情報 [main] org.apache.coyote.AbstractProtocol.init Initializing ProtocolHandler ["ajp-nio-8009"]
05-Jul-2023 10:18:19.017 情報 [main] org.apache.tomcat.util.net.NioSelectorPool.getSharedSelector Using a shared selector for servlet write/read
05-Jul-2023 10:18:19.018 情報 [main] org.apache.catalina.startup.Catalina.load Initialization processed in 464 ms
05-Jul-2023 10:18:19.034 情報 [main] org.apache.catalina.core.StandardService.startInternal サービス Catalina を起動します
05-Jul-2023 10:18:19.034 情報 [main] org.apache.catalina.core.StandardEngine.startInternal Starting Servlet Engine: Apache Tomcat/8.5.11
05-Jul-2023 10:18:19.040 情報 [localhost-startStop-1] org.apache.catalina.startup.HostConfig.deployDirectory Webアプリケーションディレクトリ C:\Users\220102\Downloads\download\download\work\tomcat\webapps\book を配備します
05-Jul-2023 10:18:19.409 情報 [localhost-startStop-1] org.apache.catalina.startup.HostConfig.deployDirectory Deployment of web application directory C:\Users\220102\Downloads\download\download\work\tomcat\webapps\book has finished in 368 ms
05-Jul-2023 10:18:19.412 情報 [localhost-startStop-1] org.apache.catalina.startup.HostConfig.deployDirectory Webアプリケーションディレクトリ C:\Users\220102\Downloads\download\download\work\tomcat\webapps\docs を配備します
05-Jul-2023 10:18:19.423 情報 [localhost-startStop-1] org.apache.catalina.startup.HostConfig.deployDirectory Deployment of web application directory C:\Users\220102\Downloads\download\download\work\tomcat\webapps\docs has finished in 11 ms
05-Jul-2023 10:18:19.424 情報 [localhost-startStop-1] org.apache.catalina.startup.HostConfig.deployDirectory Webアプリケーションディレクトリ C:\Users\220102\Downloads\download\download\work\tomcat\webapps\examples を配備します
05-Jul-2023 10:18:19.599 情報 [localhost-startStop-1] org.apache.catalina.startup.HostConfig.deployDirectory Deployment of web application directory C:\Users\220102\Downloads\download\download\work\tomcat\webapps\examples has finished in 174 ms
05-Jul-2023 10:18:19.599 情報 [localhost-startStop-1] org.apache.catalina.startup.HostConfig.deployDirectory Webアプリケーションディレクトリ C:\Users\220102\Downloads\download\download\work\tomcat\webapps\host-manager を配備します
05-Jul-2023 10:18:19.617 情報 [localhost-startStop-1] org.apache.catalina.startup.HostConfig.deployDirectory Deployment of web application directory C:\Users\220102\Downloads\download\download\work\tomcat\webapps\host-manager has finished in 18 ms
05-Jul-2023 10:18:19.617 情報 [localhost-startStop-1] org.apache.catalina.startup.HostConfig.deployDirectory Webアプリケーションディレクトリ C:\Users\220102\Downloads\download\download\work\tomcat\webapps\manager を配備します
05-Jul-2023 10:18:19.633 情報 [localhost-startStop-1] org.apache.catalina.startup.HostConfig.deployDirectory Deployment of web application directory C:\Users\220102\Downloads\download\download\work\tomcat\webapps\manager has finished in 16 ms
05-Jul-2023 10:18:19.633 情報 [localhost-startStop-1] org.apache.catalina.startup.HostConfig.deployDirectory Webアプリケーションディレクトリ C:\Users\220102\Downloads\download\download\work\tomcat\webapps\ROOT を配備します
05-Jul-2023 10:18:19.648 情報 [localhost-startStop-1] org.apache.catalina.startup.HostConfig.deployDirectory Deployment of web application directory C:\Users\220102\Downloads\download\download\work\tomcat\webapps\ROOT has finished in 14 ms
05-Jul-2023 10:18:19.648 情報 [localhost-startStop-1] org.apache.catalina.startup.HostConfig.deployDirectory Webアプリケーションディレクトリ C:\Users\220102\Downloads\download\download\work\tomcat\webapps\temp を配備します
05-Jul-2023 10:18:19.662 情報 [localhost-startStop-1] org.apache.catalina.startup.HostConfig.deployDirectory Deployment of web application directory C:\Users\220102\Downloads\download\download\work\tomcat\webapps\temp has finished in 14 ms
05-Jul-2023 10:18:19.666 情報 [main] org.apache.coyote.AbstractProtocol.start Starting ProtocolHandler [http-nio-8080]
05-Jul-2023 10:18:19.671 情報 [main] org.apache.coyote.AbstractProtocol.start Starting ProtocolHandler [ajp-nio-8009]
05-Jul-2023 10:18:19.673 情報 [main] org.apache.catalina.startup.Catalina.start Server startup in 654 ms
05-Jul-2023 10:19:07.576 情報 [Thread-5] org.apache.coyote.AbstractProtocol.pause Pausing ProtocolHandler ["http-nio-8080"]
05-Jul-2023 10:19:07.809 情報 [Thread-5] org.apache.coyote.AbstractProtocol.pause Pausing ProtocolHandler ["ajp-nio-8009"]
05-Jul-2023 10:19:08.028 情報 [Thread-5] org.apache.catalina.core.StandardService.stopInternal サービス Catalina を停止します
05-Jul-2023 10:19:08.044 情報 [Thread-5] org.apache.coyote.AbstractProtocol.stop Stopping ProtocolHandler ["http-nio-8080"]
05-Jul-2023 10:19:08.044 情報 [Thread-5] org.apache.coyote.AbstractProtocol.stop Stopping ProtocolHandler ["ajp-nio-8009"]
05-Jul-2023 10:19:08.044 情報 [Thread-5] org.apache.coyote.AbstractProtocol.destroy Destroying ProtocolHandler ["http-nio-8080"]
05-Jul-2023 10:19:08.044 情報 [Thread-5] org.apache.coyote.AbstractProtocol.destroy Destroying ProtocolHandler ["ajp-nio-8009"]
05-Jul-2023 10:19:08.752 重大 [main] org.apache.catalina.startup.Catalina.initDirs Cannot find specified temporary folder at C:\Users\220102\Downloads\download\download\work\tomcat\temp
05-Jul-2023 10:19:08.924 情報 [main] org.apache.catalina.startup.VersionLoggerListener.log Server version:        Apache Tomcat/8.5.11
05-Jul-2023 10:19:08.924 情報 [main] org.apache.catalina.startup.VersionLoggerListener.log Server built:          Jan 10 2017 21:02:52 UTC
05-Jul-2023 10:19:08.924 情報 [main] org.apache.catalina.startup.VersionLoggerListener.log Server number:         8.5.11.0
05-Jul-2023 10:19:08.924 情報 [main] org.apache.catalina.startup.VersionLoggerListener.log OS Name:               Windows 10
05-Jul-2023 10:19:08.924 情報 [main] org.apache.catalina.startup.VersionLoggerListener.log OS Version:            10.0
05-Jul-2023 10:19:08.924 情報 [main] org.apache.catalina.startup.VersionLoggerListener.log Architecture:          x86
05-Jul-2023 10:19:08.924 情報 [main] org.apache.catalina.startup.VersionLoggerListener.log Java Home:             C:\Program Files (x86)\Java\jdk1.8.0_121\jre
05-Jul-2023 10:19:08.924 情報 [main] org.apache.catalina.startup.VersionLoggerListener.log JVM Version:           1.8.0_121-b13
05-Jul-2023 10:19:08.924 情報 [main] org.apache.catalina.startup.VersionLoggerListener.log JVM Vendor:            Oracle Corporation
05-Jul-2023 10:19:08.924 情報 [main] org.apache.catalina.startup.VersionLoggerListener.log CATALINA_BASE:         C:\Users\220102\Downloads\download\download\work\tomcat
05-Jul-2023 10:19:08.924 情報 [main] org.apache.catalina.startup.VersionLoggerListener.log CATALINA_HOME:         C:\Users\220102\Downloads\download\download\work\tomcat
05-Jul-2023 10:19:08.924 情報 [main] org.apache.catalina.startup.VersionLoggerListener.log Command line argument: -Djava.util.logging.config.file=C:\Users\220102\Downloads\download\download\work\tomcat\conf\logging.properties
05-Jul-2023 10:19:08.924 情報 [main] org.apache.catalina.startup.VersionLoggerListener.log Command line argument: -Djava.util.logging.manager=org.apache.juli.ClassLoaderLogManager
05-Jul-2023 10:19:08.924 情報 [main] org.apache.catalina.startup.VersionLoggerListener.log Command line argument: -Djava.net.preferIPv4Stack=true
05-Jul-2023 10:19:08.924 情報 [main] org.apache.catalina.startup.VersionLoggerListener.log Command line argument: -Djdk.tls.ephemeralDHKeySize=2048
05-Jul-2023 10:19:08.924 情報 [main] org.apache.catalina.startup.VersionLoggerListener.log Command line argument: -Djava.protocol.handler.pkgs=org.apache.catalina.webresources
05-Jul-2023 10:19:08.924 情報 [main] org.apache.catalina.startup.VersionLoggerListener.log Command line argument: -Dfile.encoding=UTF-8
05-Jul-2023 10:19:08.924 情報 [main] org.apache.catalina.startup.VersionLoggerListener.log Command line argument: -Dcatalina.base=C:\Users\220102\Downloads\download\download\work\tomcat
05-Jul-2023 10:19:08.924 情報 [main] org.apache.catalina.startup.VersionLoggerListener.log Command line argument: -Dcatalina.home=C:\Users\220102\Downloads\download\download\work\tomcat
05-Jul-2023 10:19:08.924 情報 [main] org.apache.catalina.startup.VersionLoggerListener.log Command line argument: -Djava.io.tmpdir=C:\Users\220102\Downloads\download\download\work\tomcat\temp
05-Jul-2023 10:19:08.924 情報 [main] org.apache.catalina.core.AprLifecycleListener.lifecycleEvent The APR based Apache Tomcat Native library which allows optimal performance in production environments was not found on the java.library.path: C:\Program Files (x86)\Java\jdk1.8.0_121\bin;C:\WINDOWS\Sun\Java\bin;C:\WINDOWS\system32;C:\WINDOWS;C:\Program Files (x86)\Java\jdk1.8.0_121\bin;C:\Program Files\Common Files\Oracle\Java\javapath;C:\Program Files (x86)\Common Files\Oracle\Java\javapath;C:\WINDOWS\system32;C:\WINDOWS;C:\WINDOWS\System32\Wbem;C:\WINDOWS\System32\WindowsPowerShell\v1.0\;C:\WINDOWS\System32\OpenSSH\;C:\Program Files\MySQL\MySQL Workbench 8.0;C:\Users\220102\AppData\Local\Programs\Python\Python311\Scripts\;C:\Users\220102\AppData\Local\Programs\Python\Python311\;C:\Users\220102\AppData\Local\Microsoft\WindowsApps;C:\Users\220102\AppData\Local\Programs\Microsoft VS Code\bin;C:\Users\220102\AppData\Local\Programs\Git\cmd;.
05-Jul-2023 10:19:08.987 情報 [main] org.apache.coyote.AbstractProtocol.init Initializing ProtocolHandler ["http-nio-8080"]
05-Jul-2023 10:19:09.213 情報 [main] org.apache.tomcat.util.net.NioSelectorPool.getSharedSelector Using a shared selector for servlet write/read
05-Jul-2023 10:19:09.215 情報 [main] org.apache.coyote.AbstractProtocol.init Initializing ProtocolHandler ["ajp-nio-8009"]
05-Jul-2023 10:19:09.217 情報 [main] org.apache.tomcat.util.net.NioSelectorPool.getSharedSelector Using a shared selector for servlet write/read
05-Jul-2023 10:19:09.218 情報 [main] org.apache.catalina.startup.Catalina.load Initialization processed in 460 ms
05-Jul-2023 10:19:09.233 情報 [main] org.apache.catalina.core.StandardService.startInternal サービス Catalina を起動します
05-Jul-2023 10:19:09.233 情報 [main] org.apache.catalina.core.StandardEngine.startInternal Starting Servlet Engine: Apache Tomcat/8.5.11
05-Jul-2023 10:19:09.238 情報 [localhost-startStop-1] org.apache.catalina.startup.HostConfig.deployDirectory Webアプリケーションディレクトリ C:\Users\220102\Downloads\download\download\work\tomcat\webapps\book を配備します
05-Jul-2023 10:19:09.646 情報 [localhost-startStop-1] org.apache.catalina.startup.HostConfig.deployDirectory Deployment of web application directory C:\Users\220102\Downloads\download\download\work\tomcat\webapps\book has finished in 408 ms
05-Jul-2023 10:19:09.647 情報 [localhost-startStop-1] org.apache.catalina.startup.HostConfig.deployDirectory Webアプリケーションディレクトリ C:\Users\220102\Downloads\download\download\work\tomcat\webapps\docs を配備します
05-Jul-2023 10:19:09.660 情報 [localhost-startStop-1] org.apache.catalina.startup.HostConfig.deployDirectory Deployment of web application directory C:\Users\220102\Downloads\download\download\work\tomcat\webapps\docs has finished in 13 ms
05-Jul-2023 10:19:09.660 情報 [localhost-startStop-1] org.apache.catalina.startup.HostConfig.deployDirectory Webアプリケーションディレクトリ C:\Users\220102\Downloads\download\download\work\tomcat\webapps\examples を配備します
05-Jul-2023 10:19:09.836 情報 [localhost-startStop-1] org.apache.catalina.startup.HostConfig.deployDirectory Deployment of web application directory C:\Users\220102\Downloads\download\download\work\tomcat\webapps\examples has finished in 176 ms
05-Jul-2023 10:19:09.836 情報 [localhost-startStop-1] org.apache.catalina.startup.HostConfig.deployDirectory Webアプリケーションディレクトリ C:\Users\220102\Downloads\download\download\work\tomcat\webapps\host-manager を配備します
05-Jul-2023 10:19:09.855 情報 [localhost-startStop-1] org.apache.catalina.startup.HostConfig.deployDirectory Deployment of web application directory C:\Users\220102\Downloads\download\download\work\tomcat\webapps\host-manager has finished in 19 ms
05-Jul-2023 10:19:09.856 情報 [localhost-startStop-1] org.apache.catalina.startup.HostConfig.deployDirectory Webアプリケーションディレクトリ C:\Users\220102\Downloads\download\download\work\tomcat\webapps\manager を配備します
05-Jul-2023 10:19:09.871 情報 [localhost-startStop-1] org.apache.catalina.startup.HostConfig.deployDirectory Deployment of web application directory C:\Users\220102\Downloads\download\download\work\tomcat\webapps\manager has finished in 16 ms
05-Jul-2023 10:19:09.871 情報 [localhost-startStop-1] org.apache.catalina.startup.HostConfig.deployDirectory Webアプリケーションディレクトリ C:\Users\220102\Downloads\download\download\work\tomcat\webapps\ROOT を配備します
05-Jul-2023 10:19:09.882 情報 [localhost-startStop-1] org.apache.catalina.startup.HostConfig.deployDirectory Deployment of web application directory C:\Users\220102\Downloads\download\download\work\tomcat\webapps\ROOT has finished in 11 ms
05-Jul-2023 10:19:09.882 情報 [localhost-startStop-1] org.apache.catalina.startup.HostConfig.deployDirectory Webアプリケーションディレクトリ C:\Users\220102\Downloads\download\download\work\tomcat\webapps\temp を配備します
05-Jul-2023 10:19:09.896 情報 [localhost-startStop-1] org.apache.catalina.startup.HostConfig.deployDirectory Deployment of web application directory C:\Users\220102\Downloads\download\download\work\tomcat\webapps\temp has finished in 14 ms
05-Jul-2023 10:19:09.898 情報 [main] org.apache.coyote.AbstractProtocol.start Starting ProtocolHandler [http-nio-8080]
05-Jul-2023 10:19:09.903 情報 [main] org.apache.coyote.AbstractProtocol.start Starting ProtocolHandler [ajp-nio-8009]
05-Jul-2023 10:19:09.904 情報 [main] org.apache.catalina.startup.Catalina.start Server startup in 686 ms
05-Jul-2023 10:19:57.090 情報 [Thread-5] org.apache.coyote.AbstractProtocol.pause Pausing ProtocolHandler ["http-nio-8080"]
05-Jul-2023 10:19:57.321 情報 [Thread-5] org.apache.coyote.AbstractProtocol.pause Pausing ProtocolHandler ["ajp-nio-8009"]
05-Jul-2023 10:19:57.544 情報 [Thread-5] org.apache.catalina.core.StandardService.stopInternal サービス Catalina を停止します
05-Jul-2023 10:19:57.559 情報 [Thread-5] org.apache.coyote.AbstractProtocol.stop Stopping ProtocolHandler ["http-nio-8080"]
05-Jul-2023 10:19:57.559 情報 [Thread-5] org.apache.coyote.AbstractProtocol.stop Stopping ProtocolHandler ["ajp-nio-8009"]
05-Jul-2023 10:19:57.559 情報 [Thread-5] org.apache.coyote.AbstractProtocol.destroy Destroying ProtocolHandler ["http-nio-8080"]
05-Jul-2023 10:19:57.559 情報 [Thread-5] org.apache.coyote.AbstractProtocol.destroy Destroying ProtocolHandler ["ajp-nio-8009"]
05-Jul-2023 10:20:00.961 重大 [main] org.apache.catalina.startup.Catalina.initDirs Cannot find specified temporary folder at C:\Users\220102\Downloads\download\download\work\tomcat\temp
05-Jul-2023 10:20:01.133 情報 [main] org.apache.catalina.startup.VersionLoggerListener.log Server version:        Apache Tomcat/8.5.11
05-Jul-2023 10:20:01.133 情報 [main] org.apache.catalina.startup.VersionLoggerListener.log Server built:          Jan 10 2017 21:02:52 UTC
05-Jul-2023 10:20:01.133 情報 [main] org.apache.catalina.startup.VersionLoggerListener.log Server number:         8.5.11.0
05-Jul-2023 10:20:01.133 情報 [main] org.apache.catalina.startup.VersionLoggerListener.log OS Name:               Windows 10
05-Jul-2023 10:20:01.133 情報 [main] org.apache.catalina.startup.VersionLoggerListener.log OS Version:            10.0
05-Jul-2023 10:20:01.133 情報 [main] org.apache.catalina.startup.VersionLoggerListener.log Architecture:          x86
05-Jul-2023 10:20:01.133 情報 [main] org.apache.catalina.startup.VersionLoggerListener.log Java Home:             C:\Program Files (x86)\Java\jdk1.8.0_121\jre
05-Jul-2023 10:20:01.133 情報 [main] org.apache.catalina.startup.VersionLoggerListener.log JVM Version:           1.8.0_121-b13
05-Jul-2023 10:20:01.133 情報 [main] org.apache.catalina.startup.VersionLoggerListener.log JVM Vendor:            Oracle Corporation
05-Jul-2023 10:20:01.133 情報 [main] org.apache.catalina.startup.VersionLoggerListener.log CATALINA_BASE:         C:\Users\220102\Downloads\download\download\work\tomcat
05-Jul-2023 10:20:01.133 情報 [main] org.apache.catalina.startup.VersionLoggerListener.log CATALINA_HOME:         C:\Users\220102\Downloads\download\download\work\tomcat
05-Jul-2023 10:20:01.133 情報 [main] org.apache.catalina.startup.VersionLoggerListener.log Command line argument: -Djava.util.logging.config.file=C:\Users\220102\Downloads\download\download\work\tomcat\conf\logging.properties
05-Jul-2023 10:20:01.133 情報 [main] org.apache.catalina.startup.VersionLoggerListener.log Command line argument: -Djava.util.logging.manager=org.apache.juli.ClassLoaderLogManager
05-Jul-2023 10:20:01.133 情報 [main] org.apache.catalina.startup.VersionLoggerListener.log Command line argument: -Djava.net.preferIPv4Stack=true
05-Jul-2023 10:20:01.133 情報 [main] org.apache.catalina.startup.VersionLoggerListener.log Command line argument: -Djdk.tls.ephemeralDHKeySize=2048
05-Jul-2023 10:20:01.133 情報 [main] org.apache.catalina.startup.VersionLoggerListener.log Command line argument: -Djava.protocol.handler.pkgs=org.apache.catalina.webresources
05-Jul-2023 10:20:01.133 情報 [main] org.apache.catalina.startup.VersionLoggerListener.log Command line argument: -Dfile.encoding=UTF-8
05-Jul-2023 10:20:01.133 情報 [main] org.apache.catalina.startup.VersionLoggerListener.log Command line argument: -Dcatalina.base=C:\Users\220102\Downloads\download\download\work\tomcat
05-Jul-2023 10:20:01.133 情報 [main] org.apache.catalina.startup.VersionLoggerListener.log Command line argument: -Dcatalina.home=C:\Users\220102\Downloads\download\download\work\tomcat
05-Jul-2023 10:20:01.133 情報 [main] org.apache.catalina.startup.VersionLoggerListener.log Command line argument: -Djava.io.tmpdir=C:\Users\220102\Downloads\download\download\work\tomcat\temp
05-Jul-2023 10:20:01.133 情報 [main] org.apache.catalina.core.AprLifecycleListener.lifecycleEvent The APR based Apache Tomcat Native library which allows optimal performance in production environments was not found on the java.library.path: C:\Program Files (x86)\Java\jdk1.8.0_121\bin;C:\WINDOWS\Sun\Java\bin;C:\WINDOWS\system32;C:\WINDOWS;C:\Program Files (x86)\Java\jdk1.8.0_121\bin;C:\Program Files\Common Files\Oracle\Java\javapath;C:\Program Files (x86)\Common Files\Oracle\Java\javapath;C:\WINDOWS\system32;C:\WINDOWS;C:\WINDOWS\System32\Wbem;C:\WINDOWS\System32\WindowsPowerShell\v1.0\;C:\WINDOWS\System32\OpenSSH\;C:\Program Files\MySQL\MySQL Workbench 8.0;C:\Users\220102\AppData\Local\Programs\Python\Python311\Scripts\;C:\Users\220102\AppData\Local\Programs\Python\Python311\;C:\Users\220102\AppData\Local\Microsoft\WindowsApps;C:\Users\220102\AppData\Local\Programs\Microsoft VS Code\bin;C:\Users\220102\AppData\Local\Programs\Git\cmd;.
05-Jul-2023 10:20:01.195 情報 [main] org.apache.coyote.AbstractProtocol.init Initializing ProtocolHandler ["http-nio-8080"]
05-Jul-2023 10:20:01.414 情報 [main] org.apache.tomcat.util.net.NioSelectorPool.getSharedSelector Using a shared selector for servlet write/read
05-Jul-2023 10:20:01.414 情報 [main] org.apache.coyote.AbstractProtocol.init Initializing ProtocolHandler ["ajp-nio-8009"]
05-Jul-2023 10:20:01.414 情報 [main] org.apache.tomcat.util.net.NioSelectorPool.getSharedSelector Using a shared selector for servlet write/read
05-Jul-2023 10:20:01.414 情報 [main] org.apache.catalina.startup.Catalina.load Initialization processed in 453 ms
05-Jul-2023 10:20:01.429 情報 [main] org.apache.catalina.core.StandardService.startInternal サービス Catalina を起動します
05-Jul-2023 10:20:01.429 情報 [main] org.apache.catalina.core.StandardEngine.startInternal Starting Servlet Engine: Apache Tomcat/8.5.11
05-Jul-2023 10:20:01.429 情報 [localhost-startStop-1] org.apache.catalina.startup.HostConfig.deployDirectory Webアプリケーションディレクトリ C:\Users\220102\Downloads\download\download\work\tomcat\webapps\book を配備します
05-Jul-2023 10:20:01.820 情報 [localhost-startStop-1] org.apache.catalina.startup.HostConfig.deployDirectory Deployment of web application directory C:\Users\220102\Downloads\download\download\work\tomcat\webapps\book has finished in 376 ms
05-Jul-2023 10:20:01.820 情報 [localhost-startStop-1] org.apache.catalina.startup.HostConfig.deployDirectory Webアプリケーションディレクトリ C:\Users\220102\Downloads\download\download\work\tomcat\webapps\docs を配備します
05-Jul-2023 10:20:01.820 情報 [localhost-startStop-1] org.apache.catalina.startup.HostConfig.deployDirectory Deployment of web application directory C:\Users\220102\Downloads\download\download\work\tomcat\webapps\docs has finished in 0 ms
05-Jul-2023 10:20:01.820 情報 [localhost-startStop-1] org.apache.catalina.startup.HostConfig.deployDirectory Webアプリケーションディレクトリ C:\Users\220102\Downloads\download\download\work\tomcat\webapps\examples を配備します
05-Jul-2023 10:20:02.018 情報 [localhost-startStop-1] org.apache.catalina.startup.HostConfig.deployDirectory Deployment of web application directory C:\Users\220102\Downloads\download\download\work\tomcat\webapps\examples has finished in 198 ms
05-Jul-2023 10:20:02.018 情報 [localhost-startStop-1] org.apache.catalina.startup.HostConfig.deployDirectory Webアプリケーションディレクトリ C:\Users\220102\Downloads\download\download\work\tomcat\webapps\host-manager を配備します
05-Jul-2023 10:20:02.034 情報 [localhost-startStop-1] org.apache.catalina.startup.HostConfig.deployDirectory Deployment of web application directory C:\Users\220102\Downloads\download\download\work\tomcat\webapps\host-manager has finished in 16 ms
05-Jul-2023 10:20:02.034 情報 [localhost-startStop-1] org.apache.catalina.startup.HostConfig.deployDirectory Webアプリケーションディレクトリ C:\Users\220102\Downloads\download\download\work\tomcat\webapps\manager を配備します
05-Jul-2023 10:20:02.047 情報 [localhost-startStop-1] org.apache.catalina.startup.HostConfig.deployDirectory Deployment of web application directory C:\Users\220102\Downloads\download\download\work\tomcat\webapps\manager has finished in 13 ms
05-Jul-2023 10:20:02.047 情報 [localhost-startStop-1] org.apache.catalina.startup.HostConfig.deployDirectory Webアプリケーションディレクトリ C:\Users\220102\Downloads\download\download\work\tomcat\webapps\ROOT を配備します
05-Jul-2023 10:20:02.061 情報 [localhost-startStop-1] org.apache.catalina.startup.HostConfig.deployDirectory Deployment of web application directory C:\Users\220102\Downloads\download\download\work\tomcat\webapps\ROOT has finished in 14 ms
05-Jul-2023 10:20:02.061 情報 [localhost-startStop-1] org.apache.catalina.startup.HostConfig.deployDirectory Webアプリケーションディレクトリ C:\Users\220102\Downloads\download\download\work\tomcat\webapps\temp を配備します
05-Jul-2023 10:20:02.075 情報 [localhost-startStop-1] org.apache.catalina.startup.HostConfig.deployDirectory Deployment of web application directory C:\Users\220102\Downloads\download\download\work\tomcat\webapps\temp has finished in 13 ms
05-Jul-2023 10:20:02.077 情報 [main] org.apache.coyote.AbstractProtocol.start Starting ProtocolHandler [http-nio-8080]
05-Jul-2023 10:20:02.082 情報 [main] org.apache.coyote.AbstractProtocol.start Starting ProtocolHandler [ajp-nio-8009]
05-Jul-2023 10:20:02.083 情報 [main] org.apache.catalina.startup.Catalina.start Server startup in 664 ms
05-Jul-2023 11:13:53.812 情報 [Thread-5] org.apache.coyote.AbstractProtocol.pause Pausing ProtocolHandler ["http-nio-8080"]
05-Jul-2023 11:13:54.062 情報 [Thread-5] org.apache.coyote.AbstractProtocol.pause Pausing ProtocolHandler ["ajp-nio-8009"]
05-Jul-2023 11:13:54.290 情報 [Thread-5] org.apache.catalina.core.StandardService.stopInternal サービス Catalina を停止します
05-Jul-2023 11:13:54.306 情報 [Thread-5] org.apache.coyote.AbstractProtocol.stop Stopping ProtocolHandler ["http-nio-8080"]
05-Jul-2023 11:13:54.306 情報 [Thread-5] org.apache.coyote.AbstractProtocol.stop Stopping ProtocolHandler ["ajp-nio-8009"]
05-Jul-2023 11:13:54.306 情報 [Thread-5] org.apache.coyote.AbstractProtocol.destroy Destroying ProtocolHandler ["http-nio-8080"]
05-Jul-2023 11:13:54.306 情報 [Thread-5] org.apache.coyote.AbstractProtocol.destroy Destroying ProtocolHandler ["ajp-nio-8009"]
05-Jul-2023 11:13:55.743 重大 [main] org.apache.catalina.startup.Catalina.initDirs Cannot find specified temporary folder at C:\Users\220102\Downloads\download\download\work\tomcat\temp
05-Jul-2023 11:13:55.944 情報 [main] org.apache.catalina.startup.VersionLoggerListener.log Server version:        Apache Tomcat/8.5.11
05-Jul-2023 11:13:55.945 情報 [main] org.apache.catalina.startup.VersionLoggerListener.log Server built:          Jan 10 2017 21:02:52 UTC
05-Jul-2023 11:13:55.945 情報 [main] org.apache.catalina.startup.VersionLoggerListener.log Server number:         8.5.11.0
05-Jul-2023 11:13:55.945 情報 [main] org.apache.catalina.startup.VersionLoggerListener.log OS Name:               Windows 10
05-Jul-2023 11:13:55.945 情報 [main] org.apache.catalina.startup.VersionLoggerListener.log OS Version:            10.0
05-Jul-2023 11:13:55.945 情報 [main] org.apache.catalina.startup.VersionLoggerListener.log Architecture:          x86
05-Jul-2023 11:13:55.946 情報 [main] org.apache.catalina.startup.VersionLoggerListener.log Java Home:             C:\Program Files (x86)\Java\jdk1.8.0_121\jre
05-Jul-2023 11:13:55.946 情報 [main] org.apache.catalina.startup.VersionLoggerListener.log JVM Version:           1.8.0_121-b13
05-Jul-2023 11:13:55.946 情報 [main] org.apache.catalina.startup.VersionLoggerListener.log JVM Vendor:            Oracle Corporation
05-Jul-2023 11:13:55.946 情報 [main] org.apache.catalina.startup.VersionLoggerListener.log CATALINA_BASE:         C:\Users\220102\Downloads\download\download\work\tomcat
05-Jul-2023 11:13:55.946 情報 [main] org.apache.catalina.startup.VersionLoggerListener.log CATALINA_HOME:         C:\Users\220102\Downloads\download\download\work\tomcat
05-Jul-2023 11:13:55.947 情報 [main] org.apache.catalina.startup.VersionLoggerListener.log Command line argument: -Djava.util.logging.config.file=C:\Users\220102\Downloads\download\download\work\tomcat\conf\logging.properties
05-Jul-2023 11:13:55.947 情報 [main] org.apache.catalina.startup.VersionLoggerListener.log Command line argument: -Djava.util.logging.manager=org.apache.juli.ClassLoaderLogManager
05-Jul-2023 11:13:55.947 情報 [main] org.apache.catalina.startup.VersionLoggerListener.log Command line argument: -Djava.net.preferIPv4Stack=true
05-Jul-2023 11:13:55.947 情報 [main] org.apache.catalina.startup.VersionLoggerListener.log Command line argument: -Djdk.tls.ephemeralDHKeySize=2048
05-Jul-2023 11:13:55.947 情報 [main] org.apache.catalina.startup.VersionLoggerListener.log Command line argument: -Djava.protocol.handler.pkgs=org.apache.catalina.webresources
05-Jul-2023 11:13:55.948 情報 [main] org.apache.catalina.startup.VersionLoggerListener.log Command line argument: -Dfile.encoding=UTF-8
05-Jul-2023 11:13:55.948 情報 [main] org.apache.catalina.startup.VersionLoggerListener.log Command line argument: -Dcatalina.base=C:\Users\220102\Downloads\download\download\work\tomcat
05-Jul-2023 11:13:55.948 情報 [main] org.apache.catalina.startup.VersionLoggerListener.log Command line argument: -Dcatalina.home=C:\Users\220102\Downloads\download\download\work\tomcat
05-Jul-2023 11:13:55.948 情報 [main] org.apache.catalina.startup.VersionLoggerListener.log Command line argument: -Djava.io.tmpdir=C:\Users\220102\Downloads\download\download\work\tomcat\temp
05-Jul-2023 11:13:55.948 情報 [main] org.apache.catalina.core.AprLifecycleListener.lifecycleEvent The APR based Apache Tomcat Native library which allows optimal performance in production environments was not found on the java.library.path: C:\Program Files (x86)\Java\jdk1.8.0_121\bin;C:\WINDOWS\Sun\Java\bin;C:\WINDOWS\system32;C:\WINDOWS;C:\Program Files (x86)\Java\jdk1.8.0_121\bin;C:\Program Files\Common Files\Oracle\Java\javapath;C:\Program Files (x86)\Common Files\Oracle\Java\javapath;C:\WINDOWS\system32;C:\WINDOWS;C:\WINDOWS\System32\Wbem;C:\WINDOWS\System32\WindowsPowerShell\v1.0\;C:\WINDOWS\System32\OpenSSH\;C:\Program Files\MySQL\MySQL Workbench 8.0;C:\Users\220102\AppData\Local\Programs\Python\Python311\Scripts\;C:\Users\220102\AppData\Local\Programs\Python\Python311\;C:\Users\220102\AppData\Local\Microsoft\WindowsApps;C:\Users\220102\AppData\Local\Programs\Microsoft VS Code\bin;C:\Users\220102\AppData\Local\Programs\Git\cmd;.
05-Jul-2023 11:13:56.028 情報 [main] org.apache.coyote.AbstractProtocol.init Initializing ProtocolHandler ["http-nio-8080"]
05-Jul-2023 11:13:56.267 情報 [main] org.apache.tomcat.util.net.NioSelectorPool.getSharedSelector Using a shared selector for servlet write/read
05-Jul-2023 11:13:56.269 情報 [main] org.apache.coyote.AbstractProtocol.init Initializing ProtocolHandler ["ajp-nio-8009"]
05-Jul-2023 11:13:56.271 情報 [main] org.apache.tomcat.util.net.NioSelectorPool.getSharedSelector Using a shared selector for servlet write/read
05-Jul-2023 11:13:56.271 情報 [main] org.apache.catalina.startup.Catalina.load Initialization processed in 523 ms
05-Jul-2023 11:13:56.290 情報 [main] org.apache.catalina.core.StandardService.startInternal サービス Catalina を起動します
05-Jul-2023 11:13:56.291 情報 [main] org.apache.catalina.core.StandardEngine.startInternal Starting Servlet Engine: Apache Tomcat/8.5.11
05-Jul-2023 11:13:56.298 情報 [localhost-startStop-1] org.apache.catalina.startup.HostConfig.deployDirectory Webアプリケーションディレクトリ C:\Users\220102\Downloads\download\download\work\tomcat\webapps\book を配備します
05-Jul-2023 11:13:56.797 情報 [localhost-startStop-1] org.apache.catalina.startup.HostConfig.deployDirectory Deployment of web application directory C:\Users\220102\Downloads\download\download\work\tomcat\webapps\book has finished in 498 ms
05-Jul-2023 11:13:56.798 情報 [localhost-startStop-1] org.apache.catalina.startup.HostConfig.deployDirectory Webアプリケーションディレクトリ C:\Users\220102\Downloads\download\download\work\tomcat\webapps\docs を配備します
05-Jul-2023 11:13:56.814 情報 [localhost-startStop-1] org.apache.catalina.startup.HostConfig.deployDirectory Deployment of web application directory C:\Users\220102\Downloads\download\download\work\tomcat\webapps\docs has finished in 16 ms
05-Jul-2023 11:13:56.814 情報 [localhost-startStop-1] org.apache.catalina.startup.HostConfig.deployDirectory Webアプリケーションディレクトリ C:\Users\220102\Downloads\download\download\work\tomcat\webapps\examples を配備します
05-Jul-2023 11:13:57.134 情報 [localhost-startStop-1] org.apache.catalina.startup.HostConfig.deployDirectory Deployment of web application directory C:\Users\220102\Downloads\download\download\work\tomcat\webapps\examples has finished in 320 ms
05-Jul-2023 11:13:57.135 情報 [localhost-startStop-1] org.apache.catalina.startup.HostConfig.deployDirectory Webアプリケーションディレクトリ C:\Users\220102\Downloads\download\download\work\tomcat\webapps\host-manager を配備します
05-Jul-2023 11:13:57.157 情報 [localhost-startStop-1] org.apache.catalina.startup.HostConfig.deployDirectory Deployment of web application directory C:\Users\220102\Downloads\download\download\work\tomcat\webapps\host-manager has finished in 22 ms
05-Jul-2023 11:13:57.158 情報 [localhost-startStop-1] org.apache.catalina.startup.HostConfig.deployDirectory Webアプリケーションディレクトリ C:\Users\220102\Downloads\download\download\work\tomcat\webapps\manager を配備します
05-Jul-2023 11:13:57.176 情報 [localhost-startStop-1] org.apache.catalina.startup.HostConfig.deployDirectory Deployment of web application directory C:\Users\220102\Downloads\download\download\work\tomcat\webapps\manager has finished in 18 ms
05-Jul-2023 11:13:57.177 情報 [localhost-startStop-1] org.apache.catalina.startup.HostConfig.deployDirectory Webアプリケーションディレクトリ C:\Users\220102\Downloads\download\download\work\tomcat\webapps\ROOT を配備します
05-Jul-2023 11:13:57.192 情報 [localhost-startStop-1] org.apache.catalina.startup.HostConfig.deployDirectory Deployment of web application directory C:\Users\220102\Downloads\download\download\work\tomcat\webapps\ROOT has finished in 15 ms
05-Jul-2023 11:13:57.192 情報 [localhost-startStop-1] org.apache.catalina.startup.HostConfig.deployDirectory Webアプリケーションディレクトリ C:\Users\220102\Downloads\download\download\work\tomcat\webapps\temp を配備します
05-Jul-2023 11:13:57.207 情報 [localhost-startStop-1] org.apache.catalina.startup.HostConfig.deployDirectory Deployment of web application directory C:\Users\220102\Downloads\download\download\work\tomcat\webapps\temp has finished in 14 ms
05-Jul-2023 11:13:57.208 情報 [main] org.apache.coyote.AbstractProtocol.start Starting ProtocolHandler [http-nio-8080]
05-Jul-2023 11:13:57.215 情報 [main] org.apache.coyote.AbstractProtocol.start Starting ProtocolHandler [ajp-nio-8009]
05-Jul-2023 11:13:57.218 情報 [main] org.apache.catalina.startup.Catalina.start Server startup in 945 ms
05-Jul-2023 11:53:53.269 情報 [ContainerBackgroundProcessor[StandardEngine[Catalina]]] org.apache.catalina.core.StandardContext.reload このコンテキストの再ロードを開始しました
05-Jul-2023 11:53:53.524 情報 [ContainerBackgroundProcessor[StandardEngine[Catalina]]] org.apache.catalina.core.StandardContext.reload このコンテキストの再ロードが完了しました
05-Jul-2023 11:53:54.447 情報 [Thread-5] org.apache.coyote.AbstractProtocol.pause Pausing ProtocolHandler ["http-nio-8080"]
05-Jul-2023 11:53:54.682 情報 [Thread-5] org.apache.coyote.AbstractProtocol.pause Pausing ProtocolHandler ["ajp-nio-8009"]
05-Jul-2023 11:53:54.901 情報 [Thread-5] org.apache.catalina.core.StandardService.stopInternal サービス Catalina を停止します
05-Jul-2023 11:53:54.932 情報 [Thread-5] org.apache.coyote.AbstractProtocol.stop Stopping ProtocolHandler ["http-nio-8080"]
05-Jul-2023 11:53:54.932 情報 [Thread-5] org.apache.coyote.AbstractProtocol.stop Stopping ProtocolHandler ["ajp-nio-8009"]
05-Jul-2023 11:53:54.932 情報 [Thread-5] org.apache.coyote.AbstractProtocol.destroy Destroying ProtocolHandler ["http-nio-8080"]
05-Jul-2023 11:53:54.932 情報 [Thread-5] org.apache.coyote.AbstractProtocol.destroy Destroying ProtocolHandler ["ajp-nio-8009"]
05-Jul-2023 11:53:56.793 重大 [main] org.apache.catalina.startup.Catalina.initDirs Cannot find specified temporary folder at C:\Users\220102\Downloads\download\download\work\tomcat\temp
05-Jul-2023 11:53:56.996 情報 [main] org.apache.catalina.startup.VersionLoggerListener.log Server version:        Apache Tomcat/8.5.11
05-Jul-2023 11:53:56.996 情報 [main] org.apache.catalina.startup.VersionLoggerListener.log Server built:          Jan 10 2017 21:02:52 UTC
05-Jul-2023 11:53:56.996 情報 [main] org.apache.catalina.startup.VersionLoggerListener.log Server number:         8.5.11.0
05-Jul-2023 11:53:56.996 情報 [main] org.apache.catalina.startup.VersionLoggerListener.log OS Name:               Windows 10
05-Jul-2023 11:53:56.996 情報 [main] org.apache.catalina.startup.VersionLoggerListener.log OS Version:            10.0
05-Jul-2023 11:53:56.996 情報 [main] org.apache.catalina.startup.VersionLoggerListener.log Architecture:          x86
05-Jul-2023 11:53:56.996 情報 [main] org.apache.catalina.startup.VersionLoggerListener.log Java Home:             C:\Program Files (x86)\Java\jdk1.8.0_121\jre
05-Jul-2023 11:53:56.996 情報 [main] org.apache.catalina.startup.VersionLoggerListener.log JVM Version:           1.8.0_121-b13
05-Jul-2023 11:53:56.996 情報 [main] org.apache.catalina.startup.VersionLoggerListener.log JVM Vendor:            Oracle Corporation
05-Jul-2023 11:53:56.996 情報 [main] org.apache.catalina.startup.VersionLoggerListener.log CATALINA_BASE:         C:\Users\220102\Downloads\download\download\work\tomcat
05-Jul-2023 11:53:56.996 情報 [main] org.apache.catalina.startup.VersionLoggerListener.log CATALINA_HOME:         C:\Users\220102\Downloads\download\download\work\tomcat
05-Jul-2023 11:53:56.996 情報 [main] org.apache.catalina.startup.VersionLoggerListener.log Command line argument: -Djava.util.logging.config.file=C:\Users\220102\Downloads\download\download\work\tomcat\conf\logging.properties
05-Jul-2023 11:53:56.996 情報 [main] org.apache.catalina.startup.VersionLoggerListener.log Command line argument: -Djava.util.logging.manager=org.apache.juli.ClassLoaderLogManager
05-Jul-2023 11:53:56.996 情報 [main] org.apache.catalina.startup.VersionLoggerListener.log Command line argument: -Djava.net.preferIPv4Stack=true
05-Jul-2023 11:53:56.996 情報 [main] org.apache.catalina.startup.VersionLoggerListener.log Command line argument: -Djdk.tls.ephemeralDHKeySize=2048
05-Jul-2023 11:53:56.996 情報 [main] org.apache.catalina.startup.VersionLoggerListener.log Command line argument: -Djava.protocol.handler.pkgs=org.apache.catalina.webresources
05-Jul-2023 11:53:56.996 情報 [main] org.apache.catalina.startup.VersionLoggerListener.log Command line argument: -Dfile.encoding=UTF-8
05-Jul-2023 11:53:56.996 情報 [main] org.apache.catalina.startup.VersionLoggerListener.log Command line argument: -Dcatalina.base=C:\Users\220102\Downloads\download\download\work\tomcat
05-Jul-2023 11:53:56.996 情報 [main] org.apache.catalina.startup.VersionLoggerListener.log Command line argument: -Dcatalina.home=C:\Users\220102\Downloads\download\download\work\tomcat
05-Jul-2023 11:53:56.996 情報 [main] org.apache.catalina.startup.VersionLoggerListener.log Command line argument: -Djava.io.tmpdir=C:\Users\220102\Downloads\download\download\work\tomcat\temp
05-Jul-2023 11:53:56.996 情報 [main] org.apache.catalina.core.AprLifecycleListener.lifecycleEvent The APR based Apache Tomcat Native library which allows optimal performance in production environments was not found on the java.library.path: C:\Program Files (x86)\Java\jdk1.8.0_121\bin;C:\WINDOWS\Sun\Java\bin;C:\WINDOWS\system32;C:\WINDOWS;C:\Program Files (x86)\Java\jdk1.8.0_121\bin;C:\Program Files\Common Files\Oracle\Java\javapath;C:\Program Files (x86)\Common Files\Oracle\Java\javapath;C:\WINDOWS\system32;C:\WINDOWS;C:\WINDOWS\System32\Wbem;C:\WINDOWS\System32\WindowsPowerShell\v1.0\;C:\WINDOWS\System32\OpenSSH\;C:\Program Files\MySQL\MySQL Workbench 8.0;C:\Users\220102\AppData\Local\Programs\Python\Python311\Scripts\;C:\Users\220102\AppData\Local\Programs\Python\Python311\;C:\Users\220102\AppData\Local\Microsoft\WindowsApps;C:\Users\220102\AppData\Local\Programs\Microsoft VS Code\bin;C:\Users\220102\AppData\Local\Programs\Git\cmd;.
05-Jul-2023 11:53:57.089 情報 [main] org.apache.coyote.AbstractProtocol.init Initializing ProtocolHandler ["http-nio-8080"]
05-Jul-2023 11:53:57.388 情報 [main] org.apache.tomcat.util.net.NioSelectorPool.getSharedSelector Using a shared selector for servlet write/read
05-Jul-2023 11:53:57.389 情報 [main] org.apache.coyote.AbstractProtocol.init Initializing ProtocolHandler ["ajp-nio-8009"]
05-Jul-2023 11:53:57.391 情報 [main] org.apache.tomcat.util.net.NioSelectorPool.getSharedSelector Using a shared selector for servlet write/read
05-Jul-2023 11:53:57.391 情報 [main] org.apache.catalina.startup.Catalina.load Initialization processed in 585 ms
05-Jul-2023 11:53:57.411 情報 [main] org.apache.catalina.core.StandardService.startInternal サービス Catalina を起動します
05-Jul-2023 11:53:57.411 情報 [main] org.apache.catalina.core.StandardEngine.startInternal Starting Servlet Engine: Apache Tomcat/8.5.11
05-Jul-2023 11:53:57.418 情報 [localhost-startStop-1] org.apache.catalina.startup.HostConfig.deployDirectory Webアプリケーションディレクトリ C:\Users\220102\Downloads\download\download\work\tomcat\webapps\book を配備します
05-Jul-2023 11:53:57.863 情報 [localhost-startStop-1] org.apache.catalina.startup.HostConfig.deployDirectory Deployment of web application directory C:\Users\220102\Downloads\download\download\work\tomcat\webapps\book has finished in 444 ms
05-Jul-2023 11:53:57.863 情報 [localhost-startStop-1] org.apache.catalina.startup.HostConfig.deployDirectory Webアプリケーションディレクトリ C:\Users\220102\Downloads\download\download\work\tomcat\webapps\docs を配備します
05-Jul-2023 11:53:57.878 情報 [localhost-startStop-1] org.apache.catalina.startup.HostConfig.deployDirectory Deployment of web application directory C:\Users\220102\Downloads\download\download\work\tomcat\webapps\docs has finished in 15 ms
05-Jul-2023 11:53:57.879 情報 [localhost-startStop-1] org.apache.catalina.startup.HostConfig.deployDirectory Webアプリケーションディレクトリ C:\Users\220102\Downloads\download\download\work\tomcat\webapps\examples を配備します
05-Jul-2023 11:53:58.183 情報 [localhost-startStop-1] org.apache.catalina.startup.HostConfig.deployDirectory Deployment of web application directory C:\Users\220102\Downloads\download\download\work\tomcat\webapps\examples has finished in 304 ms
05-Jul-2023 11:53:58.183 情報 [localhost-startStop-1] org.apache.catalina.startup.HostConfig.deployDirectory Webアプリケーションディレクトリ C:\Users\220102\Downloads\download\download\work\tomcat\webapps\host-manager を配備します
05-Jul-2023 11:53:58.214 情報 [localhost-startStop-1] org.apache.catalina.startup.HostConfig.deployDirectory Deployment of web application directory C:\Users\220102\Downloads\download\download\work\tomcat\webapps\host-manager has finished in 31 ms
05-Jul-2023 11:53:58.214 情報 [localhost-startStop-1] org.apache.catalina.startup.HostConfig.deployDirectory Webアプリケーションディレクトリ C:\Users\220102\Downloads\download\download\work\tomcat\webapps\manager を配備します
05-Jul-2023 11:53:58.230 情報 [localhost-startStop-1] org.apache.catalina.startup.HostConfig.deployDirectory Deployment of web application directory C:\Users\220102\Downloads\download\download\work\tomcat\webapps\manager has finished in 16 ms
05-Jul-2023 11:53:58.230 情報 [localhost-startStop-1] org.apache.catalina.startup.HostConfig.deployDirectory Webアプリケーションディレクトリ C:\Users\220102\Downloads\download\download\work\tomcat\webapps\ROOT を配備します
05-Jul-2023 11:53:58.245 情報 [localhost-startStop-1] org.apache.catalina.startup.HostConfig.deployDirectory Deployment of web application directory C:\Users\220102\Downloads\download\download\work\tomcat\webapps\ROOT has finished in 15 ms
05-Jul-2023 11:53:58.245 情報 [localhost-startStop-1] org.apache.catalina.startup.HostConfig.deployDirectory Webアプリケーションディレクトリ C:\Users\220102\Downloads\download\download\work\tomcat\webapps\temp を配備します
05-Jul-2023 11:53:58.261 情報 [localhost-startStop-1] org.apache.catalina.startup.HostConfig.deployDirectory Deployment of web application directory C:\Users\220102\Downloads\download\download\work\tomcat\webapps\temp has finished in 16 ms
05-Jul-2023 11:53:58.261 情報 [main] org.apache.coyote.AbstractProtocol.start Starting ProtocolHandler [http-nio-8080]
05-Jul-2023 11:53:58.261 情報 [main] org.apache.coyote.AbstractProtocol.start Starting ProtocolHandler [ajp-nio-8009]
05-Jul-2023 11:53:58.261 情報 [main] org.apache.catalina.startup.Catalina.start Server startup in 881 ms
05-Jul-2023 11:59:19.129 情報 [ContainerBackgroundProcessor[StandardEngine[Catalina]]] org.apache.catalina.core.StandardContext.reload このコンテキストの再ロードを開始しました
05-Jul-2023 11:59:19.285 情報 [ContainerBackgroundProcessor[StandardEngine[Catalina]]] org.apache.catalina.core.StandardContext.reload このコンテキストの再ロードが完了しました
05-Jul-2023 11:59:22.708 情報 [Thread-5] org.apache.coyote.AbstractProtocol.pause Pausing ProtocolHandler ["http-nio-8080"]
05-Jul-2023 11:59:22.943 情報 [Thread-5] org.apache.coyote.AbstractProtocol.pause Pausing ProtocolHandler ["ajp-nio-8009"]
05-Jul-2023 11:59:23.193 情報 [Thread-5] org.apache.catalina.core.StandardService.stopInternal サービス Catalina を停止します
05-Jul-2023 11:59:23.209 情報 [Thread-5] org.apache.coyote.AbstractProtocol.stop Stopping ProtocolHandler ["http-nio-8080"]
05-Jul-2023 11:59:23.209 情報 [Thread-5] org.apache.coyote.AbstractProtocol.stop Stopping ProtocolHandler ["ajp-nio-8009"]
05-Jul-2023 11:59:23.224 情報 [Thread-5] org.apache.coyote.AbstractProtocol.destroy Destroying ProtocolHandler ["http-nio-8080"]
05-Jul-2023 11:59:23.224 情報 [Thread-5] org.apache.coyote.AbstractProtocol.destroy Destroying ProtocolHandler ["ajp-nio-8009"]
05-Jul-2023 11:59:24.129 重大 [main] org.apache.catalina.startup.Catalina.initDirs Cannot find specified temporary folder at C:\Users\220102\Downloads\download\download\work\tomcat\temp
05-Jul-2023 11:59:24.317 情報 [main] org.apache.catalina.startup.VersionLoggerListener.log Server version:        Apache Tomcat/8.5.11
05-Jul-2023 11:59:24.317 情報 [main] org.apache.catalina.startup.VersionLoggerListener.log Server built:          Jan 10 2017 21:02:52 UTC
05-Jul-2023 11:59:24.317 情報 [main] org.apache.catalina.startup.VersionLoggerListener.log Server number:         8.5.11.0
05-Jul-2023 11:59:24.317 情報 [main] org.apache.catalina.startup.VersionLoggerListener.log OS Name:               Windows 10
05-Jul-2023 11:59:24.317 情報 [main] org.apache.catalina.startup.VersionLoggerListener.log OS Version:            10.0
05-Jul-2023 11:59:24.317 情報 [main] org.apache.catalina.startup.VersionLoggerListener.log Architecture:          x86
05-Jul-2023 11:59:24.317 情報 [main] org.apache.catalina.startup.VersionLoggerListener.log Java Home:             C:\Program Files (x86)\Java\jdk1.8.0_121\jre
05-Jul-2023 11:59:24.317 情報 [main] org.apache.catalina.startup.VersionLoggerListener.log JVM Version:           1.8.0_121-b13
05-Jul-2023 11:59:24.317 情報 [main] org.apache.catalina.startup.VersionLoggerListener.log JVM Vendor:            Oracle Corporation
05-Jul-2023 11:59:24.317 情報 [main] org.apache.catalina.startup.VersionLoggerListener.log CATALINA_BASE:         C:\Users\220102\Downloads\download\download\work\tomcat
05-Jul-2023 11:59:24.317 情報 [main] org.apache.catalina.startup.VersionLoggerListener.log CATALINA_HOME:         C:\Users\220102\Downloads\download\download\work\tomcat
05-Jul-2023 11:59:24.317 情報 [main] org.apache.catalina.startup.VersionLoggerListener.log Command line argument: -Djava.util.logging.config.file=C:\Users\220102\Downloads\download\download\work\tomcat\conf\logging.properties
05-Jul-2023 11:59:24.317 情報 [main] org.apache.catalina.startup.VersionLoggerListener.log Command line argument: -Djava.util.logging.manager=org.apache.juli.ClassLoaderLogManager
05-Jul-2023 11:59:24.317 情報 [main] org.apache.catalina.startup.VersionLoggerListener.log Command line argument: -Djava.net.preferIPv4Stack=true
05-Jul-2023 11:59:24.317 情報 [main] org.apache.catalina.startup.VersionLoggerListener.log Command line argument: -Djdk.tls.ephemeralDHKeySize=2048
05-Jul-2023 11:59:24.317 情報 [main] org.apache.catalina.startup.VersionLoggerListener.log Command line argument: -Djava.protocol.handler.pkgs=org.apache.catalina.webresources
05-Jul-2023 11:59:24.317 情報 [main] org.apache.catalina.startup.VersionLoggerListener.log Command line argument: -Dfile.encoding=UTF-8
05-Jul-2023 11:59:24.317 情報 [main] org.apache.catalina.startup.VersionLoggerListener.log Command line argument: -Dcatalina.base=C:\Users\220102\Downloads\download\download\work\tomcat
05-Jul-2023 11:59:24.317 情報 [main] org.apache.catalina.startup.VersionLoggerListener.log Command line argument: -Dcatalina.home=C:\Users\220102\Downloads\download\download\work\tomcat
05-Jul-2023 11:59:24.317 情報 [main] org.apache.catalina.startup.VersionLoggerListener.log Command line argument: -Djava.io.tmpdir=C:\Users\220102\Downloads\download\download\work\tomcat\temp
05-Jul-2023 11:59:24.317 情報 [main] org.apache.catalina.core.AprLifecycleListener.lifecycleEvent The APR based Apache Tomcat Native library which allows optimal performance in production environments was not found on the java.library.path: C:\Program Files (x86)\Java\jdk1.8.0_121\bin;C:\WINDOWS\Sun\Java\bin;C:\WINDOWS\system32;C:\WINDOWS;C:\Program Files (x86)\Java\jdk1.8.0_121\bin;C:\Program Files\Common Files\Oracle\Java\javapath;C:\Program Files (x86)\Common Files\Oracle\Java\javapath;C:\WINDOWS\system32;C:\WINDOWS;C:\WINDOWS\System32\Wbem;C:\WINDOWS\System32\WindowsPowerShell\v1.0\;C:\WINDOWS\System32\OpenSSH\;C:\Program Files\MySQL\MySQL Workbench 8.0;C:\Users\220102\AppData\Local\Programs\Python\Python311\Scripts\;C:\Users\220102\AppData\Local\Programs\Python\Python311\;C:\Users\220102\AppData\Local\Microsoft\WindowsApps;C:\Users\220102\AppData\Local\Programs\Microsoft VS Code\bin;C:\Users\220102\AppData\Local\Programs\Git\cmd;.
05-Jul-2023 11:59:24.379 情報 [main] org.apache.coyote.AbstractProtocol.init Initializing ProtocolHandler ["http-nio-8080"]
05-Jul-2023 11:59:24.629 情報 [main] org.apache.tomcat.util.net.NioSelectorPool.getSharedSelector Using a shared selector for servlet write/read
05-Jul-2023 11:59:24.629 情報 [main] org.apache.coyote.AbstractProtocol.init Initializing ProtocolHandler ["ajp-nio-8009"]
05-Jul-2023 11:59:24.629 情報 [main] org.apache.tomcat.util.net.NioSelectorPool.getSharedSelector Using a shared selector for servlet write/read
05-Jul-2023 11:59:24.629 情報 [main] org.apache.catalina.startup.Catalina.load Initialization processed in 496 ms
05-Jul-2023 11:59:24.645 情報 [main] org.apache.catalina.core.StandardService.startInternal サービス Catalina を起動します
05-Jul-2023 11:59:24.645 情報 [main] org.apache.catalina.core.StandardEngine.startInternal Starting Servlet Engine: Apache Tomcat/8.5.11
05-Jul-2023 11:59:24.645 情報 [localhost-startStop-1] org.apache.catalina.startup.HostConfig.deployDirectory Webアプリケーションディレクトリ C:\Users\220102\Downloads\download\download\work\tomcat\webapps\book を配備します
05-Jul-2023 11:59:25.045 情報 [localhost-startStop-1] org.apache.catalina.startup.HostConfig.deployDirectory Deployment of web application directory C:\Users\220102\Downloads\download\download\work\tomcat\webapps\book has finished in 398 ms
05-Jul-2023 11:59:25.045 情報 [localhost-startStop-1] org.apache.catalina.startup.HostConfig.deployDirectory Webアプリケーションディレクトリ C:\Users\220102\Downloads\download\download\work\tomcat\webapps\docs を配備します
05-Jul-2023 11:59:25.058 情報 [localhost-startStop-1] org.apache.catalina.startup.HostConfig.deployDirectory Deployment of web application directory C:\Users\220102\Downloads\download\download\work\tomcat\webapps\docs has finished in 13 ms
05-Jul-2023 11:59:25.058 情報 [localhost-startStop-1] org.apache.catalina.startup.HostConfig.deployDirectory Webアプリケーションディレクトリ C:\Users\220102\Downloads\download\download\work\tomcat\webapps\examples を配備します
05-Jul-2023 11:59:25.239 情報 [localhost-startStop-1] org.apache.catalina.startup.HostConfig.deployDirectory Deployment of web application directory C:\Users\220102\Downloads\download\download\work\tomcat\webapps\examples has finished in 181 ms
05-Jul-2023 11:59:25.240 情報 [localhost-startStop-1] org.apache.catalina.startup.HostConfig.deployDirectory Webアプリケーションディレクトリ C:\Users\220102\Downloads\download\download\work\tomcat\webapps\host-manager を配備します
05-Jul-2023 11:59:25.255 情報 [localhost-startStop-1] org.apache.catalina.startup.HostConfig.deployDirectory Deployment of web application directory C:\Users\220102\Downloads\download\download\work\tomcat\webapps\host-manager has finished in 15 ms
05-Jul-2023 11:59:25.256 情報 [localhost-startStop-1] org.apache.catalina.startup.HostConfig.deployDirectory Webアプリケーションディレクトリ C:\Users\220102\Downloads\download\download\work\tomcat\webapps\manager を配備します
05-Jul-2023 11:59:25.272 情報 [localhost-startStop-1] org.apache.catalina.startup.HostConfig.deployDirectory Deployment of web application directory C:\Users\220102\Downloads\download\download\work\tomcat\webapps\manager has finished in 16 ms
05-Jul-2023 11:59:25.272 情報 [localhost-startStop-1] org.apache.catalina.startup.HostConfig.deployDirectory Webアプリケーションディレクトリ C:\Users\220102\Downloads\download\download\work\tomcat\webapps\ROOT を配備します
05-Jul-2023 11:59:25.284 情報 [localhost-startStop-1] org.apache.catalina.startup.HostConfig.deployDirectory Deployment of web application directory C:\Users\220102\Downloads\download\download\work\tomcat\webapps\ROOT has finished in 12 ms
05-Jul-2023 11:59:25.284 情報 [localhost-startStop-1] org.apache.catalina.startup.HostConfig.deployDirectory Webアプリケーションディレクトリ C:\Users\220102\Downloads\download\download\work\tomcat\webapps\temp を配備します
05-Jul-2023 11:59:25.299 情報 [localhost-startStop-1] org.apache.catalina.startup.HostConfig.deployDirectory Deployment of web application directory C:\Users\220102\Downloads\download\download\work\tomcat\webapps\temp has finished in 15 ms
05-Jul-2023 11:59:25.301 情報 [main] org.apache.coyote.AbstractProtocol.start Starting ProtocolHandler [http-nio-8080]
05-Jul-2023 11:59:25.306 情報 [main] org.apache.coyote.AbstractProtocol.start Starting ProtocolHandler [ajp-nio-8009]
05-Jul-2023 11:59:25.307 情報 [main] org.apache.catalina.startup.Catalina.start Server startup in 673 ms
05-Jul-2023 12:20:05.222 情報 [Thread-5] org.apache.coyote.AbstractProtocol.pause Pausing ProtocolHandler ["http-nio-8080"]
05-Jul-2023 12:20:05.457 情報 [Thread-5] org.apache.coyote.AbstractProtocol.pause Pausing ProtocolHandler ["ajp-nio-8009"]
05-Jul-2023 12:20:05.691 情報 [Thread-5] org.apache.catalina.core.StandardService.stopInternal サービス Catalina を停止します
05-Jul-2023 12:20:05.707 情報 [Thread-5] org.apache.coyote.AbstractProtocol.stop Stopping ProtocolHandler ["http-nio-8080"]
05-Jul-2023 12:20:05.707 情報 [Thread-5] org.apache.coyote.AbstractProtocol.stop Stopping ProtocolHandler ["ajp-nio-8009"]
05-Jul-2023 12:20:05.707 情報 [Thread-5] org.apache.coyote.AbstractProtocol.destroy Destroying ProtocolHandler ["http-nio-8080"]
05-Jul-2023 12:20:05.707 情報 [Thread-5] org.apache.coyote.AbstractProtocol.destroy Destroying ProtocolHandler ["ajp-nio-8009"]
