10-Jul-2023 10:04:48.335 重大 [main] org.apache.catalina.startup.Catalina.initDirs Cannot find specified temporary folder at C:\Users\220102\Downloads\download\download\work\tomcat\temp
10-Jul-2023 10:04:48.527 情報 [main] org.apache.catalina.startup.VersionLoggerListener.log Server version:        Apache Tomcat/8.5.11
10-Jul-2023 10:04:48.528 情報 [main] org.apache.catalina.startup.VersionLoggerListener.log Server built:          Jan 10 2017 21:02:52 UTC
10-Jul-2023 10:04:48.528 情報 [main] org.apache.catalina.startup.VersionLoggerListener.log Server number:         8.5.11.0
10-Jul-2023 10:04:48.528 情報 [main] org.apache.catalina.startup.VersionLoggerListener.log OS Name:               Windows 10
10-Jul-2023 10:04:48.528 情報 [main] org.apache.catalina.startup.VersionLoggerListener.log OS Version:            10.0
10-Jul-2023 10:04:48.528 情報 [main] org.apache.catalina.startup.VersionLoggerListener.log Architecture:          x86
10-Jul-2023 10:04:48.528 情報 [main] org.apache.catalina.startup.VersionLoggerListener.log Java Home:             C:\Program Files (x86)\Java\jdk1.8.0_121\jre
10-Jul-2023 10:04:48.529 情報 [main] org.apache.catalina.startup.VersionLoggerListener.log JVM Version:           1.8.0_121-b13
10-Jul-2023 10:04:48.529 情報 [main] org.apache.catalina.startup.VersionLoggerListener.log JVM Vendor:            Oracle Corporation
10-Jul-2023 10:04:48.529 情報 [main] org.apache.catalina.startup.VersionLoggerListener.log CATALINA_BASE:         C:\Users\220102\Downloads\download\download\work\tomcat
10-Jul-2023 10:04:48.529 情報 [main] org.apache.catalina.startup.VersionLoggerListener.log CATALINA_HOME:         C:\Users\220102\Downloads\download\download\work\tomcat
10-Jul-2023 10:04:48.530 情報 [main] org.apache.catalina.startup.VersionLoggerListener.log Command line argument: -Djava.util.logging.config.file=C:\Users\220102\Downloads\download\download\work\tomcat\conf\logging.properties
10-Jul-2023 10:04:48.530 情報 [main] org.apache.catalina.startup.VersionLoggerListener.log Command line argument: -Djava.util.logging.manager=org.apache.juli.ClassLoaderLogManager
10-Jul-2023 10:04:48.530 情報 [main] org.apache.catalina.startup.VersionLoggerListener.log Command line argument: -Djava.net.preferIPv4Stack=true
10-Jul-2023 10:04:48.530 情報 [main] org.apache.catalina.startup.VersionLoggerListener.log Command line argument: -Djdk.tls.ephemeralDHKeySize=2048
10-Jul-2023 10:04:48.530 情報 [main] org.apache.catalina.startup.VersionLoggerListener.log Command line argument: -Djava.protocol.handler.pkgs=org.apache.catalina.webresources
10-Jul-2023 10:04:48.531 情報 [main] org.apache.catalina.startup.VersionLoggerListener.log Command line argument: -Dfile.encoding=UTF-8
10-Jul-2023 10:04:48.531 情報 [main] org.apache.catalina.startup.VersionLoggerListener.log Command line argument: -Dcatalina.base=C:\Users\220102\Downloads\download\download\work\tomcat
10-Jul-2023 10:04:48.531 情報 [main] org.apache.catalina.startup.VersionLoggerListener.log Command line argument: -Dcatalina.home=C:\Users\220102\Downloads\download\download\work\tomcat
10-Jul-2023 10:04:48.531 情報 [main] org.apache.catalina.startup.VersionLoggerListener.log Command line argument: -Djava.io.tmpdir=C:\Users\220102\Downloads\download\download\work\tomcat\temp
10-Jul-2023 10:04:48.531 情報 [main] org.apache.catalina.core.AprLifecycleListener.lifecycleEvent The APR based Apache Tomcat Native library which allows optimal performance in production environments was not found on the java.library.path: C:\Program Files (x86)\Java\jdk1.8.0_121\bin;C:\WINDOWS\Sun\Java\bin;C:\WINDOWS\system32;C:\WINDOWS;C:\Program Files (x86)\Java\jdk1.8.0_121\bin;C:\Program Files\Common Files\Oracle\Java\javapath;C:\Program Files (x86)\Common Files\Oracle\Java\javapath;C:\WINDOWS\system32;C:\WINDOWS;C:\WINDOWS\System32\Wbem;C:\WINDOWS\System32\WindowsPowerShell\v1.0\;C:\WINDOWS\System32\OpenSSH\;C:\Program Files\MySQL\MySQL Workbench 8.0;C:\Users\220102\AppData\Local\Programs\Python\Python311\Scripts\;C:\Users\220102\AppData\Local\Programs\Python\Python311\;C:\Users\220102\AppData\Local\Microsoft\WindowsApps;C:\Users\220102\AppData\Local\Programs\Microsoft VS Code\bin;C:\Users\220102\AppData\Local\Programs\Git\cmd;.
10-Jul-2023 10:04:48.610 情報 [main] org.apache.coyote.AbstractProtocol.init Initializing ProtocolHandler ["http-nio-8080"]
10-Jul-2023 10:04:48.837 情報 [main] org.apache.tomcat.util.net.NioSelectorPool.getSharedSelector Using a shared selector for servlet write/read
10-Jul-2023 10:04:48.838 情報 [main] org.apache.coyote.AbstractProtocol.init Initializing ProtocolHandler ["ajp-nio-8009"]
10-Jul-2023 10:04:48.840 情報 [main] org.apache.tomcat.util.net.NioSelectorPool.getSharedSelector Using a shared selector for servlet write/read
10-Jul-2023 10:04:48.840 情報 [main] org.apache.catalina.startup.Catalina.load Initialization processed in 505 ms
10-Jul-2023 10:04:48.858 情報 [main] org.apache.catalina.core.StandardService.startInternal サービス Catalina を起動します
10-Jul-2023 10:04:48.858 情報 [main] org.apache.catalina.core.StandardEngine.startInternal Starting Servlet Engine: Apache Tomcat/8.5.11
10-Jul-2023 10:04:48.866 情報 [localhost-startStop-1] org.apache.catalina.startup.HostConfig.deployDirectory Webアプリケーションディレクトリ C:\Users\220102\Downloads\download\download\work\tomcat\webapps\book を配備します
10-Jul-2023 10:04:49.452 情報 [localhost-startStop-1] org.apache.catalina.startup.HostConfig.deployDirectory Deployment of web application directory C:\Users\220102\Downloads\download\download\work\tomcat\webapps\book has finished in 585 ms
10-Jul-2023 10:04:49.452 情報 [localhost-startStop-1] org.apache.catalina.startup.HostConfig.deployDirectory Webアプリケーションディレクトリ C:\Users\220102\Downloads\download\download\work\tomcat\webapps\docs を配備します
10-Jul-2023 10:04:49.469 情報 [localhost-startStop-1] org.apache.catalina.startup.HostConfig.deployDirectory Deployment of web application directory C:\Users\220102\Downloads\download\download\work\tomcat\webapps\docs has finished in 17 ms
10-Jul-2023 10:04:49.470 情報 [localhost-startStop-1] org.apache.catalina.startup.HostConfig.deployDirectory Webアプリケーションディレクトリ C:\Users\220102\Downloads\download\download\work\tomcat\webapps\examples を配備します
10-Jul-2023 10:04:49.852 情報 [localhost-startStop-1] org.apache.catalina.startup.HostConfig.deployDirectory Deployment of web application directory C:\Users\220102\Downloads\download\download\work\tomcat\webapps\examples has finished in 382 ms
10-Jul-2023 10:04:49.853 情報 [localhost-startStop-1] org.apache.catalina.startup.HostConfig.deployDirectory Webアプリケーションディレクトリ C:\Users\220102\Downloads\download\download\work\tomcat\webapps\host-manager を配備します
10-Jul-2023 10:04:49.876 情報 [localhost-startStop-1] org.apache.catalina.startup.HostConfig.deployDirectory Deployment of web application directory C:\Users\220102\Downloads\download\download\work\tomcat\webapps\host-manager has finished in 23 ms
10-Jul-2023 10:04:49.876 情報 [localhost-startStop-1] org.apache.catalina.startup.HostConfig.deployDirectory Webアプリケーションディレクトリ C:\Users\220102\Downloads\download\download\work\tomcat\webapps\manager を配備します
10-Jul-2023 10:04:49.901 情報 [localhost-startStop-1] org.apache.catalina.startup.HostConfig.deployDirectory Deployment of web application directory C:\Users\220102\Downloads\download\download\work\tomcat\webapps\manager has finished in 24 ms
10-Jul-2023 10:04:49.901 情報 [localhost-startStop-1] org.apache.catalina.startup.HostConfig.deployDirectory Webアプリケーションディレクトリ C:\Users\220102\Downloads\download\download\work\tomcat\webapps\ROOT を配備します
10-Jul-2023 10:04:49.917 情報 [localhost-startStop-1] org.apache.catalina.startup.HostConfig.deployDirectory Deployment of web application directory C:\Users\220102\Downloads\download\download\work\tomcat\webapps\ROOT has finished in 16 ms
10-Jul-2023 10:04:49.917 情報 [localhost-startStop-1] org.apache.catalina.startup.HostConfig.deployDirectory Webアプリケーションディレクトリ C:\Users\220102\Downloads\download\download\work\tomcat\webapps\temp を配備します
10-Jul-2023 10:04:49.932 情報 [localhost-startStop-1] org.apache.catalina.startup.HostConfig.deployDirectory Deployment of web application directory C:\Users\220102\Downloads\download\download\work\tomcat\webapps\temp has finished in 15 ms
10-Jul-2023 10:04:49.937 情報 [main] org.apache.coyote.AbstractProtocol.start Starting ProtocolHandler [http-nio-8080]
10-Jul-2023 10:04:49.944 情報 [main] org.apache.coyote.AbstractProtocol.start Starting ProtocolHandler [ajp-nio-8009]
10-Jul-2023 10:04:49.947 情報 [main] org.apache.catalina.startup.Catalina.start Server startup in 1106 ms
10-Jul-2023 10:25:34.113 情報 [ContainerBackgroundProcessor[StandardEngine[Catalina]]] org.apache.catalina.core.StandardContext.reload このコンテキストの再ロードを開始しました
10-Jul-2023 10:25:34.125 警告 [ContainerBackgroundProcessor[StandardEngine[Catalina]]] org.apache.catalina.loader.WebappClassLoaderBase.clearReferencesJdbc The web application [book] registered the JDBC driver [org.h2.Driver] but failed to unregister it when the web application was stopped. To prevent a memory leak, the JDBC Driver has been forcibly unregistered.
10-Jul-2023 10:25:34.381 情報 [ContainerBackgroundProcessor[StandardEngine[Catalina]]] org.apache.catalina.core.StandardContext.reload このコンテキストの再ロードが完了しました
10-Jul-2023 10:25:36.172 情報 [Thread-5] org.apache.coyote.AbstractProtocol.pause Pausing ProtocolHandler ["http-nio-8080"]
10-Jul-2023 10:25:36.412 情報 [Thread-5] org.apache.coyote.AbstractProtocol.pause Pausing ProtocolHandler ["ajp-nio-8009"]
10-Jul-2023 10:25:36.659 情報 [Thread-5] org.apache.catalina.core.StandardService.stopInternal サービス Catalina を停止します
10-Jul-2023 10:25:36.685 情報 [Thread-5] org.apache.coyote.AbstractProtocol.stop Stopping ProtocolHandler ["http-nio-8080"]
10-Jul-2023 10:25:36.687 情報 [Thread-5] org.apache.coyote.AbstractProtocol.stop Stopping ProtocolHandler ["ajp-nio-8009"]
10-Jul-2023 10:25:36.688 情報 [Thread-5] org.apache.coyote.AbstractProtocol.destroy Destroying ProtocolHandler ["http-nio-8080"]
10-Jul-2023 10:25:36.688 情報 [Thread-5] org.apache.coyote.AbstractProtocol.destroy Destroying ProtocolHandler ["ajp-nio-8009"]
10-Jul-2023 10:25:38.073 重大 [main] org.apache.catalina.startup.Catalina.initDirs Cannot find specified temporary folder at C:\Users\220102\Downloads\download\download\work\tomcat\temp
10-Jul-2023 10:25:38.275 情報 [main] org.apache.catalina.startup.VersionLoggerListener.log Server version:        Apache Tomcat/8.5.11
10-Jul-2023 10:25:38.275 情報 [main] org.apache.catalina.startup.VersionLoggerListener.log Server built:          Jan 10 2017 21:02:52 UTC
10-Jul-2023 10:25:38.276 情報 [main] org.apache.catalina.startup.VersionLoggerListener.log Server number:         8.5.11.0
10-Jul-2023 10:25:38.276 情報 [main] org.apache.catalina.startup.VersionLoggerListener.log OS Name:               Windows 10
10-Jul-2023 10:25:38.276 情報 [main] org.apache.catalina.startup.VersionLoggerListener.log OS Version:            10.0
10-Jul-2023 10:25:38.276 情報 [main] org.apache.catalina.startup.VersionLoggerListener.log Architecture:          x86
10-Jul-2023 10:25:38.277 情報 [main] org.apache.catalina.startup.VersionLoggerListener.log Java Home:             C:\Program Files (x86)\Java\jdk1.8.0_121\jre
10-Jul-2023 10:25:38.277 情報 [main] org.apache.catalina.startup.VersionLoggerListener.log JVM Version:           1.8.0_121-b13
10-Jul-2023 10:25:38.277 情報 [main] org.apache.catalina.startup.VersionLoggerListener.log JVM Vendor:            Oracle Corporation
10-Jul-2023 10:25:38.278 情報 [main] org.apache.catalina.startup.VersionLoggerListener.log CATALINA_BASE:         C:\Users\220102\Downloads\download\download\work\tomcat
10-Jul-2023 10:25:38.278 情報 [main] org.apache.catalina.startup.VersionLoggerListener.log CATALINA_HOME:         C:\Users\220102\Downloads\download\download\work\tomcat
10-Jul-2023 10:25:38.278 情報 [main] org.apache.catalina.startup.VersionLoggerListener.log Command line argument: -Djava.util.logging.config.file=C:\Users\220102\Downloads\download\download\work\tomcat\conf\logging.properties
10-Jul-2023 10:25:38.278 情報 [main] org.apache.catalina.startup.VersionLoggerListener.log Command line argument: -Djava.util.logging.manager=org.apache.juli.ClassLoaderLogManager
10-Jul-2023 10:25:38.279 情報 [main] org.apache.catalina.startup.VersionLoggerListener.log Command line argument: -Djava.net.preferIPv4Stack=true
10-Jul-2023 10:25:38.279 情報 [main] org.apache.catalina.startup.VersionLoggerListener.log Command line argument: -Djdk.tls.ephemeralDHKeySize=2048
10-Jul-2023 10:25:38.279 情報 [main] org.apache.catalina.startup.VersionLoggerListener.log Command line argument: -Djava.protocol.handler.pkgs=org.apache.catalina.webresources
10-Jul-2023 10:25:38.279 情報 [main] org.apache.catalina.startup.VersionLoggerListener.log Command line argument: -Dfile.encoding=UTF-8
10-Jul-2023 10:25:38.280 情報 [main] org.apache.catalina.startup.VersionLoggerListener.log Command line argument: -Dcatalina.base=C:\Users\220102\Downloads\download\download\work\tomcat
10-Jul-2023 10:25:38.280 情報 [main] org.apache.catalina.startup.VersionLoggerListener.log Command line argument: -Dcatalina.home=C:\Users\220102\Downloads\download\download\work\tomcat
10-Jul-2023 10:25:38.280 情報 [main] org.apache.catalina.startup.VersionLoggerListener.log Command line argument: -Djava.io.tmpdir=C:\Users\220102\Downloads\download\download\work\tomcat\temp
10-Jul-2023 10:25:38.280 情報 [main] org.apache.catalina.core.AprLifecycleListener.lifecycleEvent The APR based Apache Tomcat Native library which allows optimal performance in production environments was not found on the java.library.path: C:\Program Files (x86)\Java\jdk1.8.0_121\bin;C:\WINDOWS\Sun\Java\bin;C:\WINDOWS\system32;C:\WINDOWS;C:\Program Files (x86)\Java\jdk1.8.0_121\bin;C:\Program Files\Common Files\Oracle\Java\javapath;C:\Program Files (x86)\Common Files\Oracle\Java\javapath;C:\WINDOWS\system32;C:\WINDOWS;C:\WINDOWS\System32\Wbem;C:\WINDOWS\System32\WindowsPowerShell\v1.0\;C:\WINDOWS\System32\OpenSSH\;C:\Program Files\MySQL\MySQL Workbench 8.0;C:\Users\220102\AppData\Local\Programs\Python\Python311\Scripts\;C:\Users\220102\AppData\Local\Programs\Python\Python311\;C:\Users\220102\AppData\Local\Microsoft\WindowsApps;C:\Users\220102\AppData\Local\Programs\Microsoft VS Code\bin;C:\Users\220102\AppData\Local\Programs\Git\cmd;.
10-Jul-2023 10:25:38.356 情報 [main] org.apache.coyote.AbstractProtocol.init Initializing ProtocolHandler ["http-nio-8080"]
10-Jul-2023 10:25:38.650 情報 [main] org.apache.tomcat.util.net.NioSelectorPool.getSharedSelector Using a shared selector for servlet write/read
10-Jul-2023 10:25:38.652 情報 [main] org.apache.coyote.AbstractProtocol.init Initializing ProtocolHandler ["ajp-nio-8009"]
10-Jul-2023 10:25:38.654 情報 [main] org.apache.tomcat.util.net.NioSelectorPool.getSharedSelector Using a shared selector for servlet write/read
10-Jul-2023 10:25:38.654 情報 [main] org.apache.catalina.startup.Catalina.load Initialization processed in 580 ms
10-Jul-2023 10:25:38.670 情報 [main] org.apache.catalina.core.StandardService.startInternal サービス Catalina を起動します
10-Jul-2023 10:25:38.670 情報 [main] org.apache.catalina.core.StandardEngine.startInternal Starting Servlet Engine: Apache Tomcat/8.5.11
10-Jul-2023 10:25:38.676 情報 [localhost-startStop-1] org.apache.catalina.startup.HostConfig.deployDirectory Webアプリケーションディレクトリ C:\Users\220102\Downloads\download\download\work\tomcat\webapps\book を配備します
10-Jul-2023 10:25:39.094 情報 [localhost-startStop-1] org.apache.catalina.startup.HostConfig.deployDirectory Deployment of web application directory C:\Users\220102\Downloads\download\download\work\tomcat\webapps\book has finished in 418 ms
10-Jul-2023 10:25:39.095 情報 [localhost-startStop-1] org.apache.catalina.startup.HostConfig.deployDirectory Webアプリケーションディレクトリ C:\Users\220102\Downloads\download\download\work\tomcat\webapps\docs を配備します
10-Jul-2023 10:25:39.108 情報 [localhost-startStop-1] org.apache.catalina.startup.HostConfig.deployDirectory Deployment of web application directory C:\Users\220102\Downloads\download\download\work\tomcat\webapps\docs has finished in 13 ms
10-Jul-2023 10:25:39.108 情報 [localhost-startStop-1] org.apache.catalina.startup.HostConfig.deployDirectory Webアプリケーションディレクトリ C:\Users\220102\Downloads\download\download\work\tomcat\webapps\examples を配備します
10-Jul-2023 10:25:39.413 情報 [localhost-startStop-1] org.apache.catalina.startup.HostConfig.deployDirectory Deployment of web application directory C:\Users\220102\Downloads\download\download\work\tomcat\webapps\examples has finished in 305 ms
10-Jul-2023 10:25:39.414 情報 [localhost-startStop-1] org.apache.catalina.startup.HostConfig.deployDirectory Webアプリケーションディレクトリ C:\Users\220102\Downloads\download\download\work\tomcat\webapps\host-manager を配備します
10-Jul-2023 10:25:39.436 情報 [localhost-startStop-1] org.apache.catalina.startup.HostConfig.deployDirectory Deployment of web application directory C:\Users\220102\Downloads\download\download\work\tomcat\webapps\host-manager has finished in 22 ms
10-Jul-2023 10:25:39.437 情報 [localhost-startStop-1] org.apache.catalina.startup.HostConfig.deployDirectory Webアプリケーションディレクトリ C:\Users\220102\Downloads\download\download\work\tomcat\webapps\manager を配備します
10-Jul-2023 10:25:39.457 情報 [localhost-startStop-1] org.apache.catalina.startup.HostConfig.deployDirectory Deployment of web application directory C:\Users\220102\Downloads\download\download\work\tomcat\webapps\manager has finished in 20 ms
10-Jul-2023 10:25:39.457 情報 [localhost-startStop-1] org.apache.catalina.startup.HostConfig.deployDirectory Webアプリケーションディレクトリ C:\Users\220102\Downloads\download\download\work\tomcat\webapps\ROOT を配備します
10-Jul-2023 10:25:39.469 情報 [localhost-startStop-1] org.apache.catalina.startup.HostConfig.deployDirectory Deployment of web application directory C:\Users\220102\Downloads\download\download\work\tomcat\webapps\ROOT has finished in 12 ms
10-Jul-2023 10:25:39.469 情報 [localhost-startStop-1] org.apache.catalina.startup.HostConfig.deployDirectory Webアプリケーションディレクトリ C:\Users\220102\Downloads\download\download\work\tomcat\webapps\temp を配備します
10-Jul-2023 10:25:39.482 情報 [localhost-startStop-1] org.apache.catalina.startup.HostConfig.deployDirectory Deployment of web application directory C:\Users\220102\Downloads\download\download\work\tomcat\webapps\temp has finished in 13 ms
10-Jul-2023 10:25:39.484 情報 [main] org.apache.coyote.AbstractProtocol.start Starting ProtocolHandler [http-nio-8080]
10-Jul-2023 10:25:39.489 情報 [main] org.apache.coyote.AbstractProtocol.start Starting ProtocolHandler [ajp-nio-8009]
10-Jul-2023 10:25:39.491 情報 [main] org.apache.catalina.startup.Catalina.start Server startup in 837 ms
10-Jul-2023 11:17:59.898 情報 [Thread-5] org.apache.coyote.AbstractProtocol.pause Pausing ProtocolHandler ["http-nio-8080"]
10-Jul-2023 11:18:00.164 情報 [Thread-5] org.apache.coyote.AbstractProtocol.pause Pausing ProtocolHandler ["ajp-nio-8009"]
10-Jul-2023 11:18:00.387 情報 [Thread-5] org.apache.catalina.core.StandardService.stopInternal サービス Catalina を停止します
10-Jul-2023 11:18:00.453 警告 [localhost-startStop-2] org.apache.catalina.loader.WebappClassLoaderBase.clearReferencesJdbc The web application [book] registered the JDBC driver [org.h2.Driver] but failed to unregister it when the web application was stopped. To prevent a memory leak, the JDBC Driver has been forcibly unregistered.
10-Jul-2023 11:18:00.459 情報 [Thread-5] org.apache.coyote.AbstractProtocol.stop Stopping ProtocolHandler ["http-nio-8080"]
10-Jul-2023 11:18:00.461 情報 [Thread-5] org.apache.coyote.AbstractProtocol.stop Stopping ProtocolHandler ["ajp-nio-8009"]
10-Jul-2023 11:18:00.462 情報 [Thread-5] org.apache.coyote.AbstractProtocol.destroy Destroying ProtocolHandler ["http-nio-8080"]
10-Jul-2023 11:18:00.463 情報 [Thread-5] org.apache.coyote.AbstractProtocol.destroy Destroying ProtocolHandler ["ajp-nio-8009"]
10-Jul-2023 11:18:05.584 重大 [main] org.apache.catalina.startup.Catalina.initDirs Cannot find specified temporary folder at C:\Users\220102\Downloads\download\download\work\tomcat\temp
10-Jul-2023 11:18:05.780 情報 [main] org.apache.catalina.startup.VersionLoggerListener.log Server version:        Apache Tomcat/8.5.11
10-Jul-2023 11:18:05.780 情報 [main] org.apache.catalina.startup.VersionLoggerListener.log Server built:          Jan 10 2017 21:02:52 UTC
10-Jul-2023 11:18:05.780 情報 [main] org.apache.catalina.startup.VersionLoggerListener.log Server number:         8.5.11.0
10-Jul-2023 11:18:05.781 情報 [main] org.apache.catalina.startup.VersionLoggerListener.log OS Name:               Windows 10
10-Jul-2023 11:18:05.781 情報 [main] org.apache.catalina.startup.VersionLoggerListener.log OS Version:            10.0
10-Jul-2023 11:18:05.781 情報 [main] org.apache.catalina.startup.VersionLoggerListener.log Architecture:          x86
10-Jul-2023 11:18:05.781 情報 [main] org.apache.catalina.startup.VersionLoggerListener.log Java Home:             C:\Program Files (x86)\Java\jdk1.8.0_121\jre
10-Jul-2023 11:18:05.781 情報 [main] org.apache.catalina.startup.VersionLoggerListener.log JVM Version:           1.8.0_121-b13
10-Jul-2023 11:18:05.782 情報 [main] org.apache.catalina.startup.VersionLoggerListener.log JVM Vendor:            Oracle Corporation
10-Jul-2023 11:18:05.782 情報 [main] org.apache.catalina.startup.VersionLoggerListener.log CATALINA_BASE:         C:\Users\220102\Downloads\download\download\work\tomcat
10-Jul-2023 11:18:05.782 情報 [main] org.apache.catalina.startup.VersionLoggerListener.log CATALINA_HOME:         C:\Users\220102\Downloads\download\download\work\tomcat
10-Jul-2023 11:18:05.783 情報 [main] org.apache.catalina.startup.VersionLoggerListener.log Command line argument: -Djava.util.logging.config.file=C:\Users\220102\Downloads\download\download\work\tomcat\conf\logging.properties
10-Jul-2023 11:18:05.783 情報 [main] org.apache.catalina.startup.VersionLoggerListener.log Command line argument: -Djava.util.logging.manager=org.apache.juli.ClassLoaderLogManager
10-Jul-2023 11:18:05.783 情報 [main] org.apache.catalina.startup.VersionLoggerListener.log Command line argument: -Djava.net.preferIPv4Stack=true
10-Jul-2023 11:18:05.783 情報 [main] org.apache.catalina.startup.VersionLoggerListener.log Command line argument: -Djdk.tls.ephemeralDHKeySize=2048
10-Jul-2023 11:18:05.784 情報 [main] org.apache.catalina.startup.VersionLoggerListener.log Command line argument: -Djava.protocol.handler.pkgs=org.apache.catalina.webresources
10-Jul-2023 11:18:05.784 情報 [main] org.apache.catalina.startup.VersionLoggerListener.log Command line argument: -Dfile.encoding=UTF-8
10-Jul-2023 11:18:05.784 情報 [main] org.apache.catalina.startup.VersionLoggerListener.log Command line argument: -Dcatalina.base=C:\Users\220102\Downloads\download\download\work\tomcat
10-Jul-2023 11:18:05.784 情報 [main] org.apache.catalina.startup.VersionLoggerListener.log Command line argument: -Dcatalina.home=C:\Users\220102\Downloads\download\download\work\tomcat
10-Jul-2023 11:18:05.784 情報 [main] org.apache.catalina.startup.VersionLoggerListener.log Command line argument: -Djava.io.tmpdir=C:\Users\220102\Downloads\download\download\work\tomcat\temp
10-Jul-2023 11:18:05.784 情報 [main] org.apache.catalina.core.AprLifecycleListener.lifecycleEvent The APR based Apache Tomcat Native library which allows optimal performance in production environments was not found on the java.library.path: C:\Program Files (x86)\Java\jdk1.8.0_121\bin;C:\WINDOWS\Sun\Java\bin;C:\WINDOWS\system32;C:\WINDOWS;C:\Program Files (x86)\Java\jdk1.8.0_121\bin;C:\Program Files\Common Files\Oracle\Java\javapath;C:\Program Files (x86)\Common Files\Oracle\Java\javapath;C:\WINDOWS\system32;C:\WINDOWS;C:\WINDOWS\System32\Wbem;C:\WINDOWS\System32\WindowsPowerShell\v1.0\;C:\WINDOWS\System32\OpenSSH\;C:\Program Files\MySQL\MySQL Workbench 8.0;C:\Users\220102\AppData\Local\Programs\Python\Python311\Scripts\;C:\Users\220102\AppData\Local\Programs\Python\Python311\;C:\Users\220102\AppData\Local\Microsoft\WindowsApps;C:\Users\220102\AppData\Local\Programs\Microsoft VS Code\bin;C:\Users\220102\AppData\Local\Programs\Git\cmd;.
10-Jul-2023 11:18:05.858 情報 [main] org.apache.coyote.AbstractProtocol.init Initializing ProtocolHandler ["http-nio-8080"]
10-Jul-2023 11:18:06.139 情報 [main] org.apache.tomcat.util.net.NioSelectorPool.getSharedSelector Using a shared selector for servlet write/read
10-Jul-2023 11:18:06.141 情報 [main] org.apache.coyote.AbstractProtocol.init Initializing ProtocolHandler ["ajp-nio-8009"]
10-Jul-2023 11:18:06.143 情報 [main] org.apache.tomcat.util.net.NioSelectorPool.getSharedSelector Using a shared selector for servlet write/read
10-Jul-2023 11:18:06.144 情報 [main] org.apache.catalina.startup.Catalina.load Initialization processed in 560 ms
10-Jul-2023 11:18:06.162 情報 [main] org.apache.catalina.core.StandardService.startInternal サービス Catalina を起動します
10-Jul-2023 11:18:06.162 情報 [main] org.apache.catalina.core.StandardEngine.startInternal Starting Servlet Engine: Apache Tomcat/8.5.11
10-Jul-2023 11:18:06.168 情報 [localhost-startStop-1] org.apache.catalina.startup.HostConfig.deployDirectory Webアプリケーションディレクトリ C:\Users\220102\Downloads\download\download\work\tomcat\webapps\book を配備します
10-Jul-2023 11:18:06.641 情報 [localhost-startStop-1] org.apache.catalina.startup.HostConfig.deployDirectory Deployment of web application directory C:\Users\220102\Downloads\download\download\work\tomcat\webapps\book has finished in 472 ms
10-Jul-2023 11:18:06.641 情報 [localhost-startStop-1] org.apache.catalina.startup.HostConfig.deployDirectory Webアプリケーションディレクトリ C:\Users\220102\Downloads\download\download\work\tomcat\webapps\docs を配備します
10-Jul-2023 11:18:06.654 情報 [localhost-startStop-1] org.apache.catalina.startup.HostConfig.deployDirectory Deployment of web application directory C:\Users\220102\Downloads\download\download\work\tomcat\webapps\docs has finished in 13 ms
10-Jul-2023 11:18:06.655 情報 [localhost-startStop-1] org.apache.catalina.startup.HostConfig.deployDirectory Webアプリケーションディレクトリ C:\Users\220102\Downloads\download\download\work\tomcat\webapps\examples を配備します
10-Jul-2023 11:18:06.923 情報 [localhost-startStop-1] org.apache.catalina.startup.HostConfig.deployDirectory Deployment of web application directory C:\Users\220102\Downloads\download\download\work\tomcat\webapps\examples has finished in 267 ms
10-Jul-2023 11:18:06.923 情報 [localhost-startStop-1] org.apache.catalina.startup.HostConfig.deployDirectory Webアプリケーションディレクトリ C:\Users\220102\Downloads\download\download\work\tomcat\webapps\host-manager を配備します
10-Jul-2023 11:18:06.943 情報 [localhost-startStop-1] org.apache.catalina.startup.HostConfig.deployDirectory Deployment of web application directory C:\Users\220102\Downloads\download\download\work\tomcat\webapps\host-manager has finished in 20 ms
10-Jul-2023 11:18:06.943 情報 [localhost-startStop-1] org.apache.catalina.startup.HostConfig.deployDirectory Webアプリケーションディレクトリ C:\Users\220102\Downloads\download\download\work\tomcat\webapps\manager を配備します
10-Jul-2023 11:18:06.964 情報 [localhost-startStop-1] org.apache.catalina.startup.HostConfig.deployDirectory Deployment of web application directory C:\Users\220102\Downloads\download\download\work\tomcat\webapps\manager has finished in 21 ms
10-Jul-2023 11:18:06.965 情報 [localhost-startStop-1] org.apache.catalina.startup.HostConfig.deployDirectory Webアプリケーションディレクトリ C:\Users\220102\Downloads\download\download\work\tomcat\webapps\ROOT を配備します
10-Jul-2023 11:18:06.978 情報 [localhost-startStop-1] org.apache.catalina.startup.HostConfig.deployDirectory Deployment of web application directory C:\Users\220102\Downloads\download\download\work\tomcat\webapps\ROOT has finished in 13 ms
10-Jul-2023 11:18:06.978 情報 [localhost-startStop-1] org.apache.catalina.startup.HostConfig.deployDirectory Webアプリケーションディレクトリ C:\Users\220102\Downloads\download\download\work\tomcat\webapps\temp を配備します
10-Jul-2023 11:18:06.991 情報 [localhost-startStop-1] org.apache.catalina.startup.HostConfig.deployDirectory Deployment of web application directory C:\Users\220102\Downloads\download\download\work\tomcat\webapps\temp has finished in 13 ms
10-Jul-2023 11:18:06.993 情報 [main] org.apache.coyote.AbstractProtocol.start Starting ProtocolHandler [http-nio-8080]
10-Jul-2023 11:18:06.999 情報 [main] org.apache.coyote.AbstractProtocol.start Starting ProtocolHandler [ajp-nio-8009]
10-Jul-2023 11:18:07.001 情報 [main] org.apache.catalina.startup.Catalina.start Server startup in 856 ms
10-Jul-2023 11:43:48.575 情報 [Thread-5] org.apache.coyote.AbstractProtocol.pause Pausing ProtocolHandler ["http-nio-8080"]
10-Jul-2023 11:43:48.584 情報 [ContainerBackgroundProcessor[StandardEngine[Catalina]]] org.apache.catalina.core.StandardContext.reload このコンテキストの再ロードを開始しました
10-Jul-2023 11:43:48.595 警告 [ContainerBackgroundProcessor[StandardEngine[Catalina]]] org.apache.catalina.loader.WebappClassLoaderBase.clearReferencesJdbc The web application [book] registered the JDBC driver [org.h2.Driver] but failed to unregister it when the web application was stopped. To prevent a memory leak, the JDBC Driver has been forcibly unregistered.
10-Jul-2023 11:43:48.779 情報 [ContainerBackgroundProcessor[StandardEngine[Catalina]]] org.apache.catalina.core.StandardContext.reload このコンテキストの再ロードが完了しました
10-Jul-2023 11:43:48.823 情報 [Thread-5] org.apache.coyote.AbstractProtocol.pause Pausing ProtocolHandler ["ajp-nio-8009"]
10-Jul-2023 11:43:49.058 情報 [Thread-5] org.apache.catalina.core.StandardService.stopInternal サービス Catalina を停止します
10-Jul-2023 11:43:49.089 情報 [Thread-5] org.apache.coyote.AbstractProtocol.stop Stopping ProtocolHandler ["http-nio-8080"]
10-Jul-2023 11:43:49.091 情報 [Thread-5] org.apache.coyote.AbstractProtocol.stop Stopping ProtocolHandler ["ajp-nio-8009"]
10-Jul-2023 11:43:49.092 情報 [Thread-5] org.apache.coyote.AbstractProtocol.destroy Destroying ProtocolHandler ["http-nio-8080"]
10-Jul-2023 11:43:49.093 情報 [Thread-5] org.apache.coyote.AbstractProtocol.destroy Destroying ProtocolHandler ["ajp-nio-8009"]
10-Jul-2023 11:43:49.766 重大 [main] org.apache.catalina.startup.Catalina.initDirs Cannot find specified temporary folder at C:\Users\220102\Downloads\download\download\work\tomcat\temp
10-Jul-2023 11:43:49.936 情報 [main] org.apache.catalina.startup.VersionLoggerListener.log Server version:        Apache Tomcat/8.5.11
10-Jul-2023 11:43:49.936 情報 [main] org.apache.catalina.startup.VersionLoggerListener.log Server built:          Jan 10 2017 21:02:52 UTC
10-Jul-2023 11:43:49.936 情報 [main] org.apache.catalina.startup.VersionLoggerListener.log Server number:         8.5.11.0
10-Jul-2023 11:43:49.936 情報 [main] org.apache.catalina.startup.VersionLoggerListener.log OS Name:               Windows 10
10-Jul-2023 11:43:49.937 情報 [main] org.apache.catalina.startup.VersionLoggerListener.log OS Version:            10.0
10-Jul-2023 11:43:49.937 情報 [main] org.apache.catalina.startup.VersionLoggerListener.log Architecture:          x86
10-Jul-2023 11:43:49.937 情報 [main] org.apache.catalina.startup.VersionLoggerListener.log Java Home:             C:\Program Files (x86)\Java\jdk1.8.0_121\jre
10-Jul-2023 11:43:49.937 情報 [main] org.apache.catalina.startup.VersionLoggerListener.log JVM Version:           1.8.0_121-b13
10-Jul-2023 11:43:49.938 情報 [main] org.apache.catalina.startup.VersionLoggerListener.log JVM Vendor:            Oracle Corporation
10-Jul-2023 11:43:49.938 情報 [main] org.apache.catalina.startup.VersionLoggerListener.log CATALINA_BASE:         C:\Users\220102\Downloads\download\download\work\tomcat
10-Jul-2023 11:43:49.938 情報 [main] org.apache.catalina.startup.VersionLoggerListener.log CATALINA_HOME:         C:\Users\220102\Downloads\download\download\work\tomcat
10-Jul-2023 11:43:49.939 情報 [main] org.apache.catalina.startup.VersionLoggerListener.log Command line argument: -Djava.util.logging.config.file=C:\Users\220102\Downloads\download\download\work\tomcat\conf\logging.properties
10-Jul-2023 11:43:49.939 情報 [main] org.apache.catalina.startup.VersionLoggerListener.log Command line argument: -Djava.util.logging.manager=org.apache.juli.ClassLoaderLogManager
10-Jul-2023 11:43:49.939 情報 [main] org.apache.catalina.startup.VersionLoggerListener.log Command line argument: -Djava.net.preferIPv4Stack=true
10-Jul-2023 11:43:49.939 情報 [main] org.apache.catalina.startup.VersionLoggerListener.log Command line argument: -Djdk.tls.ephemeralDHKeySize=2048
10-Jul-2023 11:43:49.940 情報 [main] org.apache.catalina.startup.VersionLoggerListener.log Command line argument: -Djava.protocol.handler.pkgs=org.apache.catalina.webresources
10-Jul-2023 11:43:49.940 情報 [main] org.apache.catalina.startup.VersionLoggerListener.log Command line argument: -Dfile.encoding=UTF-8
10-Jul-2023 11:43:49.940 情報 [main] org.apache.catalina.startup.VersionLoggerListener.log Command line argument: -Dcatalina.base=C:\Users\220102\Downloads\download\download\work\tomcat
10-Jul-2023 11:43:49.940 情報 [main] org.apache.catalina.startup.VersionLoggerListener.log Command line argument: -Dcatalina.home=C:\Users\220102\Downloads\download\download\work\tomcat
10-Jul-2023 11:43:49.940 情報 [main] org.apache.catalina.startup.VersionLoggerListener.log Command line argument: -Djava.io.tmpdir=C:\Users\220102\Downloads\download\download\work\tomcat\temp
10-Jul-2023 11:43:49.941 情報 [main] org.apache.catalina.core.AprLifecycleListener.lifecycleEvent The APR based Apache Tomcat Native library which allows optimal performance in production environments was not found on the java.library.path: C:\Program Files (x86)\Java\jdk1.8.0_121\bin;C:\WINDOWS\Sun\Java\bin;C:\WINDOWS\system32;C:\WINDOWS;C:\Program Files (x86)\Java\jdk1.8.0_121\bin;C:\Program Files\Common Files\Oracle\Java\javapath;C:\Program Files (x86)\Common Files\Oracle\Java\javapath;C:\WINDOWS\system32;C:\WINDOWS;C:\WINDOWS\System32\Wbem;C:\WINDOWS\System32\WindowsPowerShell\v1.0\;C:\WINDOWS\System32\OpenSSH\;C:\Program Files\MySQL\MySQL Workbench 8.0;C:\Users\220102\AppData\Local\Programs\Python\Python311\Scripts\;C:\Users\220102\AppData\Local\Programs\Python\Python311\;C:\Users\220102\AppData\Local\Microsoft\WindowsApps;C:\Users\220102\AppData\Local\Programs\Microsoft VS Code\bin;C:\Users\220102\AppData\Local\Programs\Git\cmd;.
10-Jul-2023 11:43:50.001 情報 [main] org.apache.coyote.AbstractProtocol.init Initializing ProtocolHandler ["http-nio-8080"]
10-Jul-2023 11:43:50.225 情報 [main] org.apache.tomcat.util.net.NioSelectorPool.getSharedSelector Using a shared selector for servlet write/read
10-Jul-2023 11:43:50.226 情報 [main] org.apache.coyote.AbstractProtocol.init Initializing ProtocolHandler ["ajp-nio-8009"]
10-Jul-2023 11:43:50.228 情報 [main] org.apache.tomcat.util.net.NioSelectorPool.getSharedSelector Using a shared selector for servlet write/read
10-Jul-2023 11:43:50.228 情報 [main] org.apache.catalina.startup.Catalina.load Initialization processed in 462 ms
10-Jul-2023 11:43:50.243 情報 [main] org.apache.catalina.core.StandardService.startInternal サービス Catalina を起動します
10-Jul-2023 11:43:50.244 情報 [main] org.apache.catalina.core.StandardEngine.startInternal Starting Servlet Engine: Apache Tomcat/8.5.11
10-Jul-2023 11:43:50.250 情報 [localhost-startStop-1] org.apache.catalina.startup.HostConfig.deployDirectory Webアプリケーションディレクトリ C:\Users\220102\Downloads\download\download\work\tomcat\webapps\book を配備します
10-Jul-2023 11:43:50.713 情報 [localhost-startStop-1] org.apache.catalina.startup.HostConfig.deployDirectory Deployment of web application directory C:\Users\220102\Downloads\download\download\work\tomcat\webapps\book has finished in 462 ms
10-Jul-2023 11:43:50.713 情報 [localhost-startStop-1] org.apache.catalina.startup.HostConfig.deployDirectory Webアプリケーションディレクトリ C:\Users\220102\Downloads\download\download\work\tomcat\webapps\docs を配備します
10-Jul-2023 11:43:50.727 情報 [localhost-startStop-1] org.apache.catalina.startup.HostConfig.deployDirectory Deployment of web application directory C:\Users\220102\Downloads\download\download\work\tomcat\webapps\docs has finished in 14 ms
10-Jul-2023 11:43:50.727 情報 [localhost-startStop-1] org.apache.catalina.startup.HostConfig.deployDirectory Webアプリケーションディレクトリ C:\Users\220102\Downloads\download\download\work\tomcat\webapps\examples を配備します
10-Jul-2023 11:43:50.918 情報 [localhost-startStop-1] org.apache.catalina.startup.HostConfig.deployDirectory Deployment of web application directory C:\Users\220102\Downloads\download\download\work\tomcat\webapps\examples has finished in 191 ms
10-Jul-2023 11:43:50.918 情報 [localhost-startStop-1] org.apache.catalina.startup.HostConfig.deployDirectory Webアプリケーションディレクトリ C:\Users\220102\Downloads\download\download\work\tomcat\webapps\host-manager を配備します
10-Jul-2023 11:43:50.941 情報 [localhost-startStop-1] org.apache.catalina.startup.HostConfig.deployDirectory Deployment of web application directory C:\Users\220102\Downloads\download\download\work\tomcat\webapps\host-manager has finished in 23 ms
10-Jul-2023 11:43:50.942 情報 [localhost-startStop-1] org.apache.catalina.startup.HostConfig.deployDirectory Webアプリケーションディレクトリ C:\Users\220102\Downloads\download\download\work\tomcat\webapps\manager を配備します
10-Jul-2023 11:43:50.961 情報 [localhost-startStop-1] org.apache.catalina.startup.HostConfig.deployDirectory Deployment of web application directory C:\Users\220102\Downloads\download\download\work\tomcat\webapps\manager has finished in 18 ms
10-Jul-2023 11:43:50.961 情報 [localhost-startStop-1] org.apache.catalina.startup.HostConfig.deployDirectory Webアプリケーションディレクトリ C:\Users\220102\Downloads\download\download\work\tomcat\webapps\ROOT を配備します
10-Jul-2023 11:43:50.972 情報 [localhost-startStop-1] org.apache.catalina.startup.HostConfig.deployDirectory Deployment of web application directory C:\Users\220102\Downloads\download\download\work\tomcat\webapps\ROOT has finished in 11 ms
10-Jul-2023 11:43:50.975 情報 [localhost-startStop-1] org.apache.catalina.startup.HostConfig.deployDirectory Webアプリケーションディレクトリ C:\Users\220102\Downloads\download\download\work\tomcat\webapps\temp を配備します
10-Jul-2023 11:43:50.986 情報 [localhost-startStop-1] org.apache.catalina.startup.HostConfig.deployDirectory Deployment of web application directory C:\Users\220102\Downloads\download\download\work\tomcat\webapps\temp has finished in 11 ms
10-Jul-2023 11:43:50.988 情報 [main] org.apache.coyote.AbstractProtocol.start Starting ProtocolHandler [http-nio-8080]
10-Jul-2023 11:43:50.993 情報 [main] org.apache.coyote.AbstractProtocol.start Starting ProtocolHandler [ajp-nio-8009]
10-Jul-2023 11:43:50.994 情報 [main] org.apache.catalina.startup.Catalina.start Server startup in 766 ms
10-Jul-2023 12:13:29.449 情報 [Thread-5] org.apache.coyote.AbstractProtocol.pause Pausing ProtocolHandler ["http-nio-8080"]
10-Jul-2023 12:13:29.628 情報 [ContainerBackgroundProcessor[StandardEngine[Catalina]]] org.apache.catalina.core.StandardContext.reload このコンテキストの再ロードを開始しました
10-Jul-2023 12:13:29.636 警告 [ContainerBackgroundProcessor[StandardEngine[Catalina]]] org.apache.catalina.loader.WebappClassLoaderBase.clearReferencesJdbc The web application [book] registered the JDBC driver [org.h2.Driver] but failed to unregister it when the web application was stopped. To prevent a memory leak, the JDBC Driver has been forcibly unregistered.
10-Jul-2023 12:13:29.673 情報 [Thread-5] org.apache.coyote.AbstractProtocol.pause Pausing ProtocolHandler ["ajp-nio-8009"]
10-Jul-2023 12:13:29.891 情報 [ContainerBackgroundProcessor[StandardEngine[Catalina]]] org.apache.catalina.core.StandardContext.reload このコンテキストの再ロードが完了しました
10-Jul-2023 12:13:29.909 情報 [Thread-5] org.apache.catalina.core.StandardService.stopInternal サービス Catalina を停止します
10-Jul-2023 12:13:29.952 情報 [Thread-5] org.apache.coyote.AbstractProtocol.stop Stopping ProtocolHandler ["http-nio-8080"]
10-Jul-2023 12:13:29.955 情報 [Thread-5] org.apache.coyote.AbstractProtocol.stop Stopping ProtocolHandler ["ajp-nio-8009"]
10-Jul-2023 12:13:29.956 情報 [Thread-5] org.apache.coyote.AbstractProtocol.destroy Destroying ProtocolHandler ["http-nio-8080"]
10-Jul-2023 12:13:29.957 情報 [Thread-5] org.apache.coyote.AbstractProtocol.destroy Destroying ProtocolHandler ["ajp-nio-8009"]
10-Jul-2023 12:13:31.229 重大 [main] org.apache.catalina.startup.Catalina.initDirs Cannot find specified temporary folder at C:\Users\220102\Downloads\download\download\work\tomcat\temp
10-Jul-2023 12:13:31.428 情報 [main] org.apache.catalina.startup.VersionLoggerListener.log Server version:        Apache Tomcat/8.5.11
10-Jul-2023 12:13:31.429 情報 [main] org.apache.catalina.startup.VersionLoggerListener.log Server built:          Jan 10 2017 21:02:52 UTC
10-Jul-2023 12:13:31.429 情報 [main] org.apache.catalina.startup.VersionLoggerListener.log Server number:         8.5.11.0
10-Jul-2023 12:13:31.429 情報 [main] org.apache.catalina.startup.VersionLoggerListener.log OS Name:               Windows 10
10-Jul-2023 12:13:31.429 情報 [main] org.apache.catalina.startup.VersionLoggerListener.log OS Version:            10.0
10-Jul-2023 12:13:31.430 情報 [main] org.apache.catalina.startup.VersionLoggerListener.log Architecture:          x86
10-Jul-2023 12:13:31.430 情報 [main] org.apache.catalina.startup.VersionLoggerListener.log Java Home:             C:\Program Files (x86)\Java\jdk1.8.0_121\jre
10-Jul-2023 12:13:31.430 情報 [main] org.apache.catalina.startup.VersionLoggerListener.log JVM Version:           1.8.0_121-b13
10-Jul-2023 12:13:31.430 情報 [main] org.apache.catalina.startup.VersionLoggerListener.log JVM Vendor:            Oracle Corporation
10-Jul-2023 12:13:31.431 情報 [main] org.apache.catalina.startup.VersionLoggerListener.log CATALINA_BASE:         C:\Users\220102\Downloads\download\download\work\tomcat
10-Jul-2023 12:13:31.431 情報 [main] org.apache.catalina.startup.VersionLoggerListener.log CATALINA_HOME:         C:\Users\220102\Downloads\download\download\work\tomcat
10-Jul-2023 12:13:31.431 情報 [main] org.apache.catalina.startup.VersionLoggerListener.log Command line argument: -Djava.util.logging.config.file=C:\Users\220102\Downloads\download\download\work\tomcat\conf\logging.properties
10-Jul-2023 12:13:31.431 情報 [main] org.apache.catalina.startup.VersionLoggerListener.log Command line argument: -Djava.util.logging.manager=org.apache.juli.ClassLoaderLogManager
10-Jul-2023 12:13:31.432 情報 [main] org.apache.catalina.startup.VersionLoggerListener.log Command line argument: -Djava.net.preferIPv4Stack=true
10-Jul-2023 12:13:31.432 情報 [main] org.apache.catalina.startup.VersionLoggerListener.log Command line argument: -Djdk.tls.ephemeralDHKeySize=2048
10-Jul-2023 12:13:31.432 情報 [main] org.apache.catalina.startup.VersionLoggerListener.log Command line argument: -Djava.protocol.handler.pkgs=org.apache.catalina.webresources
10-Jul-2023 12:13:31.432 情報 [main] org.apache.catalina.startup.VersionLoggerListener.log Command line argument: -Dfile.encoding=UTF-8
10-Jul-2023 12:13:31.432 情報 [main] org.apache.catalina.startup.VersionLoggerListener.log Command line argument: -Dcatalina.base=C:\Users\220102\Downloads\download\download\work\tomcat
10-Jul-2023 12:13:31.432 情報 [main] org.apache.catalina.startup.VersionLoggerListener.log Command line argument: -Dcatalina.home=C:\Users\220102\Downloads\download\download\work\tomcat
10-Jul-2023 12:13:31.432 情報 [main] org.apache.catalina.startup.VersionLoggerListener.log Command line argument: -Djava.io.tmpdir=C:\Users\220102\Downloads\download\download\work\tomcat\temp
10-Jul-2023 12:13:31.432 情報 [main] org.apache.catalina.core.AprLifecycleListener.lifecycleEvent The APR based Apache Tomcat Native library which allows optimal performance in production environments was not found on the java.library.path: C:\Program Files (x86)\Java\jdk1.8.0_121\bin;C:\WINDOWS\Sun\Java\bin;C:\WINDOWS\system32;C:\WINDOWS;C:\Program Files (x86)\Java\jdk1.8.0_121\bin;C:\Program Files\Common Files\Oracle\Java\javapath;C:\Program Files (x86)\Common Files\Oracle\Java\javapath;C:\WINDOWS\system32;C:\WINDOWS;C:\WINDOWS\System32\Wbem;C:\WINDOWS\System32\WindowsPowerShell\v1.0\;C:\WINDOWS\System32\OpenSSH\;C:\Program Files\MySQL\MySQL Workbench 8.0;C:\Users\220102\AppData\Local\Programs\Python\Python311\Scripts\;C:\Users\220102\AppData\Local\Programs\Python\Python311\;C:\Users\220102\AppData\Local\Microsoft\WindowsApps;C:\Users\220102\AppData\Local\Programs\Microsoft VS Code\bin;C:\Users\220102\AppData\Local\Programs\Git\cmd;.
10-Jul-2023 12:13:31.506 情報 [main] org.apache.coyote.AbstractProtocol.init Initializing ProtocolHandler ["http-nio-8080"]
10-Jul-2023 12:13:31.802 情報 [main] org.apache.tomcat.util.net.NioSelectorPool.getSharedSelector Using a shared selector for servlet write/read
10-Jul-2023 12:13:31.804 情報 [main] org.apache.coyote.AbstractProtocol.init Initializing ProtocolHandler ["ajp-nio-8009"]
10-Jul-2023 12:13:31.806 情報 [main] org.apache.tomcat.util.net.NioSelectorPool.getSharedSelector Using a shared selector for servlet write/read
10-Jul-2023 12:13:31.807 情報 [main] org.apache.catalina.startup.Catalina.load Initialization processed in 577 ms
10-Jul-2023 12:13:31.824 情報 [main] org.apache.catalina.core.StandardService.startInternal サービス Catalina を起動します
10-Jul-2023 12:13:31.824 情報 [main] org.apache.catalina.core.StandardEngine.startInternal Starting Servlet Engine: Apache Tomcat/8.5.11
10-Jul-2023 12:13:31.830 情報 [localhost-startStop-1] org.apache.catalina.startup.HostConfig.deployDirectory Webアプリケーションディレクトリ C:\Users\220102\Downloads\download\download\work\tomcat\webapps\book を配備します
10-Jul-2023 12:13:32.261 情報 [localhost-startStop-1] org.apache.catalina.startup.HostConfig.deployDirectory Deployment of web application directory C:\Users\220102\Downloads\download\download\work\tomcat\webapps\book has finished in 430 ms
10-Jul-2023 12:13:32.261 情報 [localhost-startStop-1] org.apache.catalina.startup.HostConfig.deployDirectory Webアプリケーションディレクトリ C:\Users\220102\Downloads\download\download\work\tomcat\webapps\docs を配備します
10-Jul-2023 12:13:32.276 情報 [localhost-startStop-1] org.apache.catalina.startup.HostConfig.deployDirectory Deployment of web application directory C:\Users\220102\Downloads\download\download\work\tomcat\webapps\docs has finished in 15 ms
10-Jul-2023 12:13:32.277 情報 [localhost-startStop-1] org.apache.catalina.startup.HostConfig.deployDirectory Webアプリケーションディレクトリ C:\Users\220102\Downloads\download\download\work\tomcat\webapps\examples を配備します
10-Jul-2023 12:13:32.609 情報 [localhost-startStop-1] org.apache.catalina.startup.HostConfig.deployDirectory Deployment of web application directory C:\Users\220102\Downloads\download\download\work\tomcat\webapps\examples has finished in 332 ms
10-Jul-2023 12:13:32.609 情報 [localhost-startStop-1] org.apache.catalina.startup.HostConfig.deployDirectory Webアプリケーションディレクトリ C:\Users\220102\Downloads\download\download\work\tomcat\webapps\host-manager を配備します
10-Jul-2023 12:13:32.632 情報 [localhost-startStop-1] org.apache.catalina.startup.HostConfig.deployDirectory Deployment of web application directory C:\Users\220102\Downloads\download\download\work\tomcat\webapps\host-manager has finished in 23 ms
10-Jul-2023 12:13:32.632 情報 [localhost-startStop-1] org.apache.catalina.startup.HostConfig.deployDirectory Webアプリケーションディレクトリ C:\Users\220102\Downloads\download\download\work\tomcat\webapps\manager を配備します
10-Jul-2023 12:13:32.653 情報 [localhost-startStop-1] org.apache.catalina.startup.HostConfig.deployDirectory Deployment of web application directory C:\Users\220102\Downloads\download\download\work\tomcat\webapps\manager has finished in 21 ms
10-Jul-2023 12:13:32.654 情報 [localhost-startStop-1] org.apache.catalina.startup.HostConfig.deployDirectory Webアプリケーションディレクトリ C:\Users\220102\Downloads\download\download\work\tomcat\webapps\ROOT を配備します
10-Jul-2023 12:13:32.668 情報 [localhost-startStop-1] org.apache.catalina.startup.HostConfig.deployDirectory Deployment of web application directory C:\Users\220102\Downloads\download\download\work\tomcat\webapps\ROOT has finished in 14 ms
10-Jul-2023 12:13:32.669 情報 [localhost-startStop-1] org.apache.catalina.startup.HostConfig.deployDirectory Webアプリケーションディレクトリ C:\Users\220102\Downloads\download\download\work\tomcat\webapps\temp を配備します
10-Jul-2023 12:13:32.680 情報 [localhost-startStop-1] org.apache.catalina.startup.HostConfig.deployDirectory Deployment of web application directory C:\Users\220102\Downloads\download\download\work\tomcat\webapps\temp has finished in 11 ms
10-Jul-2023 12:13:32.682 情報 [main] org.apache.coyote.AbstractProtocol.start Starting ProtocolHandler [http-nio-8080]
10-Jul-2023 12:13:32.688 情報 [main] org.apache.coyote.AbstractProtocol.start Starting ProtocolHandler [ajp-nio-8009]
10-Jul-2023 12:13:32.690 情報 [main] org.apache.catalina.startup.Catalina.start Server startup in 883 ms
10-Jul-2023 12:18:29.472 情報 [Thread-5] org.apache.coyote.AbstractProtocol.pause Pausing ProtocolHandler ["http-nio-8080"]
10-Jul-2023 12:18:29.692 情報 [Thread-5] org.apache.coyote.AbstractProtocol.pause Pausing ProtocolHandler ["ajp-nio-8009"]
10-Jul-2023 12:18:29.911 情報 [Thread-5] org.apache.catalina.core.StandardService.stopInternal サービス Catalina を停止します
10-Jul-2023 12:18:29.926 警告 [localhost-startStop-2] org.apache.catalina.loader.WebappClassLoaderBase.clearReferencesJdbc The web application [book] registered the JDBC driver [org.h2.Driver] but failed to unregister it when the web application was stopped. To prevent a memory leak, the JDBC Driver has been forcibly unregistered.
10-Jul-2023 12:18:29.926 情報 [Thread-5] org.apache.coyote.AbstractProtocol.stop Stopping ProtocolHandler ["http-nio-8080"]
10-Jul-2023 12:18:29.926 情報 [Thread-5] org.apache.coyote.AbstractProtocol.stop Stopping ProtocolHandler ["ajp-nio-8009"]
10-Jul-2023 12:18:29.926 情報 [Thread-5] org.apache.coyote.AbstractProtocol.destroy Destroying ProtocolHandler ["http-nio-8080"]
10-Jul-2023 12:18:29.926 情報 [Thread-5] org.apache.coyote.AbstractProtocol.destroy Destroying ProtocolHandler ["ajp-nio-8009"]
10-Jul-2023 12:18:30.861 重大 [main] org.apache.catalina.startup.Catalina.initDirs Cannot find specified temporary folder at C:\Users\220102\Downloads\download\download\work\tomcat\temp
10-Jul-2023 12:18:31.033 情報 [main] org.apache.catalina.startup.VersionLoggerListener.log Server version:        Apache Tomcat/8.5.11
10-Jul-2023 12:18:31.033 情報 [main] org.apache.catalina.startup.VersionLoggerListener.log Server built:          Jan 10 2017 21:02:52 UTC
10-Jul-2023 12:18:31.033 情報 [main] org.apache.catalina.startup.VersionLoggerListener.log Server number:         8.5.11.0
10-Jul-2023 12:18:31.033 情報 [main] org.apache.catalina.startup.VersionLoggerListener.log OS Name:               Windows 10
10-Jul-2023 12:18:31.033 情報 [main] org.apache.catalina.startup.VersionLoggerListener.log OS Version:            10.0
10-Jul-2023 12:18:31.033 情報 [main] org.apache.catalina.startup.VersionLoggerListener.log Architecture:          x86
10-Jul-2023 12:18:31.033 情報 [main] org.apache.catalina.startup.VersionLoggerListener.log Java Home:             C:\Program Files (x86)\Java\jdk1.8.0_121\jre
10-Jul-2023 12:18:31.033 情報 [main] org.apache.catalina.startup.VersionLoggerListener.log JVM Version:           1.8.0_121-b13
10-Jul-2023 12:18:31.033 情報 [main] org.apache.catalina.startup.VersionLoggerListener.log JVM Vendor:            Oracle Corporation
10-Jul-2023 12:18:31.033 情報 [main] org.apache.catalina.startup.VersionLoggerListener.log CATALINA_BASE:         C:\Users\220102\Downloads\download\download\work\tomcat
10-Jul-2023 12:18:31.049 情報 [main] org.apache.catalina.startup.VersionLoggerListener.log CATALINA_HOME:         C:\Users\220102\Downloads\download\download\work\tomcat
10-Jul-2023 12:18:31.049 情報 [main] org.apache.catalina.startup.VersionLoggerListener.log Command line argument: -Djava.util.logging.config.file=C:\Users\220102\Downloads\download\download\work\tomcat\conf\logging.properties
10-Jul-2023 12:18:31.049 情報 [main] org.apache.catalina.startup.VersionLoggerListener.log Command line argument: -Djava.util.logging.manager=org.apache.juli.ClassLoaderLogManager
10-Jul-2023 12:18:31.049 情報 [main] org.apache.catalina.startup.VersionLoggerListener.log Command line argument: -Djava.net.preferIPv4Stack=true
10-Jul-2023 12:18:31.049 情報 [main] org.apache.catalina.startup.VersionLoggerListener.log Command line argument: -Djdk.tls.ephemeralDHKeySize=2048
10-Jul-2023 12:18:31.049 情報 [main] org.apache.catalina.startup.VersionLoggerListener.log Command line argument: -Djava.protocol.handler.pkgs=org.apache.catalina.webresources
10-Jul-2023 12:18:31.049 情報 [main] org.apache.catalina.startup.VersionLoggerListener.log Command line argument: -Dfile.encoding=UTF-8
10-Jul-2023 12:18:31.049 情報 [main] org.apache.catalina.startup.VersionLoggerListener.log Command line argument: -Dcatalina.base=C:\Users\220102\Downloads\download\download\work\tomcat
10-Jul-2023 12:18:31.049 情報 [main] org.apache.catalina.startup.VersionLoggerListener.log Command line argument: -Dcatalina.home=C:\Users\220102\Downloads\download\download\work\tomcat
10-Jul-2023 12:18:31.049 情報 [main] org.apache.catalina.startup.VersionLoggerListener.log Command line argument: -Djava.io.tmpdir=C:\Users\220102\Downloads\download\download\work\tomcat\temp
10-Jul-2023 12:18:31.049 情報 [main] org.apache.catalina.core.AprLifecycleListener.lifecycleEvent The APR based Apache Tomcat Native library which allows optimal performance in production environments was not found on the java.library.path: C:\Program Files (x86)\Java\jdk1.8.0_121\bin;C:\WINDOWS\Sun\Java\bin;C:\WINDOWS\system32;C:\WINDOWS;C:\Program Files (x86)\Java\jdk1.8.0_121\bin;C:\Program Files\Common Files\Oracle\Java\javapath;C:\Program Files (x86)\Common Files\Oracle\Java\javapath;C:\WINDOWS\system32;C:\WINDOWS;C:\WINDOWS\System32\Wbem;C:\WINDOWS\System32\WindowsPowerShell\v1.0\;C:\WINDOWS\System32\OpenSSH\;C:\Program Files\MySQL\MySQL Workbench 8.0;C:\Users\220102\AppData\Local\Programs\Python\Python311\Scripts\;C:\Users\220102\AppData\Local\Programs\Python\Python311\;C:\Users\220102\AppData\Local\Microsoft\WindowsApps;C:\Users\220102\AppData\Local\Programs\Microsoft VS Code\bin;C:\Users\220102\AppData\Local\Programs\Git\cmd;.
10-Jul-2023 12:18:31.111 情報 [main] org.apache.coyote.AbstractProtocol.init Initializing ProtocolHandler ["http-nio-8080"]
10-Jul-2023 12:18:31.330 情報 [main] org.apache.tomcat.util.net.NioSelectorPool.getSharedSelector Using a shared selector for servlet write/read
10-Jul-2023 12:18:31.330 情報 [main] org.apache.coyote.AbstractProtocol.init Initializing ProtocolHandler ["ajp-nio-8009"]
10-Jul-2023 12:18:31.330 情報 [main] org.apache.tomcat.util.net.NioSelectorPool.getSharedSelector Using a shared selector for servlet write/read
10-Jul-2023 12:18:31.330 情報 [main] org.apache.catalina.startup.Catalina.load Initialization processed in 462 ms
10-Jul-2023 12:18:31.346 情報 [main] org.apache.catalina.core.StandardService.startInternal サービス Catalina を起動します
10-Jul-2023 12:18:31.346 情報 [main] org.apache.catalina.core.StandardEngine.startInternal Starting Servlet Engine: Apache Tomcat/8.5.11
10-Jul-2023 12:18:31.346 情報 [localhost-startStop-1] org.apache.catalina.startup.HostConfig.deployDirectory Webアプリケーションディレクトリ C:\Users\220102\Downloads\download\download\work\tomcat\webapps\book を配備します
10-Jul-2023 12:18:31.789 情報 [localhost-startStop-1] org.apache.catalina.startup.HostConfig.deployDirectory Deployment of web application directory C:\Users\220102\Downloads\download\download\work\tomcat\webapps\book has finished in 442 ms
10-Jul-2023 12:18:31.789 情報 [localhost-startStop-1] org.apache.catalina.startup.HostConfig.deployDirectory Webアプリケーションディレクトリ C:\Users\220102\Downloads\download\download\work\tomcat\webapps\docs を配備します
10-Jul-2023 12:18:31.802 情報 [localhost-startStop-1] org.apache.catalina.startup.HostConfig.deployDirectory Deployment of web application directory C:\Users\220102\Downloads\download\download\work\tomcat\webapps\docs has finished in 13 ms
10-Jul-2023 12:18:31.802 情報 [localhost-startStop-1] org.apache.catalina.startup.HostConfig.deployDirectory Webアプリケーションディレクトリ C:\Users\220102\Downloads\download\download\work\tomcat\webapps\examples を配備します
10-Jul-2023 12:18:31.986 情報 [localhost-startStop-1] org.apache.catalina.startup.HostConfig.deployDirectory Deployment of web application directory C:\Users\220102\Downloads\download\download\work\tomcat\webapps\examples has finished in 184 ms
10-Jul-2023 12:18:31.986 情報 [localhost-startStop-1] org.apache.catalina.startup.HostConfig.deployDirectory Webアプリケーションディレクトリ C:\Users\220102\Downloads\download\download\work\tomcat\webapps\host-manager を配備します
10-Jul-2023 12:18:32.002 情報 [localhost-startStop-1] org.apache.catalina.startup.HostConfig.deployDirectory Deployment of web application directory C:\Users\220102\Downloads\download\download\work\tomcat\webapps\host-manager has finished in 16 ms
10-Jul-2023 12:18:32.002 情報 [localhost-startStop-1] org.apache.catalina.startup.HostConfig.deployDirectory Webアプリケーションディレクトリ C:\Users\220102\Downloads\download\download\work\tomcat\webapps\manager を配備します
10-Jul-2023 12:18:32.017 情報 [localhost-startStop-1] org.apache.catalina.startup.HostConfig.deployDirectory Deployment of web application directory C:\Users\220102\Downloads\download\download\work\tomcat\webapps\manager has finished in 15 ms
10-Jul-2023 12:18:32.018 情報 [localhost-startStop-1] org.apache.catalina.startup.HostConfig.deployDirectory Webアプリケーションディレクトリ C:\Users\220102\Downloads\download\download\work\tomcat\webapps\ROOT を配備します
10-Jul-2023 12:18:32.032 情報 [localhost-startStop-1] org.apache.catalina.startup.HostConfig.deployDirectory Deployment of web application directory C:\Users\220102\Downloads\download\download\work\tomcat\webapps\ROOT has finished in 14 ms
10-Jul-2023 12:18:32.032 情報 [localhost-startStop-1] org.apache.catalina.startup.HostConfig.deployDirectory Webアプリケーションディレクトリ C:\Users\220102\Downloads\download\download\work\tomcat\webapps\temp を配備します
10-Jul-2023 12:18:32.042 情報 [localhost-startStop-1] org.apache.catalina.startup.HostConfig.deployDirectory Deployment of web application directory C:\Users\220102\Downloads\download\download\work\tomcat\webapps\temp has finished in 10 ms
10-Jul-2023 12:18:32.044 情報 [main] org.apache.coyote.AbstractProtocol.start Starting ProtocolHandler [http-nio-8080]
10-Jul-2023 12:18:32.049 情報 [main] org.apache.coyote.AbstractProtocol.start Starting ProtocolHandler [ajp-nio-8009]
10-Jul-2023 12:18:32.051 情報 [main] org.apache.catalina.startup.Catalina.start Server startup in 715 ms
