06-Jul-2023 10:04:04.292 重大 [main] org.apache.catalina.startup.Catalina.initDirs Cannot find specified temporary folder at C:\Users\220102\Downloads\download\download\work\tomcat\temp
06-Jul-2023 10:04:04.523 情報 [main] org.apache.catalina.startup.VersionLoggerListener.log Server version:        Apache Tomcat/8.5.11
06-Jul-2023 10:04:04.524 情報 [main] org.apache.catalina.startup.VersionLoggerListener.log Server built:          Jan 10 2017 21:02:52 UTC
06-Jul-2023 10:04:04.524 情報 [main] org.apache.catalina.startup.VersionLoggerListener.log Server number:         8.5.11.0
06-Jul-2023 10:04:04.524 情報 [main] org.apache.catalina.startup.VersionLoggerListener.log OS Name:               Windows 10
06-Jul-2023 10:04:04.524 情報 [main] org.apache.catalina.startup.VersionLoggerListener.log OS Version:            10.0
06-Jul-2023 10:04:04.524 情報 [main] org.apache.catalina.startup.VersionLoggerListener.log Architecture:          x86
06-Jul-2023 10:04:04.524 情報 [main] org.apache.catalina.startup.VersionLoggerListener.log Java Home:             C:\Program Files (x86)\Java\jdk1.8.0_121\jre
06-Jul-2023 10:04:04.525 情報 [main] org.apache.catalina.startup.VersionLoggerListener.log JVM Version:           1.8.0_121-b13
06-Jul-2023 10:04:04.525 情報 [main] org.apache.catalina.startup.VersionLoggerListener.log JVM Vendor:            Oracle Corporation
06-Jul-2023 10:04:04.525 情報 [main] org.apache.catalina.startup.VersionLoggerListener.log CATALINA_BASE:         C:\Users\220102\Downloads\download\download\work\tomcat
06-Jul-2023 10:04:04.525 情報 [main] org.apache.catalina.startup.VersionLoggerListener.log CATALINA_HOME:         C:\Users\220102\Downloads\download\download\work\tomcat
06-Jul-2023 10:04:04.526 情報 [main] org.apache.catalina.startup.VersionLoggerListener.log Command line argument: -Djava.util.logging.config.file=C:\Users\220102\Downloads\download\download\work\tomcat\conf\logging.properties
06-Jul-2023 10:04:04.526 情報 [main] org.apache.catalina.startup.VersionLoggerListener.log Command line argument: -Djava.util.logging.manager=org.apache.juli.ClassLoaderLogManager
06-Jul-2023 10:04:04.526 情報 [main] org.apache.catalina.startup.VersionLoggerListener.log Command line argument: -Djava.net.preferIPv4Stack=true
06-Jul-2023 10:04:04.526 情報 [main] org.apache.catalina.startup.VersionLoggerListener.log Command line argument: -Djdk.tls.ephemeralDHKeySize=2048
06-Jul-2023 10:04:04.527 情報 [main] org.apache.catalina.startup.VersionLoggerListener.log Command line argument: -Djava.protocol.handler.pkgs=org.apache.catalina.webresources
06-Jul-2023 10:04:04.527 情報 [main] org.apache.catalina.startup.VersionLoggerListener.log Command line argument: -Dfile.encoding=UTF-8
06-Jul-2023 10:04:04.527 情報 [main] org.apache.catalina.startup.VersionLoggerListener.log Command line argument: -Dcatalina.base=C:\Users\220102\Downloads\download\download\work\tomcat
06-Jul-2023 10:04:04.527 情報 [main] org.apache.catalina.startup.VersionLoggerListener.log Command line argument: -Dcatalina.home=C:\Users\220102\Downloads\download\download\work\tomcat
06-Jul-2023 10:04:04.527 情報 [main] org.apache.catalina.startup.VersionLoggerListener.log Command line argument: -Djava.io.tmpdir=C:\Users\220102\Downloads\download\download\work\tomcat\temp
06-Jul-2023 10:04:04.528 情報 [main] org.apache.catalina.core.AprLifecycleListener.lifecycleEvent The APR based Apache Tomcat Native library which allows optimal performance in production environments was not found on the java.library.path: C:\Program Files (x86)\Java\jdk1.8.0_121\bin;C:\WINDOWS\Sun\Java\bin;C:\WINDOWS\system32;C:\WINDOWS;C:\Program Files (x86)\Java\jdk1.8.0_121\bin;C:\Program Files\Common Files\Oracle\Java\javapath;C:\Program Files (x86)\Common Files\Oracle\Java\javapath;C:\WINDOWS\system32;C:\WINDOWS;C:\WINDOWS\System32\Wbem;C:\WINDOWS\System32\WindowsPowerShell\v1.0\;C:\WINDOWS\System32\OpenSSH\;C:\Program Files\MySQL\MySQL Workbench 8.0;C:\Users\220102\AppData\Local\Programs\Python\Python311\Scripts\;C:\Users\220102\AppData\Local\Programs\Python\Python311\;C:\Users\220102\AppData\Local\Microsoft\WindowsApps;C:\Users\220102\AppData\Local\Programs\Microsoft VS Code\bin;C:\Users\220102\AppData\Local\Programs\Git\cmd;.
06-Jul-2023 10:04:04.751 情報 [main] org.apache.coyote.AbstractProtocol.init Initializing ProtocolHandler ["http-nio-8080"]
06-Jul-2023 10:04:05.003 情報 [main] org.apache.tomcat.util.net.NioSelectorPool.getSharedSelector Using a shared selector for servlet write/read
06-Jul-2023 10:04:05.005 情報 [main] org.apache.coyote.AbstractProtocol.init Initializing ProtocolHandler ["ajp-nio-8009"]
06-Jul-2023 10:04:05.007 情報 [main] org.apache.tomcat.util.net.NioSelectorPool.getSharedSelector Using a shared selector for servlet write/read
06-Jul-2023 10:04:05.008 情報 [main] org.apache.catalina.startup.Catalina.load Initialization processed in 716 ms
06-Jul-2023 10:04:05.028 情報 [main] org.apache.catalina.core.StandardService.startInternal サービス Catalina を起動します
06-Jul-2023 10:04:05.028 情報 [main] org.apache.catalina.core.StandardEngine.startInternal Starting Servlet Engine: Apache Tomcat/8.5.11
06-Jul-2023 10:04:05.034 情報 [localhost-startStop-1] org.apache.catalina.startup.HostConfig.deployDirectory Webアプリケーションディレクトリ C:\Users\220102\Downloads\download\download\work\tomcat\webapps\book を配備します
06-Jul-2023 10:04:05.647 情報 [localhost-startStop-1] org.apache.catalina.startup.HostConfig.deployDirectory Deployment of web application directory C:\Users\220102\Downloads\download\download\work\tomcat\webapps\book has finished in 611 ms
06-Jul-2023 10:04:05.647 情報 [localhost-startStop-1] org.apache.catalina.startup.HostConfig.deployDirectory Webアプリケーションディレクトリ C:\Users\220102\Downloads\download\download\work\tomcat\webapps\docs を配備します
06-Jul-2023 10:04:05.669 情報 [localhost-startStop-1] org.apache.catalina.startup.HostConfig.deployDirectory Deployment of web application directory C:\Users\220102\Downloads\download\download\work\tomcat\webapps\docs has finished in 22 ms
06-Jul-2023 10:04:05.669 情報 [localhost-startStop-1] org.apache.catalina.startup.HostConfig.deployDirectory Webアプリケーションディレクトリ C:\Users\220102\Downloads\download\download\work\tomcat\webapps\examples を配備します
06-Jul-2023 10:04:06.030 情報 [localhost-startStop-1] org.apache.catalina.startup.HostConfig.deployDirectory Deployment of web application directory C:\Users\220102\Downloads\download\download\work\tomcat\webapps\examples has finished in 361 ms
06-Jul-2023 10:04:06.031 情報 [localhost-startStop-1] org.apache.catalina.startup.HostConfig.deployDirectory Webアプリケーションディレクトリ C:\Users\220102\Downloads\download\download\work\tomcat\webapps\host-manager を配備します
06-Jul-2023 10:04:06.056 情報 [localhost-startStop-1] org.apache.catalina.startup.HostConfig.deployDirectory Deployment of web application directory C:\Users\220102\Downloads\download\download\work\tomcat\webapps\host-manager has finished in 25 ms
06-Jul-2023 10:04:06.057 情報 [localhost-startStop-1] org.apache.catalina.startup.HostConfig.deployDirectory Webアプリケーションディレクトリ C:\Users\220102\Downloads\download\download\work\tomcat\webapps\manager を配備します
06-Jul-2023 10:04:06.083 情報 [localhost-startStop-1] org.apache.catalina.startup.HostConfig.deployDirectory Deployment of web application directory C:\Users\220102\Downloads\download\download\work\tomcat\webapps\manager has finished in 26 ms
06-Jul-2023 10:04:06.083 情報 [localhost-startStop-1] org.apache.catalina.startup.HostConfig.deployDirectory Webアプリケーションディレクトリ C:\Users\220102\Downloads\download\download\work\tomcat\webapps\ROOT を配備します
06-Jul-2023 10:04:06.098 情報 [localhost-startStop-1] org.apache.catalina.startup.HostConfig.deployDirectory Deployment of web application directory C:\Users\220102\Downloads\download\download\work\tomcat\webapps\ROOT has finished in 15 ms
06-Jul-2023 10:04:06.098 情報 [localhost-startStop-1] org.apache.catalina.startup.HostConfig.deployDirectory Webアプリケーションディレクトリ C:\Users\220102\Downloads\download\download\work\tomcat\webapps\temp を配備します
06-Jul-2023 10:04:06.113 情報 [localhost-startStop-1] org.apache.catalina.startup.HostConfig.deployDirectory Deployment of web application directory C:\Users\220102\Downloads\download\download\work\tomcat\webapps\temp has finished in 15 ms
06-Jul-2023 10:04:06.114 情報 [main] org.apache.coyote.AbstractProtocol.start Starting ProtocolHandler [http-nio-8080]
06-Jul-2023 10:04:06.122 情報 [main] org.apache.coyote.AbstractProtocol.start Starting ProtocolHandler [ajp-nio-8009]
06-Jul-2023 10:04:06.125 情報 [main] org.apache.catalina.startup.Catalina.start Server startup in 1117 ms
06-Jul-2023 14:50:28.622 情報 [Thread-5] org.apache.coyote.AbstractProtocol.pause Pausing ProtocolHandler ["http-nio-8080"]
06-Jul-2023 14:50:28.852 情報 [Thread-5] org.apache.coyote.AbstractProtocol.pause Pausing ProtocolHandler ["ajp-nio-8009"]
06-Jul-2023 14:50:29.086 情報 [Thread-5] org.apache.catalina.core.StandardService.stopInternal サービス Catalina を停止します
06-Jul-2023 14:50:29.105 情報 [Thread-5] org.apache.coyote.AbstractProtocol.stop Stopping ProtocolHandler ["http-nio-8080"]
06-Jul-2023 14:50:29.107 情報 [Thread-5] org.apache.coyote.AbstractProtocol.stop Stopping ProtocolHandler ["ajp-nio-8009"]
06-Jul-2023 14:50:29.109 情報 [Thread-5] org.apache.coyote.AbstractProtocol.destroy Destroying ProtocolHandler ["http-nio-8080"]
06-Jul-2023 14:50:29.109 情報 [Thread-5] org.apache.coyote.AbstractProtocol.destroy Destroying ProtocolHandler ["ajp-nio-8009"]
