28-Jun-2023 09:45:06.607 情報 [main] org.apache.catalina.startup.VersionLoggerListener.log Server version:        Apache Tomcat/8.5.11
28-Jun-2023 09:45:06.609 情報 [main] org.apache.catalina.startup.VersionLoggerListener.log Server built:          Jan 10 2017 21:02:52 UTC
28-Jun-2023 09:45:06.609 情報 [main] org.apache.catalina.startup.VersionLoggerListener.log Server number:         8.5.11.0
28-Jun-2023 09:45:06.609 情報 [main] org.apache.catalina.startup.VersionLoggerListener.log OS Name:               Windows 10
28-Jun-2023 09:45:06.609 情報 [main] org.apache.catalina.startup.VersionLoggerListener.log OS Version:            10.0
28-Jun-2023 09:45:06.609 情報 [main] org.apache.catalina.startup.VersionLoggerListener.log Architecture:          x86
28-Jun-2023 09:45:06.609 情報 [main] org.apache.catalina.startup.VersionLoggerListener.log Java Home:             C:\Program Files (x86)\Java\jdk1.8.0_121\jre
28-Jun-2023 09:45:06.609 情報 [main] org.apache.catalina.startup.VersionLoggerListener.log JVM Version:           1.8.0_121-b13
28-Jun-2023 09:45:06.609 情報 [main] org.apache.catalina.startup.VersionLoggerListener.log JVM Vendor:            Oracle Corporation
28-Jun-2023 09:45:06.609 情報 [main] org.apache.catalina.startup.VersionLoggerListener.log CATALINA_BASE:         C:\Users\220102\Downloads\download\download\work\tomcat
28-Jun-2023 09:45:06.612 情報 [main] org.apache.catalina.startup.VersionLoggerListener.log CATALINA_HOME:         C:\Users\220102\Downloads\download\download\work\tomcat
28-Jun-2023 09:45:06.612 情報 [main] org.apache.catalina.startup.VersionLoggerListener.log Command line argument: -Djava.util.logging.config.file=C:\Users\220102\Downloads\download\download\work\tomcat\conf\logging.properties
28-Jun-2023 09:45:06.612 情報 [main] org.apache.catalina.startup.VersionLoggerListener.log Command line argument: -Djava.util.logging.manager=org.apache.juli.ClassLoaderLogManager
28-Jun-2023 09:45:06.612 情報 [main] org.apache.catalina.startup.VersionLoggerListener.log Command line argument: -Djdk.tls.ephemeralDHKeySize=2048
28-Jun-2023 09:45:06.612 情報 [main] org.apache.catalina.startup.VersionLoggerListener.log Command line argument: -Djava.protocol.handler.pkgs=org.apache.catalina.webresources
28-Jun-2023 09:45:06.612 情報 [main] org.apache.catalina.startup.VersionLoggerListener.log Command line argument: -Dfile.encoding=UTF-8
28-Jun-2023 09:45:06.612 情報 [main] org.apache.catalina.startup.VersionLoggerListener.log Command line argument: -Dcatalina.base=C:\Users\220102\Downloads\download\download\work\tomcat
28-Jun-2023 09:45:06.612 情報 [main] org.apache.catalina.startup.VersionLoggerListener.log Command line argument: -Dcatalina.home=C:\Users\220102\Downloads\download\download\work\tomcat
28-Jun-2023 09:45:06.612 情報 [main] org.apache.catalina.startup.VersionLoggerListener.log Command line argument: -Djava.io.tmpdir=C:\Users\220102\Downloads\download\download\work\tomcat\temp
28-Jun-2023 09:45:06.612 情報 [main] org.apache.catalina.core.AprLifecycleListener.lifecycleEvent The APR based Apache Tomcat Native library which allows optimal performance in production environments was not found on the java.library.path: C:\Program Files (x86)\Java\jdk1.8.0_121\bin;C:\WINDOWS\Sun\Java\bin;C:\WINDOWS\system32;C:\WINDOWS;C:\Program Files (x86)\Java\jdk1.8.0_121\bin;C:\ProgramData\Oracle\Java\javapath;C:\Program Files\Common Files\Oracle\Java\javapath;C:\WINDOWS\system32;C:\WINDOWS;C:\WINDOWS\System32\Wbem;C:\WINDOWS\System32\WindowsPowerShell\v1.0\;C:\WINDOWS\System32\OpenSSH\;C:\Program Files\MySQL\MySQL Workbench 8.0;C:\Users\220102\AppData\Local\Programs\Python\Python311\Scripts\;C:\Users\220102\AppData\Local\Programs\Python\Python311\;C:\Users\220102\AppData\Local\Microsoft\WindowsApps;C:\Users\220102\AppData\Local\Programs\Microsoft VS Code\bin;C:\Users\220102\AppData\Local\Programs\Git\cmd;.
28-Jun-2023 09:45:06.692 情報 [main] org.apache.coyote.AbstractProtocol.init Initializing ProtocolHandler ["http-nio-8080"]
28-Jun-2023 09:45:06.932 情報 [main] org.apache.tomcat.util.net.NioSelectorPool.getSharedSelector Using a shared selector for servlet write/read
28-Jun-2023 09:45:06.932 情報 [main] org.apache.coyote.AbstractProtocol.init Initializing ProtocolHandler ["ajp-nio-8009"]
28-Jun-2023 09:45:06.932 情報 [main] org.apache.tomcat.util.net.NioSelectorPool.getSharedSelector Using a shared selector for servlet write/read
28-Jun-2023 09:45:06.932 情報 [main] org.apache.catalina.startup.Catalina.load Initialization processed in 533 ms
28-Jun-2023 09:45:06.951 情報 [main] org.apache.catalina.core.StandardService.startInternal サービス Catalina を起動します
28-Jun-2023 09:45:06.951 情報 [main] org.apache.catalina.core.StandardEngine.startInternal Starting Servlet Engine: Apache Tomcat/8.5.11
28-Jun-2023 09:45:06.962 情報 [localhost-startStop-1] org.apache.catalina.startup.HostConfig.deployDirectory Webアプリケーションディレクトリ C:\Users\220102\Downloads\download\download\work\tomcat\webapps\book を配備します
28-Jun-2023 09:45:07.461 情報 [localhost-startStop-1] org.apache.catalina.startup.HostConfig.deployDirectory Deployment of web application directory C:\Users\220102\Downloads\download\download\work\tomcat\webapps\book has finished in 499 ms
28-Jun-2023 09:45:07.461 情報 [localhost-startStop-1] org.apache.catalina.startup.HostConfig.deployDirectory Webアプリケーションディレクトリ C:\Users\220102\Downloads\download\download\work\tomcat\webapps\docs を配備します
28-Jun-2023 09:45:07.477 情報 [localhost-startStop-1] org.apache.catalina.startup.HostConfig.deployDirectory Deployment of web application directory C:\Users\220102\Downloads\download\download\work\tomcat\webapps\docs has finished in 16 ms
28-Jun-2023 09:45:07.477 情報 [localhost-startStop-1] org.apache.catalina.startup.HostConfig.deployDirectory Webアプリケーションディレクトリ C:\Users\220102\Downloads\download\download\work\tomcat\webapps\examples を配備します
28-Jun-2023 09:45:07.808 情報 [localhost-startStop-1] org.apache.catalina.startup.HostConfig.deployDirectory Deployment of web application directory C:\Users\220102\Downloads\download\download\work\tomcat\webapps\examples has finished in 331 ms
28-Jun-2023 09:45:07.808 情報 [localhost-startStop-1] org.apache.catalina.startup.HostConfig.deployDirectory Webアプリケーションディレクトリ C:\Users\220102\Downloads\download\download\work\tomcat\webapps\host-manager を配備します
28-Jun-2023 09:45:07.837 情報 [localhost-startStop-1] org.apache.catalina.startup.HostConfig.deployDirectory Deployment of web application directory C:\Users\220102\Downloads\download\download\work\tomcat\webapps\host-manager has finished in 28 ms
28-Jun-2023 09:45:07.837 情報 [localhost-startStop-1] org.apache.catalina.startup.HostConfig.deployDirectory Webアプリケーションディレクトリ C:\Users\220102\Downloads\download\download\work\tomcat\webapps\manager を配備します
28-Jun-2023 09:45:07.858 情報 [localhost-startStop-1] org.apache.catalina.startup.HostConfig.deployDirectory Deployment of web application directory C:\Users\220102\Downloads\download\download\work\tomcat\webapps\manager has finished in 21 ms
28-Jun-2023 09:45:07.858 情報 [localhost-startStop-1] org.apache.catalina.startup.HostConfig.deployDirectory Webアプリケーションディレクトリ C:\Users\220102\Downloads\download\download\work\tomcat\webapps\ROOT を配備します
28-Jun-2023 09:45:07.873 情報 [localhost-startStop-1] org.apache.catalina.startup.HostConfig.deployDirectory Deployment of web application directory C:\Users\220102\Downloads\download\download\work\tomcat\webapps\ROOT has finished in 15 ms
28-Jun-2023 09:45:07.876 情報 [main] org.apache.coyote.AbstractProtocol.start Starting ProtocolHandler [http-nio-8080]
28-Jun-2023 09:45:07.883 情報 [main] org.apache.coyote.AbstractProtocol.start Starting ProtocolHandler [ajp-nio-8009]
28-Jun-2023 09:45:07.886 情報 [main] org.apache.catalina.startup.Catalina.start Server startup in 946 ms
28-Jun-2023 09:55:09.591 情報 [ContainerBackgroundProcessor[StandardEngine[Catalina]]] org.apache.catalina.core.StandardContext.reload このコンテキストの再ロードを開始しました
28-Jun-2023 09:55:09.626 重大 [ContainerBackgroundProcessor[StandardEngine[Catalina]]] org.apache.catalina.core.StandardContext.reload Exception starting Context with name [/book]
 org.apache.catalina.LifecycleException: Failed to start component [StandardEngine[Catalina].StandardHost[localhost].StandardContext[/book]]
	at org.apache.catalina.util.LifecycleBase.start(LifecycleBase.java:167)
	at org.apache.catalina.core.StandardContext.reload(StandardContext.java:3782)
	at org.apache.catalina.loader.WebappLoader.backgroundProcess(WebappLoader.java:292)
	at org.apache.catalina.core.StandardContext.backgroundProcess(StandardContext.java:5545)
	at org.apache.catalina.core.ContainerBase$ContainerBackgroundProcessor.processChildren(ContainerBase.java:1388)
	at org.apache.catalina.core.ContainerBase$ContainerBackgroundProcessor.processChildren(ContainerBase.java:1392)
	at org.apache.catalina.core.ContainerBase$ContainerBackgroundProcessor.processChildren(ContainerBase.java:1392)
	at org.apache.catalina.core.ContainerBase$ContainerBackgroundProcessor.run(ContainerBase.java:1360)
	at java.lang.Thread.run(Thread.java:745)
Caused by: java.lang.IllegalArgumentException: The servlets named [chapter9.EncodingFilter] and [tool.EncodingFilter] are both mapped to the url-pattern [/*] which is not permitted
	at org.apache.tomcat.util.descriptor.web.WebXml.addServletMappingDecoded(WebXml.java:323)
	at org.apache.tomcat.util.descriptor.web.WebXml.addServletMapping(WebXml.java:316)
	at org.apache.catalina.startup.ContextConfig.processAnnotationWebServlet(ContextConfig.java:2389)
	at org.apache.catalina.startup.ContextConfig.processAnnotationsStream(ContextConfig.java:2066)
	at org.apache.catalina.startup.ContextConfig.processAnnotationsWebResource(ContextConfig.java:1952)
	at org.apache.catalina.startup.ContextConfig.processAnnotationsWebResource(ContextConfig.java:1946)
	at org.apache.catalina.startup.ContextConfig.webConfig(ContextConfig.java:1153)
	at org.apache.catalina.startup.ContextConfig.configureStart(ContextConfig.java:775)
	at org.apache.catalina.startup.ContextConfig.lifecycleEvent(ContextConfig.java:299)
	at org.apache.catalina.util.LifecycleBase.fireLifecycleEvent(LifecycleBase.java:94)
	at org.apache.catalina.core.StandardContext.startInternal(StandardContext.java:5087)
	at org.apache.catalina.util.LifecycleBase.start(LifecycleBase.java:150)
	... 8 more

28-Jun-2023 09:55:09.626 情報 [ContainerBackgroundProcessor[StandardEngine[Catalina]]] org.apache.catalina.core.StandardContext.reload このコンテキストの再ロードが完了しました
28-Jun-2023 09:55:59.670 情報 [localhost-startStop-2] org.apache.catalina.startup.HostConfig.deployDirectory Webアプリケーションディレクトリ C:\Users\220102\Downloads\download\download\work\tomcat\webapps\temp を配備します
28-Jun-2023 09:55:59.685 情報 [localhost-startStop-2] org.apache.catalina.startup.HostConfig.deployDirectory Deployment of web application directory C:\Users\220102\Downloads\download\download\work\tomcat\webapps\temp has finished in 15 ms
28-Jun-2023 10:13:21.219 情報 [Thread-5] org.apache.coyote.AbstractProtocol.pause Pausing ProtocolHandler ["http-nio-8080"]
28-Jun-2023 10:13:21.467 情報 [Thread-5] org.apache.coyote.AbstractProtocol.pause Pausing ProtocolHandler ["ajp-nio-8009"]
28-Jun-2023 10:13:21.697 情報 [Thread-5] org.apache.catalina.core.StandardService.stopInternal サービス Catalina を停止します
28-Jun-2023 10:13:21.712 情報 [Thread-5] org.apache.coyote.AbstractProtocol.stop Stopping ProtocolHandler ["http-nio-8080"]
28-Jun-2023 10:13:21.716 情報 [Thread-5] org.apache.coyote.AbstractProtocol.stop Stopping ProtocolHandler ["ajp-nio-8009"]
28-Jun-2023 10:13:21.716 情報 [Thread-5] org.apache.coyote.AbstractProtocol.destroy Destroying ProtocolHandler ["http-nio-8080"]
28-Jun-2023 10:13:21.718 情報 [Thread-5] org.apache.coyote.AbstractProtocol.destroy Destroying ProtocolHandler ["ajp-nio-8009"]
28-Jun-2023 10:13:23.071 重大 [main] org.apache.catalina.startup.Catalina.initDirs Cannot find specified temporary folder at C:\Users\220102\Downloads\download\download\work\tomcat\temp
28-Jun-2023 10:13:23.248 情報 [main] org.apache.catalina.startup.VersionLoggerListener.log Server version:        Apache Tomcat/8.5.11
28-Jun-2023 10:13:23.249 情報 [main] org.apache.catalina.startup.VersionLoggerListener.log Server built:          Jan 10 2017 21:02:52 UTC
28-Jun-2023 10:13:23.249 情報 [main] org.apache.catalina.startup.VersionLoggerListener.log Server number:         8.5.11.0
28-Jun-2023 10:13:23.249 情報 [main] org.apache.catalina.startup.VersionLoggerListener.log OS Name:               Windows 10
28-Jun-2023 10:13:23.249 情報 [main] org.apache.catalina.startup.VersionLoggerListener.log OS Version:            10.0
28-Jun-2023 10:13:23.249 情報 [main] org.apache.catalina.startup.VersionLoggerListener.log Architecture:          x86
28-Jun-2023 10:13:23.250 情報 [main] org.apache.catalina.startup.VersionLoggerListener.log Java Home:             C:\Program Files (x86)\Java\jdk1.8.0_121\jre
28-Jun-2023 10:13:23.250 情報 [main] org.apache.catalina.startup.VersionLoggerListener.log JVM Version:           1.8.0_121-b13
28-Jun-2023 10:13:23.251 情報 [main] org.apache.catalina.startup.VersionLoggerListener.log JVM Vendor:            Oracle Corporation
28-Jun-2023 10:13:23.251 情報 [main] org.apache.catalina.startup.VersionLoggerListener.log CATALINA_BASE:         C:\Users\220102\Downloads\download\download\work\tomcat
28-Jun-2023 10:13:23.251 情報 [main] org.apache.catalina.startup.VersionLoggerListener.log CATALINA_HOME:         C:\Users\220102\Downloads\download\download\work\tomcat
28-Jun-2023 10:13:23.252 情報 [main] org.apache.catalina.startup.VersionLoggerListener.log Command line argument: -Djava.util.logging.config.file=C:\Users\220102\Downloads\download\download\work\tomcat\conf\logging.properties
28-Jun-2023 10:13:23.252 情報 [main] org.apache.catalina.startup.VersionLoggerListener.log Command line argument: -Djava.util.logging.manager=org.apache.juli.ClassLoaderLogManager
28-Jun-2023 10:13:23.252 情報 [main] org.apache.catalina.startup.VersionLoggerListener.log Command line argument: -Djdk.tls.ephemeralDHKeySize=2048
28-Jun-2023 10:13:23.252 情報 [main] org.apache.catalina.startup.VersionLoggerListener.log Command line argument: -Djava.protocol.handler.pkgs=org.apache.catalina.webresources
28-Jun-2023 10:13:23.252 情報 [main] org.apache.catalina.startup.VersionLoggerListener.log Command line argument: -Dfile.encoding=UTF-8
28-Jun-2023 10:13:23.252 情報 [main] org.apache.catalina.startup.VersionLoggerListener.log Command line argument: -Dcatalina.base=C:\Users\220102\Downloads\download\download\work\tomcat
28-Jun-2023 10:13:23.253 情報 [main] org.apache.catalina.startup.VersionLoggerListener.log Command line argument: -Dcatalina.home=C:\Users\220102\Downloads\download\download\work\tomcat
28-Jun-2023 10:13:23.253 情報 [main] org.apache.catalina.startup.VersionLoggerListener.log Command line argument: -Djava.io.tmpdir=C:\Users\220102\Downloads\download\download\work\tomcat\temp
28-Jun-2023 10:13:23.253 情報 [main] org.apache.catalina.core.AprLifecycleListener.lifecycleEvent The APR based Apache Tomcat Native library which allows optimal performance in production environments was not found on the java.library.path: C:\Program Files (x86)\Java\jdk1.8.0_121\bin;C:\WINDOWS\Sun\Java\bin;C:\WINDOWS\system32;C:\WINDOWS;C:\Program Files (x86)\Java\jdk1.8.0_121\bin;C:\ProgramData\Oracle\Java\javapath;C:\Program Files\Common Files\Oracle\Java\javapath;C:\WINDOWS\system32;C:\WINDOWS;C:\WINDOWS\System32\Wbem;C:\WINDOWS\System32\WindowsPowerShell\v1.0\;C:\WINDOWS\System32\OpenSSH\;C:\Program Files\MySQL\MySQL Workbench 8.0;C:\Users\220102\AppData\Local\Programs\Python\Python311\Scripts\;C:\Users\220102\AppData\Local\Programs\Python\Python311\;C:\Users\220102\AppData\Local\Microsoft\WindowsApps;C:\Users\220102\AppData\Local\Programs\Microsoft VS Code\bin;C:\Users\220102\AppData\Local\Programs\Git\cmd;.
28-Jun-2023 10:13:23.316 情報 [main] org.apache.coyote.AbstractProtocol.init Initializing ProtocolHandler ["http-nio-8080"]
28-Jun-2023 10:13:23.555 情報 [main] org.apache.tomcat.util.net.NioSelectorPool.getSharedSelector Using a shared selector for servlet write/read
28-Jun-2023 10:13:23.557 情報 [main] org.apache.coyote.AbstractProtocol.init Initializing ProtocolHandler ["ajp-nio-8009"]
28-Jun-2023 10:13:23.559 情報 [main] org.apache.tomcat.util.net.NioSelectorPool.getSharedSelector Using a shared selector for servlet write/read
28-Jun-2023 10:13:23.559 情報 [main] org.apache.catalina.startup.Catalina.load Initialization processed in 488 ms
28-Jun-2023 10:13:23.574 情報 [main] org.apache.catalina.core.StandardService.startInternal サービス Catalina を起動します
28-Jun-2023 10:13:23.575 情報 [main] org.apache.catalina.core.StandardEngine.startInternal Starting Servlet Engine: Apache Tomcat/8.5.11
28-Jun-2023 10:13:23.581 情報 [localhost-startStop-1] org.apache.catalina.startup.HostConfig.deployDirectory Webアプリケーションディレクトリ C:\Users\220102\Downloads\download\download\work\tomcat\webapps\book を配備します
28-Jun-2023 10:13:23.927 情報 [localhost-startStop-1] org.apache.catalina.startup.HostConfig.deployDirectory Deployment of web application directory C:\Users\220102\Downloads\download\download\work\tomcat\webapps\book has finished in 347 ms
28-Jun-2023 10:13:23.927 情報 [localhost-startStop-1] org.apache.catalina.startup.HostConfig.deployDirectory Webアプリケーションディレクトリ C:\Users\220102\Downloads\download\download\work\tomcat\webapps\docs を配備します
28-Jun-2023 10:13:23.939 情報 [localhost-startStop-1] org.apache.catalina.startup.HostConfig.deployDirectory Deployment of web application directory C:\Users\220102\Downloads\download\download\work\tomcat\webapps\docs has finished in 11 ms
28-Jun-2023 10:13:23.939 情報 [localhost-startStop-1] org.apache.catalina.startup.HostConfig.deployDirectory Webアプリケーションディレクトリ C:\Users\220102\Downloads\download\download\work\tomcat\webapps\examples を配備します
28-Jun-2023 10:13:24.114 情報 [localhost-startStop-1] org.apache.catalina.startup.HostConfig.deployDirectory Deployment of web application directory C:\Users\220102\Downloads\download\download\work\tomcat\webapps\examples has finished in 175 ms
28-Jun-2023 10:13:24.114 情報 [localhost-startStop-1] org.apache.catalina.startup.HostConfig.deployDirectory Webアプリケーションディレクトリ C:\Users\220102\Downloads\download\download\work\tomcat\webapps\host-manager を配備します
28-Jun-2023 10:13:24.136 情報 [localhost-startStop-1] org.apache.catalina.startup.HostConfig.deployDirectory Deployment of web application directory C:\Users\220102\Downloads\download\download\work\tomcat\webapps\host-manager has finished in 22 ms
28-Jun-2023 10:13:24.136 情報 [localhost-startStop-1] org.apache.catalina.startup.HostConfig.deployDirectory Webアプリケーションディレクトリ C:\Users\220102\Downloads\download\download\work\tomcat\webapps\manager を配備します
28-Jun-2023 10:13:24.152 情報 [localhost-startStop-1] org.apache.catalina.startup.HostConfig.deployDirectory Deployment of web application directory C:\Users\220102\Downloads\download\download\work\tomcat\webapps\manager has finished in 16 ms
28-Jun-2023 10:13:24.152 情報 [localhost-startStop-1] org.apache.catalina.startup.HostConfig.deployDirectory Webアプリケーションディレクトリ C:\Users\220102\Downloads\download\download\work\tomcat\webapps\ROOT を配備します
28-Jun-2023 10:13:24.163 情報 [localhost-startStop-1] org.apache.catalina.startup.HostConfig.deployDirectory Deployment of web application directory C:\Users\220102\Downloads\download\download\work\tomcat\webapps\ROOT has finished in 11 ms
28-Jun-2023 10:13:24.164 情報 [localhost-startStop-1] org.apache.catalina.startup.HostConfig.deployDirectory Webアプリケーションディレクトリ C:\Users\220102\Downloads\download\download\work\tomcat\webapps\temp を配備します
28-Jun-2023 10:13:24.175 情報 [localhost-startStop-1] org.apache.catalina.startup.HostConfig.deployDirectory Deployment of web application directory C:\Users\220102\Downloads\download\download\work\tomcat\webapps\temp has finished in 11 ms
28-Jun-2023 10:13:24.178 情報 [main] org.apache.coyote.AbstractProtocol.start Starting ProtocolHandler [http-nio-8080]
28-Jun-2023 10:13:24.183 情報 [main] org.apache.coyote.AbstractProtocol.start Starting ProtocolHandler [ajp-nio-8009]
28-Jun-2023 10:13:24.186 情報 [main] org.apache.catalina.startup.Catalina.start Server startup in 626 ms
28-Jun-2023 10:15:34.563 情報 [ContainerBackgroundProcessor[StandardEngine[Catalina]]] org.apache.catalina.core.StandardContext.reload このコンテキストの再ロードを開始しました
28-Jun-2023 10:15:34.701 情報 [ContainerBackgroundProcessor[StandardEngine[Catalina]]] org.apache.catalina.core.StandardContext.reload このコンテキストの再ロードが完了しました
28-Jun-2023 10:26:46.688 情報 [ContainerBackgroundProcessor[StandardEngine[Catalina]]] org.apache.catalina.startup.HostConfig.reload Reloading context [/book]
28-Jun-2023 10:26:46.688 情報 [ContainerBackgroundProcessor[StandardEngine[Catalina]]] org.apache.catalina.core.StandardContext.reload このコンテキストの再ロードを開始しました
28-Jun-2023 10:26:46.822 情報 [ContainerBackgroundProcessor[StandardEngine[Catalina]]] org.apache.catalina.core.StandardContext.reload このコンテキストの再ロードが完了しました
28-Jun-2023 10:26:56.845 情報 [ContainerBackgroundProcessor[StandardEngine[Catalina]]] org.apache.catalina.startup.HostConfig.reload Reloading context [/book]
28-Jun-2023 10:26:56.846 情報 [ContainerBackgroundProcessor[StandardEngine[Catalina]]] org.apache.catalina.core.StandardContext.reload このコンテキストの再ロードを開始しました
28-Jun-2023 10:26:56.926 重大 [ContainerBackgroundProcessor[StandardEngine[Catalina]]] org.apache.catalina.core.StandardContext.startInternal One or more Filters failed to start. Full details will be found in the appropriate container log file
28-Jun-2023 10:26:56.926 重大 [ContainerBackgroundProcessor[StandardEngine[Catalina]]] org.apache.catalina.core.StandardContext.startInternal 以前のエラーのためにコンテキストの起動が失敗しました [/book]
28-Jun-2023 10:26:56.926 情報 [ContainerBackgroundProcessor[StandardEngine[Catalina]]] org.apache.catalina.core.StandardContext.reload このコンテキストの再ロードが完了しました
28-Jun-2023 10:27:06.941 情報 [ContainerBackgroundProcessor[StandardEngine[Catalina]]] org.apache.catalina.startup.HostConfig.reload Reloading context [/book]
28-Jun-2023 10:27:07.048 重大 [ContainerBackgroundProcessor[StandardEngine[Catalina]]] org.apache.catalina.core.StandardContext.startInternal One or more Filters failed to start. Full details will be found in the appropriate container log file
28-Jun-2023 10:27:07.049 重大 [ContainerBackgroundProcessor[StandardEngine[Catalina]]] org.apache.catalina.core.StandardContext.startInternal 以前のエラーのためにコンテキストの起動が失敗しました [/book]
28-Jun-2023 10:27:17.057 情報 [ContainerBackgroundProcessor[StandardEngine[Catalina]]] org.apache.catalina.startup.HostConfig.reload Reloading context [/book]
28-Jun-2023 10:27:17.185 重大 [ContainerBackgroundProcessor[StandardEngine[Catalina]]] org.apache.catalina.core.StandardContext.startInternal One or more Filters failed to start. Full details will be found in the appropriate container log file
28-Jun-2023 10:27:17.185 重大 [ContainerBackgroundProcessor[StandardEngine[Catalina]]] org.apache.catalina.core.StandardContext.startInternal 以前のエラーのためにコンテキストの起動が失敗しました [/book]
28-Jun-2023 10:27:27.190 情報 [ContainerBackgroundProcessor[StandardEngine[Catalina]]] org.apache.catalina.startup.HostConfig.reload Reloading context [/book]
28-Jun-2023 10:27:27.280 重大 [ContainerBackgroundProcessor[StandardEngine[Catalina]]] org.apache.catalina.core.StandardContext.startInternal One or more Filters failed to start. Full details will be found in the appropriate container log file
28-Jun-2023 10:27:27.280 重大 [ContainerBackgroundProcessor[StandardEngine[Catalina]]] org.apache.catalina.core.StandardContext.startInternal 以前のエラーのためにコンテキストの起動が失敗しました [/book]
28-Jun-2023 10:27:47.304 情報 [ContainerBackgroundProcessor[StandardEngine[Catalina]]] org.apache.catalina.startup.HostConfig.reload Reloading context [/book]
28-Jun-2023 10:27:47.408 重大 [ContainerBackgroundProcessor[StandardEngine[Catalina]]] org.apache.catalina.core.StandardContext.startInternal One or more Filters failed to start. Full details will be found in the appropriate container log file
28-Jun-2023 10:27:47.408 重大 [ContainerBackgroundProcessor[StandardEngine[Catalina]]] org.apache.catalina.core.StandardContext.startInternal 以前のエラーのためにコンテキストの起動が失敗しました [/book]
28-Jun-2023 10:29:07.511 情報 [ContainerBackgroundProcessor[StandardEngine[Catalina]]] org.apache.catalina.startup.HostConfig.reload Reloading context [/book]
28-Jun-2023 10:29:07.648 重大 [ContainerBackgroundProcessor[StandardEngine[Catalina]]] org.apache.catalina.core.StandardContext.startInternal One or more Filters failed to start. Full details will be found in the appropriate container log file
28-Jun-2023 10:29:07.649 重大 [ContainerBackgroundProcessor[StandardEngine[Catalina]]] org.apache.catalina.core.StandardContext.startInternal 以前のエラーのためにコンテキストの起動が失敗しました [/book]
28-Jun-2023 10:29:27.663 情報 [ContainerBackgroundProcessor[StandardEngine[Catalina]]] org.apache.catalina.startup.HostConfig.reload Reloading context [/book]
28-Jun-2023 10:29:27.712 警告 [ContainerBackgroundProcessor[StandardEngine[Catalina]]] org.apache.catalina.startup.HostConfig.reload コンテキスト /book を再起動中のエラーです
 org.apache.catalina.LifecycleException: Failed to start component [StandardEngine[Catalina].StandardHost[localhost].StandardContext[/book]]
	at org.apache.catalina.util.LifecycleBase.start(LifecycleBase.java:167)
	at org.apache.catalina.startup.HostConfig.reload(HostConfig.java:1386)
	at org.apache.catalina.startup.HostConfig.checkResources(HostConfig.java:1350)
	at org.apache.catalina.startup.HostConfig.check(HostConfig.java:1586)
	at org.apache.catalina.startup.HostConfig.lifecycleEvent(HostConfig.java:280)
	at org.apache.catalina.util.LifecycleBase.fireLifecycleEvent(LifecycleBase.java:94)
	at org.apache.catalina.core.ContainerBase.backgroundProcess(ContainerBase.java:1164)
	at org.apache.catalina.core.ContainerBase$ContainerBackgroundProcessor.processChildren(ContainerBase.java:1388)
	at org.apache.catalina.core.ContainerBase$ContainerBackgroundProcessor.processChildren(ContainerBase.java:1392)
	at org.apache.catalina.core.ContainerBase$ContainerBackgroundProcessor.run(ContainerBase.java:1360)
	at java.lang.Thread.run(Thread.java:745)
Caused by: java.lang.IllegalArgumentException: フィルタマッピングは未知のフィルタ名 null を指定しました
	at org.apache.catalina.core.StandardContext.validateFilterMap(StandardContext.java:2960)
	at org.apache.catalina.core.StandardContext.addFilterMap(StandardContext.java:2923)
	at org.apache.catalina.startup.ContextConfig.configureContext(ContextConfig.java:1275)
	at org.apache.catalina.startup.ContextConfig.webConfig(ContextConfig.java:1190)
	at org.apache.catalina.startup.ContextConfig.configureStart(ContextConfig.java:775)
	at org.apache.catalina.startup.ContextConfig.lifecycleEvent(ContextConfig.java:299)
	at org.apache.catalina.util.LifecycleBase.fireLifecycleEvent(LifecycleBase.java:94)
	at org.apache.catalina.core.StandardContext.startInternal(StandardContext.java:5087)
	at org.apache.catalina.util.LifecycleBase.start(LifecycleBase.java:150)
	... 10 more

28-Jun-2023 10:29:47.733 情報 [ContainerBackgroundProcessor[StandardEngine[Catalina]]] org.apache.catalina.startup.HostConfig.reload Reloading context [/book]
28-Jun-2023 10:29:47.809 警告 [ContainerBackgroundProcessor[StandardEngine[Catalina]]] org.apache.catalina.startup.HostConfig.reload コンテキスト /book を再起動中のエラーです
 org.apache.catalina.LifecycleException: Failed to start component [StandardEngine[Catalina].StandardHost[localhost].StandardContext[/book]]
	at org.apache.catalina.util.LifecycleBase.start(LifecycleBase.java:167)
	at org.apache.catalina.startup.HostConfig.reload(HostConfig.java:1386)
	at org.apache.catalina.startup.HostConfig.checkResources(HostConfig.java:1350)
	at org.apache.catalina.startup.HostConfig.check(HostConfig.java:1586)
	at org.apache.catalina.startup.HostConfig.lifecycleEvent(HostConfig.java:280)
	at org.apache.catalina.util.LifecycleBase.fireLifecycleEvent(LifecycleBase.java:94)
	at org.apache.catalina.core.ContainerBase.backgroundProcess(ContainerBase.java:1164)
	at org.apache.catalina.core.ContainerBase$ContainerBackgroundProcessor.processChildren(ContainerBase.java:1388)
	at org.apache.catalina.core.ContainerBase$ContainerBackgroundProcessor.processChildren(ContainerBase.java:1392)
	at org.apache.catalina.core.ContainerBase$ContainerBackgroundProcessor.run(ContainerBase.java:1360)
	at java.lang.Thread.run(Thread.java:745)
Caused by: java.lang.IllegalArgumentException: フィルタマッピングは<url-pattern>又は<servlet-name>のどちらかを指定しなければいけません
	at org.apache.catalina.core.StandardContext.validateFilterMap(StandardContext.java:2966)
	at org.apache.catalina.core.StandardContext.addFilterMap(StandardContext.java:2923)
	at org.apache.catalina.startup.ContextConfig.configureContext(ContextConfig.java:1275)
	at org.apache.catalina.startup.ContextConfig.webConfig(ContextConfig.java:1190)
	at org.apache.catalina.startup.ContextConfig.configureStart(ContextConfig.java:775)
	at org.apache.catalina.startup.ContextConfig.lifecycleEvent(ContextConfig.java:299)
	at org.apache.catalina.util.LifecycleBase.fireLifecycleEvent(LifecycleBase.java:94)
	at org.apache.catalina.core.StandardContext.startInternal(StandardContext.java:5087)
	at org.apache.catalina.util.LifecycleBase.start(LifecycleBase.java:150)
	... 10 more

28-Jun-2023 10:29:57.823 情報 [ContainerBackgroundProcessor[StandardEngine[Catalina]]] org.apache.catalina.startup.HostConfig.reload Reloading context [/book]
28-Jun-2023 10:29:57.837 重大 [ContainerBackgroundProcessor[StandardEngine[Catalina]]] org.apache.tomcat.util.digester.Digester.fatalError Parse Fatal Error at line 39 column 11: 要素タイプ"filter-mapping"は、対応する終了タグ"</filter-mapping>"で終了する必要があります。
 org.xml.sax.SAXParseException; systemId: file:/C:/Users/220102/Downloads/download/download/work/tomcat/webapps/book/WEB-INF/web.xml; lineNumber: 39; columnNumber: 11; 要素タイプ"filter-mapping"は、対応する終了タグ"</filter-mapping>"で終了する必要があります。
	at com.sun.org.apache.xerces.internal.util.ErrorHandlerWrapper.createSAXParseException(ErrorHandlerWrapper.java:203)
	at com.sun.org.apache.xerces.internal.util.ErrorHandlerWrapper.fatalError(ErrorHandlerWrapper.java:177)
	at com.sun.org.apache.xerces.internal.impl.XMLErrorReporter.reportError(XMLErrorReporter.java:400)
	at com.sun.org.apache.xerces.internal.impl.XMLErrorReporter.reportError(XMLErrorReporter.java:327)
	at com.sun.org.apache.xerces.internal.impl.XMLScanner.reportFatalError(XMLScanner.java:1472)
	at com.sun.org.apache.xerces.internal.impl.XMLDocumentFragmentScannerImpl.scanEndElement(XMLDocumentFragmentScannerImpl.java:1749)
	at com.sun.org.apache.xerces.internal.impl.XMLDocumentFragmentScannerImpl$FragmentContentDriver.next(XMLDocumentFragmentScannerImpl.java:2967)
	at com.sun.org.apache.xerces.internal.impl.XMLDocumentScannerImpl.next(XMLDocumentScannerImpl.java:602)
	at com.sun.org.apache.xerces.internal.impl.XMLDocumentFragmentScannerImpl.scanDocument(XMLDocumentFragmentScannerImpl.java:505)
	at com.sun.org.apache.xerces.internal.parsers.XML11Configuration.parse(XML11Configuration.java:841)
	at com.sun.org.apache.xerces.internal.parsers.XML11Configuration.parse(XML11Configuration.java:770)
	at com.sun.org.apache.xerces.internal.parsers.XMLParser.parse(XMLParser.java:141)
	at com.sun.org.apache.xerces.internal.parsers.AbstractSAXParser.parse(AbstractSAXParser.java:1213)
	at com.sun.org.apache.xerces.internal.jaxp.SAXParserImpl$JAXPSAXParser.parse(SAXParserImpl.java:643)
	at org.apache.tomcat.util.digester.Digester.parse(Digester.java:1458)
	at org.apache.tomcat.util.descriptor.web.WebXmlParser.parseWebXml(WebXmlParser.java:119)
	at org.apache.catalina.startup.ContextConfig.webConfig(ContextConfig.java:1114)
	at org.apache.catalina.startup.ContextConfig.configureStart(ContextConfig.java:775)
	at org.apache.catalina.startup.ContextConfig.lifecycleEvent(ContextConfig.java:299)
	at org.apache.catalina.util.LifecycleBase.fireLifecycleEvent(LifecycleBase.java:94)
	at org.apache.catalina.core.StandardContext.startInternal(StandardContext.java:5087)
	at org.apache.catalina.util.LifecycleBase.start(LifecycleBase.java:150)
	at org.apache.catalina.startup.HostConfig.reload(HostConfig.java:1386)
	at org.apache.catalina.startup.HostConfig.checkResources(HostConfig.java:1350)
	at org.apache.catalina.startup.HostConfig.check(HostConfig.java:1586)
	at org.apache.catalina.startup.HostConfig.lifecycleEvent(HostConfig.java:280)
	at org.apache.catalina.util.LifecycleBase.fireLifecycleEvent(LifecycleBase.java:94)
	at org.apache.catalina.core.ContainerBase.backgroundProcess(ContainerBase.java:1164)
	at org.apache.catalina.core.ContainerBase$ContainerBackgroundProcessor.processChildren(ContainerBase.java:1388)
	at org.apache.catalina.core.ContainerBase$ContainerBackgroundProcessor.processChildren(ContainerBase.java:1392)
	at org.apache.catalina.core.ContainerBase$ContainerBackgroundProcessor.run(ContainerBase.java:1360)
	at java.lang.Thread.run(Thread.java:745)

28-Jun-2023 10:29:57.837 重大 [ContainerBackgroundProcessor[StandardEngine[Catalina]]] org.apache.catalina.startup.ContextConfig.configureStart 前のエラーのためにこのアプリケーションは利用できないようにマークします
28-Jun-2023 10:29:57.837 重大 [ContainerBackgroundProcessor[StandardEngine[Catalina]]] org.apache.catalina.core.StandardContext.startInternal One or more components marked the context as not correctly configured
28-Jun-2023 10:29:57.837 重大 [ContainerBackgroundProcessor[StandardEngine[Catalina]]] org.apache.catalina.core.StandardContext.startInternal 以前のエラーのためにコンテキストの起動が失敗しました [/book]
28-Jun-2023 10:30:27.869 情報 [ContainerBackgroundProcessor[StandardEngine[Catalina]]] org.apache.catalina.startup.HostConfig.reload Reloading context [/book]
28-Jun-2023 10:30:27.984 重大 [ContainerBackgroundProcessor[StandardEngine[Catalina]]] org.apache.catalina.core.StandardContext.startInternal One or more Filters failed to start. Full details will be found in the appropriate container log file
28-Jun-2023 10:30:27.984 重大 [ContainerBackgroundProcessor[StandardEngine[Catalina]]] org.apache.catalina.core.StandardContext.startInternal 以前のエラーのためにコンテキストの起動が失敗しました [/book]
28-Jun-2023 10:30:37.995 情報 [ContainerBackgroundProcessor[StandardEngine[Catalina]]] org.apache.catalina.startup.HostConfig.reload Reloading context [/book]
28-Jun-2023 10:30:37.995 重大 [ContainerBackgroundProcessor[StandardEngine[Catalina]]] org.apache.tomcat.util.digester.Digester.endElement End event threw exception
 java.lang.reflect.InvocationTargetException
	at sun.reflect.NativeMethodAccessorImpl.invoke0(Native Method)
	at sun.reflect.NativeMethodAccessorImpl.invoke(NativeMethodAccessorImpl.java:62)
	at sun.reflect.DelegatingMethodAccessorImpl.invoke(DelegatingMethodAccessorImpl.java:43)
	at java.lang.reflect.Method.invoke(Method.java:498)
	at org.apache.tomcat.util.IntrospectionUtils.callMethod1(IntrospectionUtils.java:377)
	at org.apache.tomcat.util.digester.SetNextRule.end(SetNextRule.java:145)
	at org.apache.tomcat.util.digester.Digester.endElement(Digester.java:969)
	at com.sun.org.apache.xerces.internal.parsers.AbstractSAXParser.endElement(AbstractSAXParser.java:609)
	at com.sun.org.apache.xerces.internal.impl.XMLDocumentFragmentScannerImpl.scanEndElement(XMLDocumentFragmentScannerImpl.java:1782)
	at com.sun.org.apache.xerces.internal.impl.XMLDocumentFragmentScannerImpl$FragmentContentDriver.next(XMLDocumentFragmentScannerImpl.java:2967)
	at com.sun.org.apache.xerces.internal.impl.XMLDocumentScannerImpl.next(XMLDocumentScannerImpl.java:602)
	at com.sun.org.apache.xerces.internal.impl.XMLDocumentFragmentScannerImpl.scanDocument(XMLDocumentFragmentScannerImpl.java:505)
	at com.sun.org.apache.xerces.internal.parsers.XML11Configuration.parse(XML11Configuration.java:841)
	at com.sun.org.apache.xerces.internal.parsers.XML11Configuration.parse(XML11Configuration.java:770)
	at com.sun.org.apache.xerces.internal.parsers.XMLParser.parse(XMLParser.java:141)
	at com.sun.org.apache.xerces.internal.parsers.AbstractSAXParser.parse(AbstractSAXParser.java:1213)
	at com.sun.org.apache.xerces.internal.jaxp.SAXParserImpl$JAXPSAXParser.parse(SAXParserImpl.java:643)
	at org.apache.tomcat.util.digester.Digester.parse(Digester.java:1458)
	at org.apache.tomcat.util.descriptor.web.WebXmlParser.parseWebXml(WebXmlParser.java:119)
	at org.apache.catalina.startup.ContextConfig.webConfig(ContextConfig.java:1114)
	at org.apache.catalina.startup.ContextConfig.configureStart(ContextConfig.java:775)
	at org.apache.catalina.startup.ContextConfig.lifecycleEvent(ContextConfig.java:299)
	at org.apache.catalina.util.LifecycleBase.fireLifecycleEvent(LifecycleBase.java:94)
	at org.apache.catalina.core.StandardContext.startInternal(StandardContext.java:5087)
	at org.apache.catalina.util.LifecycleBase.start(LifecycleBase.java:150)
	at org.apache.catalina.startup.HostConfig.reload(HostConfig.java:1386)
	at org.apache.catalina.startup.HostConfig.checkResources(HostConfig.java:1350)
	at org.apache.catalina.startup.HostConfig.check(HostConfig.java:1586)
	at org.apache.catalina.startup.HostConfig.lifecycleEvent(HostConfig.java:280)
	at org.apache.catalina.util.LifecycleBase.fireLifecycleEvent(LifecycleBase.java:94)
	at org.apache.catalina.core.ContainerBase.backgroundProcess(ContainerBase.java:1164)
	at org.apache.catalina.core.ContainerBase$ContainerBackgroundProcessor.processChildren(ContainerBase.java:1388)
	at org.apache.catalina.core.ContainerBase$ContainerBackgroundProcessor.processChildren(ContainerBase.java:1392)
	at org.apache.catalina.core.ContainerBase$ContainerBackgroundProcessor.run(ContainerBase.java:1360)
	at java.lang.Thread.run(Thread.java:745)
Caused by: java.lang.IllegalArgumentException: Duplicate filter name [hellofilter]
	at org.apache.tomcat.util.descriptor.web.WebXml.addFilter(WebXml.java:268)
	... 35 more

28-Jun-2023 10:30:38.004 重大 [ContainerBackgroundProcessor[StandardEngine[Catalina]]] org.apache.catalina.startup.ContextConfig.configureStart 前のエラーのためにこのアプリケーションは利用できないようにマークします
28-Jun-2023 10:30:38.004 重大 [ContainerBackgroundProcessor[StandardEngine[Catalina]]] org.apache.catalina.core.StandardContext.startInternal One or more components marked the context as not correctly configured
28-Jun-2023 10:30:38.004 重大 [ContainerBackgroundProcessor[StandardEngine[Catalina]]] org.apache.catalina.core.StandardContext.startInternal 以前のエラーのためにコンテキストの起動が失敗しました [/book]
28-Jun-2023 10:30:48.014 情報 [ContainerBackgroundProcessor[StandardEngine[Catalina]]] org.apache.catalina.startup.HostConfig.reload Reloading context [/book]
28-Jun-2023 10:30:48.090 重大 [ContainerBackgroundProcessor[StandardEngine[Catalina]]] org.apache.catalina.core.StandardContext.startInternal One or more Filters failed to start. Full details will be found in the appropriate container log file
28-Jun-2023 10:30:48.090 重大 [ContainerBackgroundProcessor[StandardEngine[Catalina]]] org.apache.catalina.core.StandardContext.startInternal 以前のエラーのためにコンテキストの起動が失敗しました [/book]
28-Jun-2023 10:30:58.101 情報 [ContainerBackgroundProcessor[StandardEngine[Catalina]]] org.apache.catalina.startup.HostConfig.reload Reloading context [/book]
28-Jun-2023 10:30:58.214 重大 [ContainerBackgroundProcessor[StandardEngine[Catalina]]] org.apache.catalina.core.StandardContext.startInternal One or more Filters failed to start. Full details will be found in the appropriate container log file
28-Jun-2023 10:30:58.214 重大 [ContainerBackgroundProcessor[StandardEngine[Catalina]]] org.apache.catalina.core.StandardContext.startInternal 以前のエラーのためにコンテキストの起動が失敗しました [/book]
28-Jun-2023 10:53:43.380 情報 [Thread-5] org.apache.coyote.AbstractProtocol.pause Pausing ProtocolHandler ["http-nio-8080"]
28-Jun-2023 10:53:43.607 情報 [Thread-5] org.apache.coyote.AbstractProtocol.pause Pausing ProtocolHandler ["ajp-nio-8009"]
28-Jun-2023 10:53:43.830 情報 [Thread-5] org.apache.catalina.core.StandardService.stopInternal サービス Catalina を停止します
28-Jun-2023 10:53:43.840 情報 [Thread-5] org.apache.coyote.AbstractProtocol.stop Stopping ProtocolHandler ["http-nio-8080"]
28-Jun-2023 10:53:43.840 情報 [Thread-5] org.apache.coyote.AbstractProtocol.stop Stopping ProtocolHandler ["ajp-nio-8009"]
28-Jun-2023 10:53:43.840 情報 [Thread-5] org.apache.coyote.AbstractProtocol.destroy Destroying ProtocolHandler ["http-nio-8080"]
28-Jun-2023 10:53:43.846 情報 [Thread-5] org.apache.coyote.AbstractProtocol.destroy Destroying ProtocolHandler ["ajp-nio-8009"]
28-Jun-2023 10:53:44.985 重大 [main] org.apache.catalina.startup.Catalina.initDirs Cannot find specified temporary folder at C:\Users\220102\Downloads\download\download\work\tomcat\temp
28-Jun-2023 10:53:45.190 情報 [main] org.apache.catalina.startup.VersionLoggerListener.log Server version:        Apache Tomcat/8.5.11
28-Jun-2023 10:53:45.190 情報 [main] org.apache.catalina.startup.VersionLoggerListener.log Server built:          Jan 10 2017 21:02:52 UTC
28-Jun-2023 10:53:45.190 情報 [main] org.apache.catalina.startup.VersionLoggerListener.log Server number:         8.5.11.0
28-Jun-2023 10:53:45.190 情報 [main] org.apache.catalina.startup.VersionLoggerListener.log OS Name:               Windows 10
28-Jun-2023 10:53:45.190 情報 [main] org.apache.catalina.startup.VersionLoggerListener.log OS Version:            10.0
28-Jun-2023 10:53:45.190 情報 [main] org.apache.catalina.startup.VersionLoggerListener.log Architecture:          x86
28-Jun-2023 10:53:45.196 情報 [main] org.apache.catalina.startup.VersionLoggerListener.log Java Home:             C:\Program Files (x86)\Java\jdk1.8.0_121\jre
28-Jun-2023 10:53:45.196 情報 [main] org.apache.catalina.startup.VersionLoggerListener.log JVM Version:           1.8.0_121-b13
28-Jun-2023 10:53:45.196 情報 [main] org.apache.catalina.startup.VersionLoggerListener.log JVM Vendor:            Oracle Corporation
28-Jun-2023 10:53:45.196 情報 [main] org.apache.catalina.startup.VersionLoggerListener.log CATALINA_BASE:         C:\Users\220102\Downloads\download\download\work\tomcat
28-Jun-2023 10:53:45.196 情報 [main] org.apache.catalina.startup.VersionLoggerListener.log CATALINA_HOME:         C:\Users\220102\Downloads\download\download\work\tomcat
28-Jun-2023 10:53:45.196 情報 [main] org.apache.catalina.startup.VersionLoggerListener.log Command line argument: -Djava.util.logging.config.file=C:\Users\220102\Downloads\download\download\work\tomcat\conf\logging.properties
28-Jun-2023 10:53:45.196 情報 [main] org.apache.catalina.startup.VersionLoggerListener.log Command line argument: -Djava.util.logging.manager=org.apache.juli.ClassLoaderLogManager
28-Jun-2023 10:53:45.196 情報 [main] org.apache.catalina.startup.VersionLoggerListener.log Command line argument: -Djdk.tls.ephemeralDHKeySize=2048
28-Jun-2023 10:53:45.196 情報 [main] org.apache.catalina.startup.VersionLoggerListener.log Command line argument: -Djava.protocol.handler.pkgs=org.apache.catalina.webresources
28-Jun-2023 10:53:45.196 情報 [main] org.apache.catalina.startup.VersionLoggerListener.log Command line argument: -Dfile.encoding=UTF-8
28-Jun-2023 10:53:45.196 情報 [main] org.apache.catalina.startup.VersionLoggerListener.log Command line argument: -Dcatalina.base=C:\Users\220102\Downloads\download\download\work\tomcat
28-Jun-2023 10:53:45.196 情報 [main] org.apache.catalina.startup.VersionLoggerListener.log Command line argument: -Dcatalina.home=C:\Users\220102\Downloads\download\download\work\tomcat
28-Jun-2023 10:53:45.196 情報 [main] org.apache.catalina.startup.VersionLoggerListener.log Command line argument: -Djava.io.tmpdir=C:\Users\220102\Downloads\download\download\work\tomcat\temp
28-Jun-2023 10:53:45.196 情報 [main] org.apache.catalina.core.AprLifecycleListener.lifecycleEvent The APR based Apache Tomcat Native library which allows optimal performance in production environments was not found on the java.library.path: C:\Program Files (x86)\Java\jdk1.8.0_121\bin;C:\WINDOWS\Sun\Java\bin;C:\WINDOWS\system32;C:\WINDOWS;C:\Program Files (x86)\Java\jdk1.8.0_121\bin;C:\ProgramData\Oracle\Java\javapath;C:\Program Files\Common Files\Oracle\Java\javapath;C:\WINDOWS\system32;C:\WINDOWS;C:\WINDOWS\System32\Wbem;C:\WINDOWS\System32\WindowsPowerShell\v1.0\;C:\WINDOWS\System32\OpenSSH\;C:\Program Files\MySQL\MySQL Workbench 8.0;C:\Users\220102\AppData\Local\Programs\Python\Python311\Scripts\;C:\Users\220102\AppData\Local\Programs\Python\Python311\;C:\Users\220102\AppData\Local\Microsoft\WindowsApps;C:\Users\220102\AppData\Local\Programs\Microsoft VS Code\bin;C:\Users\220102\AppData\Local\Programs\Git\cmd;.
28-Jun-2023 10:53:45.275 情報 [main] org.apache.coyote.AbstractProtocol.init Initializing ProtocolHandler ["http-nio-8080"]
28-Jun-2023 10:53:45.555 情報 [main] org.apache.tomcat.util.net.NioSelectorPool.getSharedSelector Using a shared selector for servlet write/read
28-Jun-2023 10:53:45.555 情報 [main] org.apache.coyote.AbstractProtocol.init Initializing ProtocolHandler ["ajp-nio-8009"]
28-Jun-2023 10:53:45.555 情報 [main] org.apache.tomcat.util.net.NioSelectorPool.getSharedSelector Using a shared selector for servlet write/read
28-Jun-2023 10:53:45.560 情報 [main] org.apache.catalina.startup.Catalina.load Initialization processed in 569 ms
28-Jun-2023 10:53:45.575 情報 [main] org.apache.catalina.core.StandardService.startInternal サービス Catalina を起動します
28-Jun-2023 10:53:45.575 情報 [main] org.apache.catalina.core.StandardEngine.startInternal Starting Servlet Engine: Apache Tomcat/8.5.11
28-Jun-2023 10:53:45.580 情報 [localhost-startStop-1] org.apache.catalina.startup.HostConfig.deployDirectory Webアプリケーションディレクトリ C:\Users\220102\Downloads\download\download\work\tomcat\webapps\book を配備します
28-Jun-2023 10:53:45.966 情報 [localhost-startStop-1] org.apache.catalina.startup.HostConfig.deployDirectory Deployment of web application directory C:\Users\220102\Downloads\download\download\work\tomcat\webapps\book has finished in 385 ms
28-Jun-2023 10:53:45.966 情報 [localhost-startStop-1] org.apache.catalina.startup.HostConfig.deployDirectory Webアプリケーションディレクトリ C:\Users\220102\Downloads\download\download\work\tomcat\webapps\docs を配備します
28-Jun-2023 10:53:45.982 情報 [localhost-startStop-1] org.apache.catalina.startup.HostConfig.deployDirectory Deployment of web application directory C:\Users\220102\Downloads\download\download\work\tomcat\webapps\docs has finished in 16 ms
28-Jun-2023 10:53:45.982 情報 [localhost-startStop-1] org.apache.catalina.startup.HostConfig.deployDirectory Webアプリケーションディレクトリ C:\Users\220102\Downloads\download\download\work\tomcat\webapps\examples を配備します
28-Jun-2023 10:53:46.325 情報 [localhost-startStop-1] org.apache.catalina.startup.HostConfig.deployDirectory Deployment of web application directory C:\Users\220102\Downloads\download\download\work\tomcat\webapps\examples has finished in 343 ms
28-Jun-2023 10:53:46.325 情報 [localhost-startStop-1] org.apache.catalina.startup.HostConfig.deployDirectory Webアプリケーションディレクトリ C:\Users\220102\Downloads\download\download\work\tomcat\webapps\host-manager を配備します
28-Jun-2023 10:53:46.353 情報 [localhost-startStop-1] org.apache.catalina.startup.HostConfig.deployDirectory Deployment of web application directory C:\Users\220102\Downloads\download\download\work\tomcat\webapps\host-manager has finished in 27 ms
28-Jun-2023 10:53:46.353 情報 [localhost-startStop-1] org.apache.catalina.startup.HostConfig.deployDirectory Webアプリケーションディレクトリ C:\Users\220102\Downloads\download\download\work\tomcat\webapps\manager を配備します
28-Jun-2023 10:53:46.373 情報 [localhost-startStop-1] org.apache.catalina.startup.HostConfig.deployDirectory Deployment of web application directory C:\Users\220102\Downloads\download\download\work\tomcat\webapps\manager has finished in 20 ms
28-Jun-2023 10:53:46.374 情報 [localhost-startStop-1] org.apache.catalina.startup.HostConfig.deployDirectory Webアプリケーションディレクトリ C:\Users\220102\Downloads\download\download\work\tomcat\webapps\ROOT を配備します
28-Jun-2023 10:53:46.388 情報 [localhost-startStop-1] org.apache.catalina.startup.HostConfig.deployDirectory Deployment of web application directory C:\Users\220102\Downloads\download\download\work\tomcat\webapps\ROOT has finished in 14 ms
28-Jun-2023 10:53:46.389 情報 [localhost-startStop-1] org.apache.catalina.startup.HostConfig.deployDirectory Webアプリケーションディレクトリ C:\Users\220102\Downloads\download\download\work\tomcat\webapps\temp を配備します
28-Jun-2023 10:53:46.398 情報 [localhost-startStop-1] org.apache.catalina.startup.HostConfig.deployDirectory Deployment of web application directory C:\Users\220102\Downloads\download\download\work\tomcat\webapps\temp has finished in 9 ms
28-Jun-2023 10:53:46.400 情報 [main] org.apache.coyote.AbstractProtocol.start Starting ProtocolHandler [http-nio-8080]
28-Jun-2023 10:53:46.406 情報 [main] org.apache.coyote.AbstractProtocol.start Starting ProtocolHandler [ajp-nio-8009]
28-Jun-2023 10:53:46.408 情報 [main] org.apache.catalina.startup.Catalina.start Server startup in 847 ms
28-Jun-2023 11:44:42.194 情報 [Thread-5] org.apache.coyote.AbstractProtocol.pause Pausing ProtocolHandler ["http-nio-8080"]
28-Jun-2023 11:44:42.428 情報 [Thread-5] org.apache.coyote.AbstractProtocol.pause Pausing ProtocolHandler ["ajp-nio-8009"]
28-Jun-2023 11:44:42.649 情報 [Thread-5] org.apache.catalina.core.StandardService.stopInternal サービス Catalina を停止します
28-Jun-2023 11:44:42.658 情報 [Thread-5] org.apache.coyote.AbstractProtocol.stop Stopping ProtocolHandler ["http-nio-8080"]
28-Jun-2023 11:44:42.663 情報 [Thread-5] org.apache.coyote.AbstractProtocol.stop Stopping ProtocolHandler ["ajp-nio-8009"]
28-Jun-2023 11:44:42.665 情報 [Thread-5] org.apache.coyote.AbstractProtocol.destroy Destroying ProtocolHandler ["http-nio-8080"]
28-Jun-2023 11:44:42.665 情報 [Thread-5] org.apache.coyote.AbstractProtocol.destroy Destroying ProtocolHandler ["ajp-nio-8009"]
28-Jun-2023 11:44:44.253 重大 [main] org.apache.catalina.startup.Catalina.initDirs Cannot find specified temporary folder at C:\Users\220102\Downloads\download\download\work\tomcat\temp
28-Jun-2023 11:44:44.453 情報 [main] org.apache.catalina.startup.VersionLoggerListener.log Server version:        Apache Tomcat/8.5.11
28-Jun-2023 11:44:44.453 情報 [main] org.apache.catalina.startup.VersionLoggerListener.log Server built:          Jan 10 2017 21:02:52 UTC
28-Jun-2023 11:44:44.453 情報 [main] org.apache.catalina.startup.VersionLoggerListener.log Server number:         8.5.11.0
28-Jun-2023 11:44:44.453 情報 [main] org.apache.catalina.startup.VersionLoggerListener.log OS Name:               Windows 10
28-Jun-2023 11:44:44.453 情報 [main] org.apache.catalina.startup.VersionLoggerListener.log OS Version:            10.0
28-Jun-2023 11:44:44.453 情報 [main] org.apache.catalina.startup.VersionLoggerListener.log Architecture:          x86
28-Jun-2023 11:44:44.453 情報 [main] org.apache.catalina.startup.VersionLoggerListener.log Java Home:             C:\Program Files (x86)\Java\jdk1.8.0_121\jre
28-Jun-2023 11:44:44.453 情報 [main] org.apache.catalina.startup.VersionLoggerListener.log JVM Version:           1.8.0_121-b13
28-Jun-2023 11:44:44.453 情報 [main] org.apache.catalina.startup.VersionLoggerListener.log JVM Vendor:            Oracle Corporation
28-Jun-2023 11:44:44.453 情報 [main] org.apache.catalina.startup.VersionLoggerListener.log CATALINA_BASE:         C:\Users\220102\Downloads\download\download\work\tomcat
28-Jun-2023 11:44:44.453 情報 [main] org.apache.catalina.startup.VersionLoggerListener.log CATALINA_HOME:         C:\Users\220102\Downloads\download\download\work\tomcat
28-Jun-2023 11:44:44.453 情報 [main] org.apache.catalina.startup.VersionLoggerListener.log Command line argument: -Djava.util.logging.config.file=C:\Users\220102\Downloads\download\download\work\tomcat\conf\logging.properties
28-Jun-2023 11:44:44.453 情報 [main] org.apache.catalina.startup.VersionLoggerListener.log Command line argument: -Djava.util.logging.manager=org.apache.juli.ClassLoaderLogManager
28-Jun-2023 11:44:44.453 情報 [main] org.apache.catalina.startup.VersionLoggerListener.log Command line argument: -Djdk.tls.ephemeralDHKeySize=2048
28-Jun-2023 11:44:44.453 情報 [main] org.apache.catalina.startup.VersionLoggerListener.log Command line argument: -Djava.protocol.handler.pkgs=org.apache.catalina.webresources
28-Jun-2023 11:44:44.453 情報 [main] org.apache.catalina.startup.VersionLoggerListener.log Command line argument: -Dfile.encoding=UTF-8
28-Jun-2023 11:44:44.453 情報 [main] org.apache.catalina.startup.VersionLoggerListener.log Command line argument: -Dcatalina.base=C:\Users\220102\Downloads\download\download\work\tomcat
28-Jun-2023 11:44:44.453 情報 [main] org.apache.catalina.startup.VersionLoggerListener.log Command line argument: -Dcatalina.home=C:\Users\220102\Downloads\download\download\work\tomcat
28-Jun-2023 11:44:44.453 情報 [main] org.apache.catalina.startup.VersionLoggerListener.log Command line argument: -Djava.io.tmpdir=C:\Users\220102\Downloads\download\download\work\tomcat\temp
28-Jun-2023 11:44:44.453 情報 [main] org.apache.catalina.core.AprLifecycleListener.lifecycleEvent The APR based Apache Tomcat Native library which allows optimal performance in production environments was not found on the java.library.path: C:\Program Files (x86)\Java\jdk1.8.0_121\bin;C:\WINDOWS\Sun\Java\bin;C:\WINDOWS\system32;C:\WINDOWS;C:\Program Files (x86)\Java\jdk1.8.0_121\bin;C:\ProgramData\Oracle\Java\javapath;C:\Program Files\Common Files\Oracle\Java\javapath;C:\WINDOWS\system32;C:\WINDOWS;C:\WINDOWS\System32\Wbem;C:\WINDOWS\System32\WindowsPowerShell\v1.0\;C:\WINDOWS\System32\OpenSSH\;C:\Program Files\MySQL\MySQL Workbench 8.0;C:\Users\220102\AppData\Local\Programs\Python\Python311\Scripts\;C:\Users\220102\AppData\Local\Programs\Python\Python311\;C:\Users\220102\AppData\Local\Microsoft\WindowsApps;C:\Users\220102\AppData\Local\Programs\Microsoft VS Code\bin;C:\Users\220102\AppData\Local\Programs\Git\cmd;.
28-Jun-2023 11:44:44.538 情報 [main] org.apache.coyote.AbstractProtocol.init Initializing ProtocolHandler ["http-nio-8080"]
28-Jun-2023 11:44:44.843 情報 [main] org.apache.tomcat.util.net.NioSelectorPool.getSharedSelector Using a shared selector for servlet write/read
28-Jun-2023 11:44:44.843 情報 [main] org.apache.coyote.AbstractProtocol.init Initializing ProtocolHandler ["ajp-nio-8009"]
28-Jun-2023 11:44:44.847 情報 [main] org.apache.tomcat.util.net.NioSelectorPool.getSharedSelector Using a shared selector for servlet write/read
28-Jun-2023 11:44:44.847 情報 [main] org.apache.catalina.startup.Catalina.load Initialization processed in 592 ms
28-Jun-2023 11:44:44.863 情報 [main] org.apache.catalina.core.StandardService.startInternal サービス Catalina を起動します
28-Jun-2023 11:44:44.863 情報 [main] org.apache.catalina.core.StandardEngine.startInternal Starting Servlet Engine: Apache Tomcat/8.5.11
28-Jun-2023 11:44:44.863 情報 [localhost-startStop-1] org.apache.catalina.startup.HostConfig.deployDirectory Webアプリケーションディレクトリ C:\Users\220102\Downloads\download\download\work\tomcat\webapps\book を配備します
28-Jun-2023 11:44:45.248 情報 [localhost-startStop-1] org.apache.catalina.startup.HostConfig.deployDirectory Deployment of web application directory C:\Users\220102\Downloads\download\download\work\tomcat\webapps\book has finished in 385 ms
28-Jun-2023 11:44:45.248 情報 [localhost-startStop-1] org.apache.catalina.startup.HostConfig.deployDirectory Webアプリケーションディレクトリ C:\Users\220102\Downloads\download\download\work\tomcat\webapps\docs を配備します
28-Jun-2023 11:44:45.263 情報 [localhost-startStop-1] org.apache.catalina.startup.HostConfig.deployDirectory Deployment of web application directory C:\Users\220102\Downloads\download\download\work\tomcat\webapps\docs has finished in 15 ms
28-Jun-2023 11:44:45.263 情報 [localhost-startStop-1] org.apache.catalina.startup.HostConfig.deployDirectory Webアプリケーションディレクトリ C:\Users\220102\Downloads\download\download\work\tomcat\webapps\examples を配備します
28-Jun-2023 11:44:45.577 情報 [localhost-startStop-1] org.apache.catalina.startup.HostConfig.deployDirectory Deployment of web application directory C:\Users\220102\Downloads\download\download\work\tomcat\webapps\examples has finished in 314 ms
28-Jun-2023 11:44:45.577 情報 [localhost-startStop-1] org.apache.catalina.startup.HostConfig.deployDirectory Webアプリケーションディレクトリ C:\Users\220102\Downloads\download\download\work\tomcat\webapps\host-manager を配備します
28-Jun-2023 11:44:45.603 情報 [localhost-startStop-1] org.apache.catalina.startup.HostConfig.deployDirectory Deployment of web application directory C:\Users\220102\Downloads\download\download\work\tomcat\webapps\host-manager has finished in 26 ms
28-Jun-2023 11:44:45.603 情報 [localhost-startStop-1] org.apache.catalina.startup.HostConfig.deployDirectory Webアプリケーションディレクトリ C:\Users\220102\Downloads\download\download\work\tomcat\webapps\manager を配備します
28-Jun-2023 11:44:45.624 情報 [localhost-startStop-1] org.apache.catalina.startup.HostConfig.deployDirectory Deployment of web application directory C:\Users\220102\Downloads\download\download\work\tomcat\webapps\manager has finished in 21 ms
28-Jun-2023 11:44:45.624 情報 [localhost-startStop-1] org.apache.catalina.startup.HostConfig.deployDirectory Webアプリケーションディレクトリ C:\Users\220102\Downloads\download\download\work\tomcat\webapps\ROOT を配備します
28-Jun-2023 11:44:45.633 情報 [localhost-startStop-1] org.apache.catalina.startup.HostConfig.deployDirectory Deployment of web application directory C:\Users\220102\Downloads\download\download\work\tomcat\webapps\ROOT has finished in 9 ms
28-Jun-2023 11:44:45.640 情報 [localhost-startStop-1] org.apache.catalina.startup.HostConfig.deployDirectory Webアプリケーションディレクトリ C:\Users\220102\Downloads\download\download\work\tomcat\webapps\temp を配備します
28-Jun-2023 11:44:45.648 情報 [localhost-startStop-1] org.apache.catalina.startup.HostConfig.deployDirectory Deployment of web application directory C:\Users\220102\Downloads\download\download\work\tomcat\webapps\temp has finished in 8 ms
28-Jun-2023 11:44:45.648 情報 [main] org.apache.coyote.AbstractProtocol.start Starting ProtocolHandler [http-nio-8080]
28-Jun-2023 11:44:45.656 情報 [main] org.apache.coyote.AbstractProtocol.start Starting ProtocolHandler [ajp-nio-8009]
28-Jun-2023 11:44:45.656 情報 [main] org.apache.catalina.startup.Catalina.start Server startup in 812 ms
28-Jun-2023 11:49:26.492 情報 [ContainerBackgroundProcessor[StandardEngine[Catalina]]] org.apache.catalina.core.StandardContext.reload このコンテキストの再ロードを開始しました
28-Jun-2023 11:49:26.639 情報 [ContainerBackgroundProcessor[StandardEngine[Catalina]]] org.apache.catalina.core.StandardContext.reload このコンテキストの再ロードが完了しました
28-Jun-2023 11:49:45.035 情報 [Thread-5] org.apache.coyote.AbstractProtocol.pause Pausing ProtocolHandler ["http-nio-8080"]
28-Jun-2023 11:49:45.263 情報 [Thread-5] org.apache.coyote.AbstractProtocol.pause Pausing ProtocolHandler ["ajp-nio-8009"]
28-Jun-2023 11:49:45.507 情報 [Thread-5] org.apache.catalina.core.StandardService.stopInternal サービス Catalina を停止します
28-Jun-2023 11:49:45.531 情報 [Thread-5] org.apache.coyote.AbstractProtocol.stop Stopping ProtocolHandler ["http-nio-8080"]
28-Jun-2023 11:49:45.532 情報 [Thread-5] org.apache.coyote.AbstractProtocol.stop Stopping ProtocolHandler ["ajp-nio-8009"]
28-Jun-2023 11:49:45.533 情報 [Thread-5] org.apache.coyote.AbstractProtocol.destroy Destroying ProtocolHandler ["http-nio-8080"]
28-Jun-2023 11:49:45.533 情報 [Thread-5] org.apache.coyote.AbstractProtocol.destroy Destroying ProtocolHandler ["ajp-nio-8009"]
28-Jun-2023 11:50:06.713 重大 [main] org.apache.catalina.startup.Catalina.initDirs Cannot find specified temporary folder at C:\Users\220102\Downloads\download\download\work\tomcat\temp
28-Jun-2023 11:50:06.887 情報 [main] org.apache.catalina.startup.VersionLoggerListener.log Server version:        Apache Tomcat/8.5.11
28-Jun-2023 11:50:06.889 情報 [main] org.apache.catalina.startup.VersionLoggerListener.log Server built:          Jan 10 2017 21:02:52 UTC
28-Jun-2023 11:50:06.889 情報 [main] org.apache.catalina.startup.VersionLoggerListener.log Server number:         8.5.11.0
28-Jun-2023 11:50:06.889 情報 [main] org.apache.catalina.startup.VersionLoggerListener.log OS Name:               Windows 10
28-Jun-2023 11:50:06.889 情報 [main] org.apache.catalina.startup.VersionLoggerListener.log OS Version:            10.0
28-Jun-2023 11:50:06.890 情報 [main] org.apache.catalina.startup.VersionLoggerListener.log Architecture:          x86
28-Jun-2023 11:50:06.890 情報 [main] org.apache.catalina.startup.VersionLoggerListener.log Java Home:             C:\Program Files (x86)\Java\jdk1.8.0_121\jre
28-Jun-2023 11:50:06.890 情報 [main] org.apache.catalina.startup.VersionLoggerListener.log JVM Version:           1.8.0_121-b13
28-Jun-2023 11:50:06.890 情報 [main] org.apache.catalina.startup.VersionLoggerListener.log JVM Vendor:            Oracle Corporation
28-Jun-2023 11:50:06.891 情報 [main] org.apache.catalina.startup.VersionLoggerListener.log CATALINA_BASE:         C:\Users\220102\Downloads\download\download\work\tomcat
28-Jun-2023 11:50:06.891 情報 [main] org.apache.catalina.startup.VersionLoggerListener.log CATALINA_HOME:         C:\Users\220102\Downloads\download\download\work\tomcat
28-Jun-2023 11:50:06.891 情報 [main] org.apache.catalina.startup.VersionLoggerListener.log Command line argument: -Djava.util.logging.config.file=C:\Users\220102\Downloads\download\download\work\tomcat\conf\logging.properties
28-Jun-2023 11:50:06.891 情報 [main] org.apache.catalina.startup.VersionLoggerListener.log Command line argument: -Djava.util.logging.manager=org.apache.juli.ClassLoaderLogManager
28-Jun-2023 11:50:06.892 情報 [main] org.apache.catalina.startup.VersionLoggerListener.log Command line argument: -Djdk.tls.ephemeralDHKeySize=2048
28-Jun-2023 11:50:06.892 情報 [main] org.apache.catalina.startup.VersionLoggerListener.log Command line argument: -Djava.protocol.handler.pkgs=org.apache.catalina.webresources
28-Jun-2023 11:50:06.892 情報 [main] org.apache.catalina.startup.VersionLoggerListener.log Command line argument: -Dfile.encoding=UTF-8
28-Jun-2023 11:50:06.892 情報 [main] org.apache.catalina.startup.VersionLoggerListener.log Command line argument: -Dcatalina.base=C:\Users\220102\Downloads\download\download\work\tomcat
28-Jun-2023 11:50:06.892 情報 [main] org.apache.catalina.startup.VersionLoggerListener.log Command line argument: -Dcatalina.home=C:\Users\220102\Downloads\download\download\work\tomcat
28-Jun-2023 11:50:06.892 情報 [main] org.apache.catalina.startup.VersionLoggerListener.log Command line argument: -Djava.io.tmpdir=C:\Users\220102\Downloads\download\download\work\tomcat\temp
28-Jun-2023 11:50:06.892 情報 [main] org.apache.catalina.core.AprLifecycleListener.lifecycleEvent The APR based Apache Tomcat Native library which allows optimal performance in production environments was not found on the java.library.path: C:\Program Files (x86)\Java\jdk1.8.0_121\bin;C:\WINDOWS\Sun\Java\bin;C:\WINDOWS\system32;C:\WINDOWS;C:\Program Files (x86)\Java\jdk1.8.0_121\bin;C:\ProgramData\Oracle\Java\javapath;C:\Program Files\Common Files\Oracle\Java\javapath;C:\WINDOWS\system32;C:\WINDOWS;C:\WINDOWS\System32\Wbem;C:\WINDOWS\System32\WindowsPowerShell\v1.0\;C:\WINDOWS\System32\OpenSSH\;C:\Program Files\MySQL\MySQL Workbench 8.0;C:\Users\220102\AppData\Local\Programs\Python\Python311\Scripts\;C:\Users\220102\AppData\Local\Programs\Python\Python311\;C:\Users\220102\AppData\Local\Microsoft\WindowsApps;C:\Users\220102\AppData\Local\Programs\Microsoft VS Code\bin;C:\Users\220102\AppData\Local\Programs\Git\cmd;.
28-Jun-2023 11:50:06.958 情報 [main] org.apache.coyote.AbstractProtocol.init Initializing ProtocolHandler ["http-nio-8080"]
28-Jun-2023 11:50:07.196 情報 [main] org.apache.tomcat.util.net.NioSelectorPool.getSharedSelector Using a shared selector for servlet write/read
28-Jun-2023 11:50:07.198 情報 [main] org.apache.coyote.AbstractProtocol.init Initializing ProtocolHandler ["ajp-nio-8009"]
28-Jun-2023 11:50:07.200 情報 [main] org.apache.tomcat.util.net.NioSelectorPool.getSharedSelector Using a shared selector for servlet write/read
28-Jun-2023 11:50:07.201 情報 [main] org.apache.catalina.startup.Catalina.load Initialization processed in 487 ms
28-Jun-2023 11:50:07.216 情報 [main] org.apache.catalina.core.StandardService.startInternal サービス Catalina を起動します
28-Jun-2023 11:50:07.216 情報 [main] org.apache.catalina.core.StandardEngine.startInternal Starting Servlet Engine: Apache Tomcat/8.5.11
28-Jun-2023 11:50:07.221 情報 [localhost-startStop-1] org.apache.catalina.startup.HostConfig.deployDirectory Webアプリケーションディレクトリ C:\Users\220102\Downloads\download\download\work\tomcat\webapps\book を配備します
28-Jun-2023 11:50:07.567 情報 [localhost-startStop-1] org.apache.catalina.startup.HostConfig.deployDirectory Deployment of web application directory C:\Users\220102\Downloads\download\download\work\tomcat\webapps\book has finished in 345 ms
28-Jun-2023 11:50:07.567 情報 [localhost-startStop-1] org.apache.catalina.startup.HostConfig.deployDirectory Webアプリケーションディレクトリ C:\Users\220102\Downloads\download\download\work\tomcat\webapps\docs を配備します
28-Jun-2023 11:50:07.580 情報 [localhost-startStop-1] org.apache.catalina.startup.HostConfig.deployDirectory Deployment of web application directory C:\Users\220102\Downloads\download\download\work\tomcat\webapps\docs has finished in 13 ms
28-Jun-2023 11:50:07.580 情報 [localhost-startStop-1] org.apache.catalina.startup.HostConfig.deployDirectory Webアプリケーションディレクトリ C:\Users\220102\Downloads\download\download\work\tomcat\webapps\examples を配備します
28-Jun-2023 11:50:07.763 情報 [localhost-startStop-1] org.apache.catalina.startup.HostConfig.deployDirectory Deployment of web application directory C:\Users\220102\Downloads\download\download\work\tomcat\webapps\examples has finished in 183 ms
28-Jun-2023 11:50:07.764 情報 [localhost-startStop-1] org.apache.catalina.startup.HostConfig.deployDirectory Webアプリケーションディレクトリ C:\Users\220102\Downloads\download\download\work\tomcat\webapps\host-manager を配備します
28-Jun-2023 11:50:07.786 情報 [localhost-startStop-1] org.apache.catalina.startup.HostConfig.deployDirectory Deployment of web application directory C:\Users\220102\Downloads\download\download\work\tomcat\webapps\host-manager has finished in 22 ms
28-Jun-2023 11:50:07.787 情報 [localhost-startStop-1] org.apache.catalina.startup.HostConfig.deployDirectory Webアプリケーションディレクトリ C:\Users\220102\Downloads\download\download\work\tomcat\webapps\manager を配備します
28-Jun-2023 11:50:07.802 情報 [localhost-startStop-1] org.apache.catalina.startup.HostConfig.deployDirectory Deployment of web application directory C:\Users\220102\Downloads\download\download\work\tomcat\webapps\manager has finished in 15 ms
28-Jun-2023 11:50:07.803 情報 [localhost-startStop-1] org.apache.catalina.startup.HostConfig.deployDirectory Webアプリケーションディレクトリ C:\Users\220102\Downloads\download\download\work\tomcat\webapps\ROOT を配備します
28-Jun-2023 11:50:07.814 情報 [localhost-startStop-1] org.apache.catalina.startup.HostConfig.deployDirectory Deployment of web application directory C:\Users\220102\Downloads\download\download\work\tomcat\webapps\ROOT has finished in 11 ms
28-Jun-2023 11:50:07.814 情報 [localhost-startStop-1] org.apache.catalina.startup.HostConfig.deployDirectory Webアプリケーションディレクトリ C:\Users\220102\Downloads\download\download\work\tomcat\webapps\temp を配備します
28-Jun-2023 11:50:07.825 情報 [localhost-startStop-1] org.apache.catalina.startup.HostConfig.deployDirectory Deployment of web application directory C:\Users\220102\Downloads\download\download\work\tomcat\webapps\temp has finished in 11 ms
28-Jun-2023 11:50:07.828 情報 [main] org.apache.coyote.AbstractProtocol.start Starting ProtocolHandler [http-nio-8080]
28-Jun-2023 11:50:07.833 情報 [main] org.apache.coyote.AbstractProtocol.start Starting ProtocolHandler [ajp-nio-8009]
28-Jun-2023 11:50:07.835 情報 [main] org.apache.catalina.startup.Catalina.start Server startup in 634 ms
28-Jun-2023 11:53:48.450 情報 [ContainerBackgroundProcessor[StandardEngine[Catalina]]] org.apache.catalina.core.StandardContext.reload このコンテキストの再ロードを開始しました
28-Jun-2023 11:53:48.589 情報 [ContainerBackgroundProcessor[StandardEngine[Catalina]]] org.apache.catalina.core.StandardContext.reload このコンテキストの再ロードが完了しました
28-Jun-2023 12:39:36.141 情報 [Thread-5] org.apache.coyote.AbstractProtocol.pause Pausing ProtocolHandler ["http-nio-8080"]
28-Jun-2023 12:39:36.375 情報 [Thread-5] org.apache.coyote.AbstractProtocol.pause Pausing ProtocolHandler ["ajp-nio-8009"]
28-Jun-2023 12:39:36.594 情報 [Thread-5] org.apache.catalina.core.StandardService.stopInternal サービス Catalina を停止します
28-Jun-2023 12:39:36.610 情報 [Thread-5] org.apache.coyote.AbstractProtocol.stop Stopping ProtocolHandler ["http-nio-8080"]
28-Jun-2023 12:39:36.610 情報 [Thread-5] org.apache.coyote.AbstractProtocol.stop Stopping ProtocolHandler ["ajp-nio-8009"]
28-Jun-2023 12:39:36.610 情報 [Thread-5] org.apache.coyote.AbstractProtocol.destroy Destroying ProtocolHandler ["http-nio-8080"]
28-Jun-2023 12:39:36.610 情報 [Thread-5] org.apache.coyote.AbstractProtocol.destroy Destroying ProtocolHandler ["ajp-nio-8009"]
28-Jun-2023 12:39:39.631 重大 [main] org.apache.catalina.startup.Catalina.initDirs Cannot find specified temporary folder at C:\Users\220102\Downloads\download\download\work\tomcat\temp
28-Jun-2023 12:39:39.818 情報 [main] org.apache.catalina.startup.VersionLoggerListener.log Server version:        Apache Tomcat/8.5.11
28-Jun-2023 12:39:39.818 情報 [main] org.apache.catalina.startup.VersionLoggerListener.log Server built:          Jan 10 2017 21:02:52 UTC
28-Jun-2023 12:39:39.818 情報 [main] org.apache.catalina.startup.VersionLoggerListener.log Server number:         8.5.11.0
28-Jun-2023 12:39:39.818 情報 [main] org.apache.catalina.startup.VersionLoggerListener.log OS Name:               Windows 10
28-Jun-2023 12:39:39.818 情報 [main] org.apache.catalina.startup.VersionLoggerListener.log OS Version:            10.0
28-Jun-2023 12:39:39.818 情報 [main] org.apache.catalina.startup.VersionLoggerListener.log Architecture:          x86
28-Jun-2023 12:39:39.834 情報 [main] org.apache.catalina.startup.VersionLoggerListener.log Java Home:             C:\Program Files (x86)\Java\jdk1.8.0_121\jre
28-Jun-2023 12:39:39.834 情報 [main] org.apache.catalina.startup.VersionLoggerListener.log JVM Version:           1.8.0_121-b13
28-Jun-2023 12:39:39.834 情報 [main] org.apache.catalina.startup.VersionLoggerListener.log JVM Vendor:            Oracle Corporation
28-Jun-2023 12:39:39.834 情報 [main] org.apache.catalina.startup.VersionLoggerListener.log CATALINA_BASE:         C:\Users\220102\Downloads\download\download\work\tomcat
28-Jun-2023 12:39:39.834 情報 [main] org.apache.catalina.startup.VersionLoggerListener.log CATALINA_HOME:         C:\Users\220102\Downloads\download\download\work\tomcat
28-Jun-2023 12:39:39.834 情報 [main] org.apache.catalina.startup.VersionLoggerListener.log Command line argument: -Djava.util.logging.config.file=C:\Users\220102\Downloads\download\download\work\tomcat\conf\logging.properties
28-Jun-2023 12:39:39.834 情報 [main] org.apache.catalina.startup.VersionLoggerListener.log Command line argument: -Djava.util.logging.manager=org.apache.juli.ClassLoaderLogManager
28-Jun-2023 12:39:39.834 情報 [main] org.apache.catalina.startup.VersionLoggerListener.log Command line argument: -Djdk.tls.ephemeralDHKeySize=2048
28-Jun-2023 12:39:39.834 情報 [main] org.apache.catalina.startup.VersionLoggerListener.log Command line argument: -Djava.protocol.handler.pkgs=org.apache.catalina.webresources
28-Jun-2023 12:39:39.834 情報 [main] org.apache.catalina.startup.VersionLoggerListener.log Command line argument: -Dfile.encoding=UTF-8
28-Jun-2023 12:39:39.834 情報 [main] org.apache.catalina.startup.VersionLoggerListener.log Command line argument: -Dcatalina.base=C:\Users\220102\Downloads\download\download\work\tomcat
28-Jun-2023 12:39:39.834 情報 [main] org.apache.catalina.startup.VersionLoggerListener.log Command line argument: -Dcatalina.home=C:\Users\220102\Downloads\download\download\work\tomcat
28-Jun-2023 12:39:39.834 情報 [main] org.apache.catalina.startup.VersionLoggerListener.log Command line argument: -Djava.io.tmpdir=C:\Users\220102\Downloads\download\download\work\tomcat\temp
28-Jun-2023 12:39:39.834 情報 [main] org.apache.catalina.core.AprLifecycleListener.lifecycleEvent The APR based Apache Tomcat Native library which allows optimal performance in production environments was not found on the java.library.path: C:\Program Files (x86)\Java\jdk1.8.0_121\bin;C:\WINDOWS\Sun\Java\bin;C:\WINDOWS\system32;C:\WINDOWS;C:\Program Files (x86)\Java\jdk1.8.0_121\bin;C:\ProgramData\Oracle\Java\javapath;C:\Program Files\Common Files\Oracle\Java\javapath;C:\WINDOWS\system32;C:\WINDOWS;C:\WINDOWS\System32\Wbem;C:\WINDOWS\System32\WindowsPowerShell\v1.0\;C:\WINDOWS\System32\OpenSSH\;C:\Program Files\MySQL\MySQL Workbench 8.0;C:\Users\220102\AppData\Local\Programs\Python\Python311\Scripts\;C:\Users\220102\AppData\Local\Programs\Python\Python311\;C:\Users\220102\AppData\Local\Microsoft\WindowsApps;C:\Users\220102\AppData\Local\Programs\Microsoft VS Code\bin;C:\Users\220102\AppData\Local\Programs\Git\cmd;.
28-Jun-2023 12:39:39.912 情報 [main] org.apache.coyote.AbstractProtocol.init Initializing ProtocolHandler ["http-nio-8080"]
28-Jun-2023 12:39:40.193 情報 [main] org.apache.tomcat.util.net.NioSelectorPool.getSharedSelector Using a shared selector for servlet write/read
28-Jun-2023 12:39:40.209 情報 [main] org.apache.coyote.AbstractProtocol.init Initializing ProtocolHandler ["ajp-nio-8009"]
28-Jun-2023 12:39:40.209 情報 [main] org.apache.tomcat.util.net.NioSelectorPool.getSharedSelector Using a shared selector for servlet write/read
28-Jun-2023 12:39:40.209 情報 [main] org.apache.catalina.startup.Catalina.load Initialization processed in 574 ms
28-Jun-2023 12:39:40.231 情報 [main] org.apache.catalina.core.StandardService.startInternal サービス Catalina を起動します
28-Jun-2023 12:39:40.231 情報 [main] org.apache.catalina.core.StandardEngine.startInternal Starting Servlet Engine: Apache Tomcat/8.5.11
28-Jun-2023 12:39:40.235 情報 [localhost-startStop-1] org.apache.catalina.startup.HostConfig.deployDirectory Webアプリケーションディレクトリ C:\Users\220102\Downloads\download\download\work\tomcat\webapps\book を配備します
28-Jun-2023 12:39:40.595 情報 [localhost-startStop-1] org.apache.catalina.startup.HostConfig.deployDirectory Deployment of web application directory C:\Users\220102\Downloads\download\download\work\tomcat\webapps\book has finished in 360 ms
28-Jun-2023 12:39:40.595 情報 [localhost-startStop-1] org.apache.catalina.startup.HostConfig.deployDirectory Webアプリケーションディレクトリ C:\Users\220102\Downloads\download\download\work\tomcat\webapps\docs を配備します
28-Jun-2023 12:39:40.610 情報 [localhost-startStop-1] org.apache.catalina.startup.HostConfig.deployDirectory Deployment of web application directory C:\Users\220102\Downloads\download\download\work\tomcat\webapps\docs has finished in 15 ms
28-Jun-2023 12:39:40.610 情報 [localhost-startStop-1] org.apache.catalina.startup.HostConfig.deployDirectory Webアプリケーションディレクトリ C:\Users\220102\Downloads\download\download\work\tomcat\webapps\examples を配備します
28-Jun-2023 12:39:40.938 情報 [localhost-startStop-1] org.apache.catalina.startup.HostConfig.deployDirectory Deployment of web application directory C:\Users\220102\Downloads\download\download\work\tomcat\webapps\examples has finished in 328 ms
28-Jun-2023 12:39:40.938 情報 [localhost-startStop-1] org.apache.catalina.startup.HostConfig.deployDirectory Webアプリケーションディレクトリ C:\Users\220102\Downloads\download\download\work\tomcat\webapps\host-manager を配備します
28-Jun-2023 12:39:40.970 情報 [localhost-startStop-1] org.apache.catalina.startup.HostConfig.deployDirectory Deployment of web application directory C:\Users\220102\Downloads\download\download\work\tomcat\webapps\host-manager has finished in 32 ms
28-Jun-2023 12:39:40.970 情報 [localhost-startStop-1] org.apache.catalina.startup.HostConfig.deployDirectory Webアプリケーションディレクトリ C:\Users\220102\Downloads\download\download\work\tomcat\webapps\manager を配備します
28-Jun-2023 12:39:40.985 情報 [localhost-startStop-1] org.apache.catalina.startup.HostConfig.deployDirectory Deployment of web application directory C:\Users\220102\Downloads\download\download\work\tomcat\webapps\manager has finished in 15 ms
28-Jun-2023 12:39:40.985 情報 [localhost-startStop-1] org.apache.catalina.startup.HostConfig.deployDirectory Webアプリケーションディレクトリ C:\Users\220102\Downloads\download\download\work\tomcat\webapps\ROOT を配備します
28-Jun-2023 12:39:41.001 情報 [localhost-startStop-1] org.apache.catalina.startup.HostConfig.deployDirectory Deployment of web application directory C:\Users\220102\Downloads\download\download\work\tomcat\webapps\ROOT has finished in 16 ms
28-Jun-2023 12:39:41.001 情報 [localhost-startStop-1] org.apache.catalina.startup.HostConfig.deployDirectory Webアプリケーションディレクトリ C:\Users\220102\Downloads\download\download\work\tomcat\webapps\temp を配備します
28-Jun-2023 12:39:41.001 情報 [localhost-startStop-1] org.apache.catalina.startup.HostConfig.deployDirectory Deployment of web application directory C:\Users\220102\Downloads\download\download\work\tomcat\webapps\temp has finished in 0 ms
28-Jun-2023 12:39:41.001 情報 [main] org.apache.coyote.AbstractProtocol.start Starting ProtocolHandler [http-nio-8080]
28-Jun-2023 12:39:41.017 情報 [main] org.apache.coyote.AbstractProtocol.start Starting ProtocolHandler [ajp-nio-8009]
28-Jun-2023 12:39:41.017 情報 [main] org.apache.catalina.startup.Catalina.start Server startup in 809 ms
28-Jun-2023 12:42:11.420 情報 [ContainerBackgroundProcessor[StandardEngine[Catalina]]] org.apache.catalina.core.StandardContext.reload このコンテキストの再ロードを開始しました
28-Jun-2023 12:42:11.555 情報 [ContainerBackgroundProcessor[StandardEngine[Catalina]]] org.apache.catalina.core.StandardContext.reload このコンテキストの再ロードが完了しました
28-Jun-2023 12:49:49.951 情報 [Thread-5] org.apache.coyote.AbstractProtocol.pause Pausing ProtocolHandler ["http-nio-8080"]
28-Jun-2023 12:49:50.185 情報 [Thread-5] org.apache.coyote.AbstractProtocol.pause Pausing ProtocolHandler ["ajp-nio-8009"]
28-Jun-2023 12:49:50.404 情報 [Thread-5] org.apache.catalina.core.StandardService.stopInternal サービス Catalina を停止します
28-Jun-2023 12:49:50.420 情報 [Thread-5] org.apache.coyote.AbstractProtocol.stop Stopping ProtocolHandler ["http-nio-8080"]
28-Jun-2023 12:49:50.420 情報 [Thread-5] org.apache.coyote.AbstractProtocol.stop Stopping ProtocolHandler ["ajp-nio-8009"]
28-Jun-2023 12:49:50.420 情報 [Thread-5] org.apache.coyote.AbstractProtocol.destroy Destroying ProtocolHandler ["http-nio-8080"]
28-Jun-2023 12:49:50.420 情報 [Thread-5] org.apache.coyote.AbstractProtocol.destroy Destroying ProtocolHandler ["ajp-nio-8009"]
28-Jun-2023 12:49:51.886 重大 [main] org.apache.catalina.startup.Catalina.initDirs Cannot find specified temporary folder at C:\Users\220102\Downloads\download\download\work\tomcat\temp
28-Jun-2023 12:49:52.058 情報 [main] org.apache.catalina.startup.VersionLoggerListener.log Server version:        Apache Tomcat/8.5.11
28-Jun-2023 12:49:52.058 情報 [main] org.apache.catalina.startup.VersionLoggerListener.log Server built:          Jan 10 2017 21:02:52 UTC
28-Jun-2023 12:49:52.058 情報 [main] org.apache.catalina.startup.VersionLoggerListener.log Server number:         8.5.11.0
28-Jun-2023 12:49:52.058 情報 [main] org.apache.catalina.startup.VersionLoggerListener.log OS Name:               Windows 10
28-Jun-2023 12:49:52.058 情報 [main] org.apache.catalina.startup.VersionLoggerListener.log OS Version:            10.0
28-Jun-2023 12:49:52.058 情報 [main] org.apache.catalina.startup.VersionLoggerListener.log Architecture:          x86
28-Jun-2023 12:49:52.058 情報 [main] org.apache.catalina.startup.VersionLoggerListener.log Java Home:             C:\Program Files (x86)\Java\jdk1.8.0_121\jre
28-Jun-2023 12:49:52.058 情報 [main] org.apache.catalina.startup.VersionLoggerListener.log JVM Version:           1.8.0_121-b13
28-Jun-2023 12:49:52.058 情報 [main] org.apache.catalina.startup.VersionLoggerListener.log JVM Vendor:            Oracle Corporation
28-Jun-2023 12:49:52.058 情報 [main] org.apache.catalina.startup.VersionLoggerListener.log CATALINA_BASE:         C:\Users\220102\Downloads\download\download\work\tomcat
28-Jun-2023 12:49:52.058 情報 [main] org.apache.catalina.startup.VersionLoggerListener.log CATALINA_HOME:         C:\Users\220102\Downloads\download\download\work\tomcat
28-Jun-2023 12:49:52.058 情報 [main] org.apache.catalina.startup.VersionLoggerListener.log Command line argument: -Djava.util.logging.config.file=C:\Users\220102\Downloads\download\download\work\tomcat\conf\logging.properties
28-Jun-2023 12:49:52.058 情報 [main] org.apache.catalina.startup.VersionLoggerListener.log Command line argument: -Djava.util.logging.manager=org.apache.juli.ClassLoaderLogManager
28-Jun-2023 12:49:52.058 情報 [main] org.apache.catalina.startup.VersionLoggerListener.log Command line argument: -Djdk.tls.ephemeralDHKeySize=2048
28-Jun-2023 12:49:52.058 情報 [main] org.apache.catalina.startup.VersionLoggerListener.log Command line argument: -Djava.protocol.handler.pkgs=org.apache.catalina.webresources
28-Jun-2023 12:49:52.058 情報 [main] org.apache.catalina.startup.VersionLoggerListener.log Command line argument: -Dfile.encoding=UTF-8
28-Jun-2023 12:49:52.058 情報 [main] org.apache.catalina.startup.VersionLoggerListener.log Command line argument: -Dcatalina.base=C:\Users\220102\Downloads\download\download\work\tomcat
28-Jun-2023 12:49:52.058 情報 [main] org.apache.catalina.startup.VersionLoggerListener.log Command line argument: -Dcatalina.home=C:\Users\220102\Downloads\download\download\work\tomcat
28-Jun-2023 12:49:52.058 情報 [main] org.apache.catalina.startup.VersionLoggerListener.log Command line argument: -Djava.io.tmpdir=C:\Users\220102\Downloads\download\download\work\tomcat\temp
28-Jun-2023 12:49:52.058 情報 [main] org.apache.catalina.core.AprLifecycleListener.lifecycleEvent The APR based Apache Tomcat Native library which allows optimal performance in production environments was not found on the java.library.path: C:\Program Files (x86)\Java\jdk1.8.0_121\bin;C:\WINDOWS\Sun\Java\bin;C:\WINDOWS\system32;C:\WINDOWS;C:\Program Files (x86)\Java\jdk1.8.0_121\bin;C:\ProgramData\Oracle\Java\javapath;C:\Program Files\Common Files\Oracle\Java\javapath;C:\WINDOWS\system32;C:\WINDOWS;C:\WINDOWS\System32\Wbem;C:\WINDOWS\System32\WindowsPowerShell\v1.0\;C:\WINDOWS\System32\OpenSSH\;C:\Program Files\MySQL\MySQL Workbench 8.0;C:\Users\220102\AppData\Local\Programs\Python\Python311\Scripts\;C:\Users\220102\AppData\Local\Programs\Python\Python311\;C:\Users\220102\AppData\Local\Microsoft\WindowsApps;C:\Users\220102\AppData\Local\Programs\Microsoft VS Code\bin;C:\Users\220102\AppData\Local\Programs\Git\cmd;.
28-Jun-2023 12:49:52.121 情報 [main] org.apache.coyote.AbstractProtocol.init Initializing ProtocolHandler ["http-nio-8080"]
28-Jun-2023 12:49:52.355 情報 [main] org.apache.tomcat.util.net.NioSelectorPool.getSharedSelector Using a shared selector for servlet write/read
28-Jun-2023 12:49:52.355 情報 [main] org.apache.coyote.AbstractProtocol.init Initializing ProtocolHandler ["ajp-nio-8009"]
28-Jun-2023 12:49:52.355 情報 [main] org.apache.tomcat.util.net.NioSelectorPool.getSharedSelector Using a shared selector for servlet write/read
28-Jun-2023 12:49:52.355 情報 [main] org.apache.catalina.startup.Catalina.load Initialization processed in 470 ms
28-Jun-2023 12:49:52.371 情報 [main] org.apache.catalina.core.StandardService.startInternal サービス Catalina を起動します
28-Jun-2023 12:49:52.371 情報 [main] org.apache.catalina.core.StandardEngine.startInternal Starting Servlet Engine: Apache Tomcat/8.5.11
28-Jun-2023 12:49:52.386 情報 [localhost-startStop-1] org.apache.catalina.startup.HostConfig.deployDirectory Webアプリケーションディレクトリ C:\Users\220102\Downloads\download\download\work\tomcat\webapps\book を配備します
28-Jun-2023 12:49:52.746 情報 [localhost-startStop-1] org.apache.catalina.startup.HostConfig.deployDirectory Deployment of web application directory C:\Users\220102\Downloads\download\download\work\tomcat\webapps\book has finished in 360 ms
28-Jun-2023 12:49:52.746 情報 [localhost-startStop-1] org.apache.catalina.startup.HostConfig.deployDirectory Webアプリケーションディレクトリ C:\Users\220102\Downloads\download\download\work\tomcat\webapps\docs を配備します
28-Jun-2023 12:49:52.746 情報 [localhost-startStop-1] org.apache.catalina.startup.HostConfig.deployDirectory Deployment of web application directory C:\Users\220102\Downloads\download\download\work\tomcat\webapps\docs has finished in 0 ms
28-Jun-2023 12:49:52.746 情報 [localhost-startStop-1] org.apache.catalina.startup.HostConfig.deployDirectory Webアプリケーションディレクトリ C:\Users\220102\Downloads\download\download\work\tomcat\webapps\examples を配備します
28-Jun-2023 12:49:52.948 情報 [localhost-startStop-1] org.apache.catalina.startup.HostConfig.deployDirectory Deployment of web application directory C:\Users\220102\Downloads\download\download\work\tomcat\webapps\examples has finished in 202 ms
28-Jun-2023 12:49:52.949 情報 [localhost-startStop-1] org.apache.catalina.startup.HostConfig.deployDirectory Webアプリケーションディレクトリ C:\Users\220102\Downloads\download\download\work\tomcat\webapps\host-manager を配備します
28-Jun-2023 12:49:52.970 情報 [localhost-startStop-1] org.apache.catalina.startup.HostConfig.deployDirectory Deployment of web application directory C:\Users\220102\Downloads\download\download\work\tomcat\webapps\host-manager has finished in 21 ms
28-Jun-2023 12:49:52.970 情報 [localhost-startStop-1] org.apache.catalina.startup.HostConfig.deployDirectory Webアプリケーションディレクトリ C:\Users\220102\Downloads\download\download\work\tomcat\webapps\manager を配備します
28-Jun-2023 12:49:52.985 情報 [localhost-startStop-1] org.apache.catalina.startup.HostConfig.deployDirectory Deployment of web application directory C:\Users\220102\Downloads\download\download\work\tomcat\webapps\manager has finished in 15 ms
28-Jun-2023 12:49:52.985 情報 [localhost-startStop-1] org.apache.catalina.startup.HostConfig.deployDirectory Webアプリケーションディレクトリ C:\Users\220102\Downloads\download\download\work\tomcat\webapps\ROOT を配備します
28-Jun-2023 12:49:52.997 情報 [localhost-startStop-1] org.apache.catalina.startup.HostConfig.deployDirectory Deployment of web application directory C:\Users\220102\Downloads\download\download\work\tomcat\webapps\ROOT has finished in 11 ms
28-Jun-2023 12:49:52.997 情報 [localhost-startStop-1] org.apache.catalina.startup.HostConfig.deployDirectory Webアプリケーションディレクトリ C:\Users\220102\Downloads\download\download\work\tomcat\webapps\temp を配備します
28-Jun-2023 12:49:53.009 情報 [localhost-startStop-1] org.apache.catalina.startup.HostConfig.deployDirectory Deployment of web application directory C:\Users\220102\Downloads\download\download\work\tomcat\webapps\temp has finished in 11 ms
28-Jun-2023 12:49:53.010 情報 [main] org.apache.coyote.AbstractProtocol.start Starting ProtocolHandler [http-nio-8080]
28-Jun-2023 12:49:53.015 情報 [main] org.apache.coyote.AbstractProtocol.start Starting ProtocolHandler [ajp-nio-8009]
28-Jun-2023 12:49:53.017 情報 [main] org.apache.catalina.startup.Catalina.start Server startup in 650 ms
28-Jun-2023 12:57:36.552 情報 [Thread-5] org.apache.coyote.AbstractProtocol.pause Pausing ProtocolHandler ["http-nio-8080"]
28-Jun-2023 12:57:36.786 情報 [Thread-5] org.apache.coyote.AbstractProtocol.pause Pausing ProtocolHandler ["ajp-nio-8009"]
28-Jun-2023 12:57:37.005 情報 [Thread-5] org.apache.catalina.core.StandardService.stopInternal サービス Catalina を停止します
28-Jun-2023 12:57:37.021 情報 [Thread-5] org.apache.coyote.AbstractProtocol.stop Stopping ProtocolHandler ["http-nio-8080"]
28-Jun-2023 12:57:37.021 情報 [Thread-5] org.apache.coyote.AbstractProtocol.stop Stopping ProtocolHandler ["ajp-nio-8009"]
28-Jun-2023 12:57:37.021 情報 [Thread-5] org.apache.coyote.AbstractProtocol.destroy Destroying ProtocolHandler ["http-nio-8080"]
28-Jun-2023 12:57:37.021 情報 [Thread-5] org.apache.coyote.AbstractProtocol.destroy Destroying ProtocolHandler ["ajp-nio-8009"]
