03-Jul-2023 09:38:45.088 情報 [localhost-startStop-1] org.apache.catalina.core.ApplicationContext.log ContextListener: contextInitialized()
03-Jul-2023 09:38:45.088 情報 [localhost-startStop-1] org.apache.catalina.core.ApplicationContext.log SessionListener: contextInitialized()
03-Jul-2023 09:39:20.622 情報 [localhost-startStop-2] org.apache.catalina.core.ApplicationContext.log SessionListener: contextDestroyed()
03-Jul-2023 09:39:20.622 情報 [localhost-startStop-2] org.apache.catalina.core.ApplicationContext.log ContextListener: contextDestroyed()
03-Jul-2023 09:39:22.377 情報 [localhost-startStop-1] org.apache.catalina.core.ApplicationContext.log ContextListener: contextInitialized()
03-Jul-2023 09:39:22.377 情報 [localhost-startStop-1] org.apache.catalina.core.ApplicationContext.log SessionListener: contextInitialized()
03-Jul-2023 09:40:54.958 情報 [localhost-startStop-2] org.apache.catalina.core.ApplicationContext.log SessionListener: contextDestroyed()
03-Jul-2023 09:40:54.958 情報 [localhost-startStop-2] org.apache.catalina.core.ApplicationContext.log ContextListener: contextDestroyed()
03-Jul-2023 09:40:58.496 情報 [localhost-startStop-1] org.apache.catalina.core.ApplicationContext.log ContextListener: contextInitialized()
03-Jul-2023 09:40:58.496 情報 [localhost-startStop-1] org.apache.catalina.core.ApplicationContext.log SessionListener: contextInitialized()
03-Jul-2023 10:03:57.052 情報 [localhost-startStop-2] org.apache.catalina.core.ApplicationContext.log SessionListener: contextDestroyed()
03-Jul-2023 10:03:57.052 情報 [localhost-startStop-2] org.apache.catalina.core.ApplicationContext.log ContextListener: contextDestroyed()
03-Jul-2023 10:03:58.989 情報 [localhost-startStop-1] org.apache.catalina.core.ApplicationContext.log ContextListener: contextInitialized()
03-Jul-2023 10:03:58.989 情報 [localhost-startStop-1] org.apache.catalina.core.ApplicationContext.log SessionListener: contextInitialized()
03-Jul-2023 10:58:19.244 情報 [localhost-startStop-2] org.apache.catalina.core.ApplicationContext.log SessionListener: contextDestroyed()
03-Jul-2023 10:58:19.244 情報 [localhost-startStop-2] org.apache.catalina.core.ApplicationContext.log ContextListener: contextDestroyed()
03-Jul-2023 10:58:26.374 情報 [localhost-startStop-1] org.apache.catalina.core.ApplicationContext.log ContextListener: contextInitialized()
03-Jul-2023 10:58:26.374 情報 [localhost-startStop-1] org.apache.catalina.core.ApplicationContext.log SessionListener: contextInitialized()
03-Jul-2023 11:09:13.361 情報 [localhost-startStop-2] org.apache.catalina.core.ApplicationContext.log SessionListener: contextDestroyed()
03-Jul-2023 11:09:13.361 情報 [localhost-startStop-2] org.apache.catalina.core.ApplicationContext.log ContextListener: contextDestroyed()
03-Jul-2023 11:09:15.329 情報 [localhost-startStop-1] org.apache.catalina.core.ApplicationContext.log ContextListener: contextInitialized()
03-Jul-2023 11:09:15.329 情報 [localhost-startStop-1] org.apache.catalina.core.ApplicationContext.log SessionListener: contextInitialized()
03-Jul-2023 11:21:40.130 情報 [localhost-startStop-2] org.apache.catalina.core.ApplicationContext.log SessionListener: contextDestroyed()
03-Jul-2023 11:21:40.130 情報 [localhost-startStop-2] org.apache.catalina.core.ApplicationContext.log ContextListener: contextDestroyed()
03-Jul-2023 11:21:42.444 情報 [localhost-startStop-1] org.apache.catalina.core.ApplicationContext.log ContextListener: contextInitialized()
03-Jul-2023 11:21:42.444 情報 [localhost-startStop-1] org.apache.catalina.core.ApplicationContext.log SessionListener: contextInitialized()
03-Jul-2023 11:55:26.986 情報 [localhost-startStop-2] org.apache.catalina.core.ApplicationContext.log SessionListener: contextDestroyed()
03-Jul-2023 11:55:26.986 情報 [localhost-startStop-2] org.apache.catalina.core.ApplicationContext.log ContextListener: contextDestroyed()
03-Jul-2023 11:55:29.924 情報 [localhost-startStop-1] org.apache.catalina.core.ApplicationContext.log ContextListener: contextInitialized()
03-Jul-2023 11:55:29.924 情報 [localhost-startStop-1] org.apache.catalina.core.ApplicationContext.log SessionListener: contextInitialized()
03-Jul-2023 12:05:58.507 情報 [localhost-startStop-2] org.apache.catalina.core.ApplicationContext.log SessionListener: contextDestroyed()
03-Jul-2023 12:05:58.507 情報 [localhost-startStop-2] org.apache.catalina.core.ApplicationContext.log ContextListener: contextDestroyed()
03-Jul-2023 12:06:00.973 情報 [localhost-startStop-1] org.apache.catalina.core.ApplicationContext.log ContextListener: contextInitialized()
03-Jul-2023 12:06:00.973 情報 [localhost-startStop-1] org.apache.catalina.core.ApplicationContext.log SessionListener: contextInitialized()
03-Jul-2023 12:06:13.460 重大 [http-nio-8080-exec-1] org.apache.catalina.core.StandardWrapperValve.invoke Servlet.service() for servlet [jsp] in context with path [/book] threw exception [JSPのクラスをコンパイルできません: 

JSPファイル: /chapter16/attribute2.jsp の中の6行目でエラーが発生しました
Type mismatch: cannot convert from String to List<Product>
3: 
4: <%@page import ="bean.Product, java.util.List" %>
5: 
6: <% List<Product> list =" (List<Product>)request.getAttribute("list"); %>
7:     
8: <% for (Product p : list) { %>
9:     <%=p.getId() %>:<%=p.getName() %>:<%=p.getPrice() %>


JSPファイル: /chapter16/attribute2.jsp の中の6行目でエラーが発生しました
Syntax error on token "list", ; expected
3: 
4: <%@page import ="bean.Product, java.util.List" %>
5: 
6: <% List<Product> list =" (List<Product>)request.getAttribute("list"); %>
7:     
8: <% for (Product p : list) { %>
9:     <%=p.getId() %>:<%=p.getName() %>:<%=p.getPrice() %>


JSPファイル: /chapter16/attribute2.jsp の中の6行目でエラーが発生しました
String literal is not properly closed by a double-quote
3: 
4: <%@page import ="bean.Product, java.util.List" %>
5: 
6: <% List<Product> list =" (List<Product>)request.getAttribute("list"); %>
7:     
8: <% for (Product p : list) { %>
9:     <%=p.getId() %>:<%=p.getName() %>:<%=p.getPrice() %>


JSPファイル: /chapter16/attribute2.jsp の中の6行目でエラーが発生しました
String literal is not properly closed by a double-quote
3: 
4: <%@page import ="bean.Product, java.util.List" %>
5: 
6: <% List<Product> list =" (List<Product>)request.getAttribute("list"); %>
7:     
8: <% for (Product p : list) { %>
9:     <%=p.getId() %>:<%=p.getName() %>:<%=p.getPrice() %>


Stacktrace:] with root cause
 org.apache.jasper.JasperException: JSPのクラスをコンパイルできません: 

JSPファイル: /chapter16/attribute2.jsp の中の6行目でエラーが発生しました
Type mismatch: cannot convert from String to List<Product>
3: 
4: <%@page import ="bean.Product, java.util.List" %>
5: 
6: <% List<Product> list =" (List<Product>)request.getAttribute("list"); %>
7:     
8: <% for (Product p : list) { %>
9:     <%=p.getId() %>:<%=p.getName() %>:<%=p.getPrice() %>


JSPファイル: /chapter16/attribute2.jsp の中の6行目でエラーが発生しました
Syntax error on token "list", ; expected
3: 
4: <%@page import ="bean.Product, java.util.List" %>
5: 
6: <% List<Product> list =" (List<Product>)request.getAttribute("list"); %>
7:     
8: <% for (Product p : list) { %>
9:     <%=p.getId() %>:<%=p.getName() %>:<%=p.getPrice() %>


JSPファイル: /chapter16/attribute2.jsp の中の6行目でエラーが発生しました
String literal is not properly closed by a double-quote
3: 
4: <%@page import ="bean.Product, java.util.List" %>
5: 
6: <% List<Product> list =" (List<Product>)request.getAttribute("list"); %>
7:     
8: <% for (Product p : list) { %>
9:     <%=p.getId() %>:<%=p.getName() %>:<%=p.getPrice() %>


JSPファイル: /chapter16/attribute2.jsp の中の6行目でエラーが発生しました
String literal is not properly closed by a double-quote
3: 
4: <%@page import ="bean.Product, java.util.List" %>
5: 
6: <% List<Product> list =" (List<Product>)request.getAttribute("list"); %>
7:     
8: <% for (Product p : list) { %>
9:     <%=p.getId() %>:<%=p.getName() %>:<%=p.getPrice() %>


Stacktrace:
	at org.apache.jasper.compiler.DefaultErrorHandler.javacError(DefaultErrorHandler.java:102)
	at org.apache.jasper.compiler.ErrorDispatcher.javacError(ErrorDispatcher.java:212)
	at org.apache.jasper.compiler.JDTCompiler.generateClass(JDTCompiler.java:457)
	at org.apache.jasper.compiler.Compiler.compile(Compiler.java:377)
	at org.apache.jasper.compiler.Compiler.compile(Compiler.java:349)
	at org.apache.jasper.compiler.Compiler.compile(Compiler.java:333)
	at org.apache.jasper.JspCompilationContext.compile(JspCompilationContext.java:600)
	at org.apache.jasper.servlet.JspServletWrapper.service(JspServletWrapper.java:368)
	at org.apache.jasper.servlet.JspServlet.serviceJspFile(JspServlet.java:385)
	at org.apache.jasper.servlet.JspServlet.service(JspServlet.java:329)
	at javax.servlet.http.HttpServlet.service(HttpServlet.java:729)
	at org.apache.catalina.core.ApplicationFilterChain.internalDoFilter(ApplicationFilterChain.java:230)
	at org.apache.catalina.core.ApplicationFilterChain.doFilter(ApplicationFilterChain.java:165)
	at org.apache.tomcat.websocket.server.WsFilter.doFilter(WsFilter.java:52)
	at org.apache.catalina.core.ApplicationFilterChain.internalDoFilter(ApplicationFilterChain.java:192)
	at org.apache.catalina.core.ApplicationFilterChain.doFilter(ApplicationFilterChain.java:165)
	at tool.EncodingFilter.doFilter(EncodingFilter.java:22)
	at org.apache.catalina.core.ApplicationFilterChain.internalDoFilter(ApplicationFilterChain.java:192)
	at org.apache.catalina.core.ApplicationFilterChain.doFilter(ApplicationFilterChain.java:165)
	at org.apache.catalina.core.StandardWrapperValve.invoke(StandardWrapperValve.java:198)
	at org.apache.catalina.core.StandardContextValve.invoke(StandardContextValve.java:96)
	at org.apache.catalina.authenticator.AuthenticatorBase.invoke(AuthenticatorBase.java:474)
	at org.apache.catalina.core.StandardHostValve.invoke(StandardHostValve.java:140)
	at org.apache.catalina.valves.ErrorReportValve.invoke(ErrorReportValve.java:79)
	at org.apache.catalina.valves.AbstractAccessLogValve.invoke(AbstractAccessLogValve.java:624)
	at org.apache.catalina.core.StandardEngineValve.invoke(StandardEngineValve.java:87)
	at org.apache.catalina.connector.CoyoteAdapter.service(CoyoteAdapter.java:349)
	at org.apache.coyote.http11.Http11Processor.service(Http11Processor.java:783)
	at org.apache.coyote.AbstractProcessorLight.process(AbstractProcessorLight.java:66)
	at org.apache.coyote.AbstractProtocol$ConnectionHandler.process(AbstractProtocol.java:798)
	at org.apache.tomcat.util.net.NioEndpoint$SocketProcessor.doRun(NioEndpoint.java:1434)
	at org.apache.tomcat.util.net.SocketProcessorBase.run(SocketProcessorBase.java:49)
	at java.util.concurrent.ThreadPoolExecutor.runWorker(ThreadPoolExecutor.java:1142)
	at java.util.concurrent.ThreadPoolExecutor$Worker.run(ThreadPoolExecutor.java:617)
	at org.apache.tomcat.util.threads.TaskThread$WrappingRunnable.run(TaskThread.java:61)
	at java.lang.Thread.run(Thread.java:745)

03-Jul-2023 12:07:19.528 重大 [http-nio-8080-exec-4] org.apache.catalina.core.ApplicationDispatcher.invoke サーブレット jsp のServlet.service()が例外を投げました
 org.apache.jasper.JasperException: JSPのクラスをコンパイルできません: 

JSPファイル: /chapter16/attribute2.jsp の中の6行目でエラーが発生しました
Type mismatch: cannot convert from String to List<Product>
3: 
4: <%@page import ="bean.Product, java.util.List" %>
5: 
6: <% List<Product> list =" (List<Product>)request.getAttribute("list"); %>
7:     
8: <% for (Product p : list) { %>
9:     <%=p.getId() %>:<%=p.getName() %>:<%=p.getPrice() %>


JSPファイル: /chapter16/attribute2.jsp の中の6行目でエラーが発生しました
Syntax error on token "list", ; expected
3: 
4: <%@page import ="bean.Product, java.util.List" %>
5: 
6: <% List<Product> list =" (List<Product>)request.getAttribute("list"); %>
7:     
8: <% for (Product p : list) { %>
9:     <%=p.getId() %>:<%=p.getName() %>:<%=p.getPrice() %>


JSPファイル: /chapter16/attribute2.jsp の中の6行目でエラーが発生しました
String literal is not properly closed by a double-quote
3: 
4: <%@page import ="bean.Product, java.util.List" %>
5: 
6: <% List<Product> list =" (List<Product>)request.getAttribute("list"); %>
7:     
8: <% for (Product p : list) { %>
9:     <%=p.getId() %>:<%=p.getName() %>:<%=p.getPrice() %>


JSPファイル: /chapter16/attribute2.jsp の中の6行目でエラーが発生しました
String literal is not properly closed by a double-quote
3: 
4: <%@page import ="bean.Product, java.util.List" %>
5: 
6: <% List<Product> list =" (List<Product>)request.getAttribute("list"); %>
7:     
8: <% for (Product p : list) { %>
9:     <%=p.getId() %>:<%=p.getName() %>:<%=p.getPrice() %>


Stacktrace:
	at org.apache.jasper.compiler.DefaultErrorHandler.javacError(DefaultErrorHandler.java:102)
	at org.apache.jasper.compiler.ErrorDispatcher.javacError(ErrorDispatcher.java:212)
	at org.apache.jasper.compiler.JDTCompiler.generateClass(JDTCompiler.java:457)
	at org.apache.jasper.compiler.Compiler.compile(Compiler.java:377)
	at org.apache.jasper.compiler.Compiler.compile(Compiler.java:349)
	at org.apache.jasper.compiler.Compiler.compile(Compiler.java:333)
	at org.apache.jasper.JspCompilationContext.compile(JspCompilationContext.java:600)
	at org.apache.jasper.servlet.JspServletWrapper.service(JspServletWrapper.java:368)
	at org.apache.jasper.servlet.JspServlet.serviceJspFile(JspServlet.java:385)
	at org.apache.jasper.servlet.JspServlet.service(JspServlet.java:329)
	at javax.servlet.http.HttpServlet.service(HttpServlet.java:729)
	at org.apache.catalina.core.ApplicationFilterChain.internalDoFilter(ApplicationFilterChain.java:230)
	at org.apache.catalina.core.ApplicationFilterChain.doFilter(ApplicationFilterChain.java:165)
	at org.apache.tomcat.websocket.server.WsFilter.doFilter(WsFilter.java:52)
	at org.apache.catalina.core.ApplicationFilterChain.internalDoFilter(ApplicationFilterChain.java:192)
	at org.apache.catalina.core.ApplicationFilterChain.doFilter(ApplicationFilterChain.java:165)
	at org.apache.catalina.core.ApplicationDispatcher.invoke(ApplicationDispatcher.java:726)
	at org.apache.catalina.core.ApplicationDispatcher.processRequest(ApplicationDispatcher.java:469)
	at org.apache.catalina.core.ApplicationDispatcher.doForward(ApplicationDispatcher.java:394)
	at org.apache.catalina.core.ApplicationDispatcher.forward(ApplicationDispatcher.java:311)
	at chapter16.Attribute2.doGet(Attribute2.java:24)
	at javax.servlet.http.HttpServlet.service(HttpServlet.java:622)
	at javax.servlet.http.HttpServlet.service(HttpServlet.java:729)
	at org.apache.catalina.core.ApplicationFilterChain.internalDoFilter(ApplicationFilterChain.java:230)
	at org.apache.catalina.core.ApplicationFilterChain.doFilter(ApplicationFilterChain.java:165)
	at org.apache.tomcat.websocket.server.WsFilter.doFilter(WsFilter.java:52)
	at org.apache.catalina.core.ApplicationFilterChain.internalDoFilter(ApplicationFilterChain.java:192)
	at org.apache.catalina.core.ApplicationFilterChain.doFilter(ApplicationFilterChain.java:165)
	at tool.EncodingFilter.doFilter(EncodingFilter.java:22)
	at org.apache.catalina.core.ApplicationFilterChain.internalDoFilter(ApplicationFilterChain.java:192)
	at org.apache.catalina.core.ApplicationFilterChain.doFilter(ApplicationFilterChain.java:165)
	at org.apache.catalina.core.StandardWrapperValve.invoke(StandardWrapperValve.java:198)
	at org.apache.catalina.core.StandardContextValve.invoke(StandardContextValve.java:96)
	at org.apache.catalina.authenticator.AuthenticatorBase.invoke(AuthenticatorBase.java:474)
	at org.apache.catalina.core.StandardHostValve.invoke(StandardHostValve.java:140)
	at org.apache.catalina.valves.ErrorReportValve.invoke(ErrorReportValve.java:79)
	at org.apache.catalina.valves.AbstractAccessLogValve.invoke(AbstractAccessLogValve.java:624)
	at org.apache.catalina.core.StandardEngineValve.invoke(StandardEngineValve.java:87)
	at org.apache.catalina.connector.CoyoteAdapter.service(CoyoteAdapter.java:349)
	at org.apache.coyote.http11.Http11Processor.service(Http11Processor.java:783)
	at org.apache.coyote.AbstractProcessorLight.process(AbstractProcessorLight.java:66)
	at org.apache.coyote.AbstractProtocol$ConnectionHandler.process(AbstractProtocol.java:798)
	at org.apache.tomcat.util.net.NioEndpoint$SocketProcessor.doRun(NioEndpoint.java:1434)
	at org.apache.tomcat.util.net.SocketProcessorBase.run(SocketProcessorBase.java:49)
	at java.util.concurrent.ThreadPoolExecutor.runWorker(ThreadPoolExecutor.java:1142)
	at java.util.concurrent.ThreadPoolExecutor$Worker.run(ThreadPoolExecutor.java:617)
	at org.apache.tomcat.util.threads.TaskThread$WrappingRunnable.run(TaskThread.java:61)
	at java.lang.Thread.run(Thread.java:745)

03-Jul-2023 12:14:34.788 情報 [localhost-startStop-2] org.apache.catalina.core.ApplicationContext.log SessionListener: contextDestroyed()
03-Jul-2023 12:14:34.788 情報 [localhost-startStop-2] org.apache.catalina.core.ApplicationContext.log ContextListener: contextDestroyed()
03-Jul-2023 12:14:37.044 情報 [localhost-startStop-1] org.apache.catalina.core.ApplicationContext.log ContextListener: contextInitialized()
03-Jul-2023 12:14:37.044 情報 [localhost-startStop-1] org.apache.catalina.core.ApplicationContext.log SessionListener: contextInitialized()
03-Jul-2023 12:27:37.627 情報 [localhost-startStop-2] org.apache.catalina.core.ApplicationContext.log SessionListener: contextDestroyed()
03-Jul-2023 12:27:37.627 情報 [localhost-startStop-2] org.apache.catalina.core.ApplicationContext.log ContextListener: contextDestroyed()
